ARM GAS  /tmp/ccU7X7jx.s 			page 1


   1              		.cpu cortex-m0plus
   2              		.eabi_attribute 20, 1
   3              		.eabi_attribute 21, 1
   4              		.eabi_attribute 23, 3
   5              		.eabi_attribute 24, 1
   6              		.eabi_attribute 25, 1
   7              		.eabi_attribute 26, 1
   8              		.eabi_attribute 30, 1
   9              		.eabi_attribute 34, 0
  10              		.eabi_attribute 18, 4
  11              		.file	"stm32g0xx_hal_pwr.c"
  12              		.text
  13              	.Ltext0:
  14              		.cfi_sections	.debug_frame
  15              		.section	.text.HAL_PWR_DeInit,"ax",%progbits
  16              		.align	1
  17              		.global	HAL_PWR_DeInit
  18              		.arch armv6s-m
  19              		.syntax unified
  20              		.code	16
  21              		.thumb_func
  22              		.fpu softvfp
  24              	HAL_PWR_DeInit:
  25              	.LFB158:
  26              		.file 1 "Drivers/STM32G0xx_HAL_Driver/Src/stm32g0xx_hal_pwr.c"
   1:Drivers/STM32G0xx_HAL_Driver/Src/stm32g0xx_hal_pwr.c **** /**
   2:Drivers/STM32G0xx_HAL_Driver/Src/stm32g0xx_hal_pwr.c ****   ******************************************************************************
   3:Drivers/STM32G0xx_HAL_Driver/Src/stm32g0xx_hal_pwr.c ****   * @file    stm32g0xx_hal_pwr.c
   4:Drivers/STM32G0xx_HAL_Driver/Src/stm32g0xx_hal_pwr.c ****   * @author  MCD Application Team
   5:Drivers/STM32G0xx_HAL_Driver/Src/stm32g0xx_hal_pwr.c ****   * @brief   PWR HAL module driver.
   6:Drivers/STM32G0xx_HAL_Driver/Src/stm32g0xx_hal_pwr.c ****   *          This file provides firmware functions to manage the following
   7:Drivers/STM32G0xx_HAL_Driver/Src/stm32g0xx_hal_pwr.c ****   *          functionalities of the Power Controller (PWR) peripheral:
   8:Drivers/STM32G0xx_HAL_Driver/Src/stm32g0xx_hal_pwr.c ****   *           + Initialization/de-initialization functions
   9:Drivers/STM32G0xx_HAL_Driver/Src/stm32g0xx_hal_pwr.c ****   *           + Peripheral Control functions
  10:Drivers/STM32G0xx_HAL_Driver/Src/stm32g0xx_hal_pwr.c ****   *
  11:Drivers/STM32G0xx_HAL_Driver/Src/stm32g0xx_hal_pwr.c ****   ******************************************************************************
  12:Drivers/STM32G0xx_HAL_Driver/Src/stm32g0xx_hal_pwr.c ****   * @attention
  13:Drivers/STM32G0xx_HAL_Driver/Src/stm32g0xx_hal_pwr.c ****   *
  14:Drivers/STM32G0xx_HAL_Driver/Src/stm32g0xx_hal_pwr.c ****   * <h2><center>&copy; Copyright (c) 2018 STMicroelectronics. 
  15:Drivers/STM32G0xx_HAL_Driver/Src/stm32g0xx_hal_pwr.c ****   * All rights reserved.</center></h2>
  16:Drivers/STM32G0xx_HAL_Driver/Src/stm32g0xx_hal_pwr.c ****   *
  17:Drivers/STM32G0xx_HAL_Driver/Src/stm32g0xx_hal_pwr.c ****   * This software component is licensed by ST under BSD 3-Clause license,
  18:Drivers/STM32G0xx_HAL_Driver/Src/stm32g0xx_hal_pwr.c ****   * the "License"; You may not use this file except in compliance with the 
  19:Drivers/STM32G0xx_HAL_Driver/Src/stm32g0xx_hal_pwr.c ****   * License. You may obtain a copy of the License at:
  20:Drivers/STM32G0xx_HAL_Driver/Src/stm32g0xx_hal_pwr.c ****   *                        opensource.org/licenses/BSD-3-Clause
  21:Drivers/STM32G0xx_HAL_Driver/Src/stm32g0xx_hal_pwr.c ****   *
  22:Drivers/STM32G0xx_HAL_Driver/Src/stm32g0xx_hal_pwr.c ****   ******************************************************************************
  23:Drivers/STM32G0xx_HAL_Driver/Src/stm32g0xx_hal_pwr.c ****   */
  24:Drivers/STM32G0xx_HAL_Driver/Src/stm32g0xx_hal_pwr.c **** 
  25:Drivers/STM32G0xx_HAL_Driver/Src/stm32g0xx_hal_pwr.c **** /* Includes ------------------------------------------------------------------*/
  26:Drivers/STM32G0xx_HAL_Driver/Src/stm32g0xx_hal_pwr.c **** #include "stm32g0xx_hal.h"
  27:Drivers/STM32G0xx_HAL_Driver/Src/stm32g0xx_hal_pwr.c **** 
  28:Drivers/STM32G0xx_HAL_Driver/Src/stm32g0xx_hal_pwr.c **** /** @addtogroup STM32G0xx_HAL_Driver
  29:Drivers/STM32G0xx_HAL_Driver/Src/stm32g0xx_hal_pwr.c ****   * @{
  30:Drivers/STM32G0xx_HAL_Driver/Src/stm32g0xx_hal_pwr.c ****   */
  31:Drivers/STM32G0xx_HAL_Driver/Src/stm32g0xx_hal_pwr.c **** 
  32:Drivers/STM32G0xx_HAL_Driver/Src/stm32g0xx_hal_pwr.c **** /** @addtogroup PWR
ARM GAS  /tmp/ccU7X7jx.s 			page 2


  33:Drivers/STM32G0xx_HAL_Driver/Src/stm32g0xx_hal_pwr.c ****   * @{
  34:Drivers/STM32G0xx_HAL_Driver/Src/stm32g0xx_hal_pwr.c ****   */
  35:Drivers/STM32G0xx_HAL_Driver/Src/stm32g0xx_hal_pwr.c **** 
  36:Drivers/STM32G0xx_HAL_Driver/Src/stm32g0xx_hal_pwr.c **** #ifdef HAL_PWR_MODULE_ENABLED
  37:Drivers/STM32G0xx_HAL_Driver/Src/stm32g0xx_hal_pwr.c **** 
  38:Drivers/STM32G0xx_HAL_Driver/Src/stm32g0xx_hal_pwr.c **** /* Private typedef -----------------------------------------------------------*/
  39:Drivers/STM32G0xx_HAL_Driver/Src/stm32g0xx_hal_pwr.c **** /* Private define ------------------------------------------------------------*/
  40:Drivers/STM32G0xx_HAL_Driver/Src/stm32g0xx_hal_pwr.c **** /** @defgroup PWR_Private_Defines PWR Private Defines
  41:Drivers/STM32G0xx_HAL_Driver/Src/stm32g0xx_hal_pwr.c ****   * @{
  42:Drivers/STM32G0xx_HAL_Driver/Src/stm32g0xx_hal_pwr.c ****   */
  43:Drivers/STM32G0xx_HAL_Driver/Src/stm32g0xx_hal_pwr.c **** 
  44:Drivers/STM32G0xx_HAL_Driver/Src/stm32g0xx_hal_pwr.c **** #if defined(PWR_PVD_SUPPORT)
  45:Drivers/STM32G0xx_HAL_Driver/Src/stm32g0xx_hal_pwr.c **** /** @defgroup PWR_PVD_Mode_Mask PWR PVD Mode Mask
  46:Drivers/STM32G0xx_HAL_Driver/Src/stm32g0xx_hal_pwr.c ****   * @{
  47:Drivers/STM32G0xx_HAL_Driver/Src/stm32g0xx_hal_pwr.c ****   */
  48:Drivers/STM32G0xx_HAL_Driver/Src/stm32g0xx_hal_pwr.c **** #define PVD_MODE_IT           0x00010000U  /*!< Mask for interruption yielded
  49:Drivers/STM32G0xx_HAL_Driver/Src/stm32g0xx_hal_pwr.c ****                                                 by PVD threshold crossing     */
  50:Drivers/STM32G0xx_HAL_Driver/Src/stm32g0xx_hal_pwr.c **** #define PVD_MODE_EVT          0x00020000U  /*!< Mask for event yielded
  51:Drivers/STM32G0xx_HAL_Driver/Src/stm32g0xx_hal_pwr.c ****                                                 by PVD threshold crossing     */
  52:Drivers/STM32G0xx_HAL_Driver/Src/stm32g0xx_hal_pwr.c **** #define PVD_RISING_EDGE       0x00000001U  /*!< Mask for rising edge set as
  53:Drivers/STM32G0xx_HAL_Driver/Src/stm32g0xx_hal_pwr.c ****                                                 PVD trigger                   */
  54:Drivers/STM32G0xx_HAL_Driver/Src/stm32g0xx_hal_pwr.c **** #define PVD_FALLING_EDGE      0x00000002U  /*!< Mask for falling edge set as
  55:Drivers/STM32G0xx_HAL_Driver/Src/stm32g0xx_hal_pwr.c ****                                                 PVD trigger                   */
  56:Drivers/STM32G0xx_HAL_Driver/Src/stm32g0xx_hal_pwr.c **** /**
  57:Drivers/STM32G0xx_HAL_Driver/Src/stm32g0xx_hal_pwr.c ****   * @}
  58:Drivers/STM32G0xx_HAL_Driver/Src/stm32g0xx_hal_pwr.c ****   */
  59:Drivers/STM32G0xx_HAL_Driver/Src/stm32g0xx_hal_pwr.c **** #endif
  60:Drivers/STM32G0xx_HAL_Driver/Src/stm32g0xx_hal_pwr.c **** 
  61:Drivers/STM32G0xx_HAL_Driver/Src/stm32g0xx_hal_pwr.c **** /**
  62:Drivers/STM32G0xx_HAL_Driver/Src/stm32g0xx_hal_pwr.c ****   * @}
  63:Drivers/STM32G0xx_HAL_Driver/Src/stm32g0xx_hal_pwr.c ****   */
  64:Drivers/STM32G0xx_HAL_Driver/Src/stm32g0xx_hal_pwr.c **** 
  65:Drivers/STM32G0xx_HAL_Driver/Src/stm32g0xx_hal_pwr.c **** /* Private macro -------------------------------------------------------------*/
  66:Drivers/STM32G0xx_HAL_Driver/Src/stm32g0xx_hal_pwr.c **** /* Private variables ---------------------------------------------------------*/
  67:Drivers/STM32G0xx_HAL_Driver/Src/stm32g0xx_hal_pwr.c **** /* Private function prototypes -----------------------------------------------*/
  68:Drivers/STM32G0xx_HAL_Driver/Src/stm32g0xx_hal_pwr.c **** /* Exported functions --------------------------------------------------------*/
  69:Drivers/STM32G0xx_HAL_Driver/Src/stm32g0xx_hal_pwr.c **** /** @addtogroup PWR_Exported_Functions  PWR Exported Functions
  70:Drivers/STM32G0xx_HAL_Driver/Src/stm32g0xx_hal_pwr.c ****   * @{
  71:Drivers/STM32G0xx_HAL_Driver/Src/stm32g0xx_hal_pwr.c ****   */
  72:Drivers/STM32G0xx_HAL_Driver/Src/stm32g0xx_hal_pwr.c **** 
  73:Drivers/STM32G0xx_HAL_Driver/Src/stm32g0xx_hal_pwr.c **** /** @addtogroup PWR_Exported_Functions_Group1  Initialization and de-initialization functions
  74:Drivers/STM32G0xx_HAL_Driver/Src/stm32g0xx_hal_pwr.c ****   * @brief  Initialization and de-initialization functions
  75:Drivers/STM32G0xx_HAL_Driver/Src/stm32g0xx_hal_pwr.c ****   *
  76:Drivers/STM32G0xx_HAL_Driver/Src/stm32g0xx_hal_pwr.c **** @verbatim
  77:Drivers/STM32G0xx_HAL_Driver/Src/stm32g0xx_hal_pwr.c ****  ===============================================================================
  78:Drivers/STM32G0xx_HAL_Driver/Src/stm32g0xx_hal_pwr.c ****               ##### Initialization and de-initialization functions #####
  79:Drivers/STM32G0xx_HAL_Driver/Src/stm32g0xx_hal_pwr.c ****  ===============================================================================
  80:Drivers/STM32G0xx_HAL_Driver/Src/stm32g0xx_hal_pwr.c ****     [..]
  81:Drivers/STM32G0xx_HAL_Driver/Src/stm32g0xx_hal_pwr.c **** 
  82:Drivers/STM32G0xx_HAL_Driver/Src/stm32g0xx_hal_pwr.c **** @endverbatim
  83:Drivers/STM32G0xx_HAL_Driver/Src/stm32g0xx_hal_pwr.c ****   * @{
  84:Drivers/STM32G0xx_HAL_Driver/Src/stm32g0xx_hal_pwr.c ****   */
  85:Drivers/STM32G0xx_HAL_Driver/Src/stm32g0xx_hal_pwr.c **** 
  86:Drivers/STM32G0xx_HAL_Driver/Src/stm32g0xx_hal_pwr.c **** /**
  87:Drivers/STM32G0xx_HAL_Driver/Src/stm32g0xx_hal_pwr.c ****   * @brief  Deinitialize the HAL PWR peripheral registers to their default reset
  88:Drivers/STM32G0xx_HAL_Driver/Src/stm32g0xx_hal_pwr.c ****             values.
  89:Drivers/STM32G0xx_HAL_Driver/Src/stm32g0xx_hal_pwr.c ****   * @retval None
ARM GAS  /tmp/ccU7X7jx.s 			page 3


  90:Drivers/STM32G0xx_HAL_Driver/Src/stm32g0xx_hal_pwr.c ****   */
  91:Drivers/STM32G0xx_HAL_Driver/Src/stm32g0xx_hal_pwr.c **** void HAL_PWR_DeInit(void)
  92:Drivers/STM32G0xx_HAL_Driver/Src/stm32g0xx_hal_pwr.c **** {
  27              		.loc 1 92 1 view -0
  28              		.cfi_startproc
  29              		@ args = 0, pretend = 0, frame = 0
  30              		@ frame_needed = 0, uses_anonymous_args = 0
  31              		@ link register save eliminated.
  93:Drivers/STM32G0xx_HAL_Driver/Src/stm32g0xx_hal_pwr.c ****   __HAL_RCC_PWR_FORCE_RESET();
  32              		.loc 1 93 3 view .LVU1
  33 0000 054B     		ldr	r3, .L2
  34 0002 D96A     		ldr	r1, [r3, #44]
  35 0004 8022     		movs	r2, #128
  36 0006 5205     		lsls	r2, r2, #21
  37 0008 0A43     		orrs	r2, r1
  38 000a DA62     		str	r2, [r3, #44]
  94:Drivers/STM32G0xx_HAL_Driver/Src/stm32g0xx_hal_pwr.c ****   __HAL_RCC_PWR_RELEASE_RESET();
  39              		.loc 1 94 3 view .LVU2
  40 000c DA6A     		ldr	r2, [r3, #44]
  41 000e 0349     		ldr	r1, .L2+4
  42 0010 0A40     		ands	r2, r1
  43 0012 DA62     		str	r2, [r3, #44]
  95:Drivers/STM32G0xx_HAL_Driver/Src/stm32g0xx_hal_pwr.c **** }
  44              		.loc 1 95 1 is_stmt 0 view .LVU3
  45              		@ sp needed
  46 0014 7047     		bx	lr
  47              	.L3:
  48 0016 C046     		.align	2
  49              	.L2:
  50 0018 00100240 		.word	1073876992
  51 001c FFFFFFEF 		.word	-268435457
  52              		.cfi_endproc
  53              	.LFE158:
  55              		.section	.text.HAL_PWR_EnableBkUpAccess,"ax",%progbits
  56              		.align	1
  57              		.global	HAL_PWR_EnableBkUpAccess
  58              		.syntax unified
  59              		.code	16
  60              		.thumb_func
  61              		.fpu softvfp
  63              	HAL_PWR_EnableBkUpAccess:
  64              	.LFB159:
  96:Drivers/STM32G0xx_HAL_Driver/Src/stm32g0xx_hal_pwr.c **** 
  97:Drivers/STM32G0xx_HAL_Driver/Src/stm32g0xx_hal_pwr.c **** /**
  98:Drivers/STM32G0xx_HAL_Driver/Src/stm32g0xx_hal_pwr.c ****   * @}
  99:Drivers/STM32G0xx_HAL_Driver/Src/stm32g0xx_hal_pwr.c ****   */
 100:Drivers/STM32G0xx_HAL_Driver/Src/stm32g0xx_hal_pwr.c **** 
 101:Drivers/STM32G0xx_HAL_Driver/Src/stm32g0xx_hal_pwr.c **** /** @addtogroup PWR_Exported_Functions_Group2  Peripheral Control functions
 102:Drivers/STM32G0xx_HAL_Driver/Src/stm32g0xx_hal_pwr.c ****   *  @brief Low Power modes configuration functions
 103:Drivers/STM32G0xx_HAL_Driver/Src/stm32g0xx_hal_pwr.c ****   *
 104:Drivers/STM32G0xx_HAL_Driver/Src/stm32g0xx_hal_pwr.c **** @verbatim
 105:Drivers/STM32G0xx_HAL_Driver/Src/stm32g0xx_hal_pwr.c **** 
 106:Drivers/STM32G0xx_HAL_Driver/Src/stm32g0xx_hal_pwr.c ****  ===============================================================================
 107:Drivers/STM32G0xx_HAL_Driver/Src/stm32g0xx_hal_pwr.c ****                  ##### Peripheral Control functions #####
 108:Drivers/STM32G0xx_HAL_Driver/Src/stm32g0xx_hal_pwr.c ****  ===============================================================================
 109:Drivers/STM32G0xx_HAL_Driver/Src/stm32g0xx_hal_pwr.c **** 
 110:Drivers/STM32G0xx_HAL_Driver/Src/stm32g0xx_hal_pwr.c ****     [..]
ARM GAS  /tmp/ccU7X7jx.s 			page 4


 111:Drivers/STM32G0xx_HAL_Driver/Src/stm32g0xx_hal_pwr.c ****      *** PVD configuration ***
 112:Drivers/STM32G0xx_HAL_Driver/Src/stm32g0xx_hal_pwr.c ****     =========================
 113:Drivers/STM32G0xx_HAL_Driver/Src/stm32g0xx_hal_pwr.c ****     [..]
 114:Drivers/STM32G0xx_HAL_Driver/Src/stm32g0xx_hal_pwr.c ****       (+) The PVD is used to monitor the VDD power supply by comparing it to a
 115:Drivers/STM32G0xx_HAL_Driver/Src/stm32g0xx_hal_pwr.c ****           threshold selected by the PVD Level (PVDRT[2:0] & PVDFT[2:0] bits in
 116:Drivers/STM32G0xx_HAL_Driver/Src/stm32g0xx_hal_pwr.c ****           PWR CR2 register).
 117:Drivers/STM32G0xx_HAL_Driver/Src/stm32g0xx_hal_pwr.c ****       (+) PVDO flag is available to indicate if VDD/VDDA is higher or lower
 118:Drivers/STM32G0xx_HAL_Driver/Src/stm32g0xx_hal_pwr.c ****           than the PVD threshold. This event is internally connected to the EXTI
 119:Drivers/STM32G0xx_HAL_Driver/Src/stm32g0xx_hal_pwr.c ****           line 16 and can generate an interrupt if enabled.
 120:Drivers/STM32G0xx_HAL_Driver/Src/stm32g0xx_hal_pwr.c ****       (+) The PVD is stopped in Standby & Shutdown mode.
 121:Drivers/STM32G0xx_HAL_Driver/Src/stm32g0xx_hal_pwr.c **** 
 122:Drivers/STM32G0xx_HAL_Driver/Src/stm32g0xx_hal_pwr.c ****     *** WakeUp pin configuration ***
 123:Drivers/STM32G0xx_HAL_Driver/Src/stm32g0xx_hal_pwr.c ****     ================================
 124:Drivers/STM32G0xx_HAL_Driver/Src/stm32g0xx_hal_pwr.c ****     [..]
 125:Drivers/STM32G0xx_HAL_Driver/Src/stm32g0xx_hal_pwr.c ****       (+) WakeUp pins are used to wakeup the system from Standby mode or
 126:Drivers/STM32G0xx_HAL_Driver/Src/stm32g0xx_hal_pwr.c ****           Shutdown mode. WakeUp pins polarity can be set to configure event
 127:Drivers/STM32G0xx_HAL_Driver/Src/stm32g0xx_hal_pwr.c ****           detection on high level (rising edge) or low level (falling edge).
 128:Drivers/STM32G0xx_HAL_Driver/Src/stm32g0xx_hal_pwr.c **** 
 129:Drivers/STM32G0xx_HAL_Driver/Src/stm32g0xx_hal_pwr.c ****     *** Low Power mode configuration ***
 130:Drivers/STM32G0xx_HAL_Driver/Src/stm32g0xx_hal_pwr.c ****     =====================================
 131:Drivers/STM32G0xx_HAL_Driver/Src/stm32g0xx_hal_pwr.c ****     [..]
 132:Drivers/STM32G0xx_HAL_Driver/Src/stm32g0xx_hal_pwr.c ****       The devices feature 7 low-power modes:
 133:Drivers/STM32G0xx_HAL_Driver/Src/stm32g0xx_hal_pwr.c ****       (+) Low-power run mode: core and peripherals are running at low frequency.
 134:Drivers/STM32G0xx_HAL_Driver/Src/stm32g0xx_hal_pwr.c ****           Regulator is in low power mode.
 135:Drivers/STM32G0xx_HAL_Driver/Src/stm32g0xx_hal_pwr.c ****       (+) Sleep mode: Cortex-M0+ core stopped, peripherals kept running,
 136:Drivers/STM32G0xx_HAL_Driver/Src/stm32g0xx_hal_pwr.c ****           regulator is main mode.
 137:Drivers/STM32G0xx_HAL_Driver/Src/stm32g0xx_hal_pwr.c ****       (+) Low-power Sleep mode: Cortex-M0+ core stopped, peripherals kept running
 138:Drivers/STM32G0xx_HAL_Driver/Src/stm32g0xx_hal_pwr.c ****           and regulator in low power mode.
 139:Drivers/STM32G0xx_HAL_Driver/Src/stm32g0xx_hal_pwr.c ****       (+) Stop 0 mode: all clocks are stopped except LSI and LSE, regulator is
 140:Drivers/STM32G0xx_HAL_Driver/Src/stm32g0xx_hal_pwr.c ****            main mode.
 141:Drivers/STM32G0xx_HAL_Driver/Src/stm32g0xx_hal_pwr.c ****       (+) Stop 1 mode: all clocks are stopped except LSI and LSE, main regulator
 142:Drivers/STM32G0xx_HAL_Driver/Src/stm32g0xx_hal_pwr.c ****           off, low power regulator on.
 143:Drivers/STM32G0xx_HAL_Driver/Src/stm32g0xx_hal_pwr.c ****       (+) Standby mode: all clocks are stopped except LSI and LSE, regulator is
 144:Drivers/STM32G0xx_HAL_Driver/Src/stm32g0xx_hal_pwr.c ****           disable.
 145:Drivers/STM32G0xx_HAL_Driver/Src/stm32g0xx_hal_pwr.c ****       (+) Shutdown mode: all clocks are stopped except LSE, regulator is
 146:Drivers/STM32G0xx_HAL_Driver/Src/stm32g0xx_hal_pwr.c ****           disable.
 147:Drivers/STM32G0xx_HAL_Driver/Src/stm32g0xx_hal_pwr.c **** 
 148:Drivers/STM32G0xx_HAL_Driver/Src/stm32g0xx_hal_pwr.c ****    *** Low-power run mode ***
 149:Drivers/STM32G0xx_HAL_Driver/Src/stm32g0xx_hal_pwr.c ****    ==========================
 150:Drivers/STM32G0xx_HAL_Driver/Src/stm32g0xx_hal_pwr.c ****     [..]
 151:Drivers/STM32G0xx_HAL_Driver/Src/stm32g0xx_hal_pwr.c ****       (+) Entry: (from main run mode)
 152:Drivers/STM32G0xx_HAL_Driver/Src/stm32g0xx_hal_pwr.c ****           (++) set LPR bit with HAL_PWREx_EnableLowPowerRunMode() API after
 153:Drivers/STM32G0xx_HAL_Driver/Src/stm32g0xx_hal_pwr.c ****                having decreased the system clock below 2 MHz.
 154:Drivers/STM32G0xx_HAL_Driver/Src/stm32g0xx_hal_pwr.c ****       (+) Exit:
 155:Drivers/STM32G0xx_HAL_Driver/Src/stm32g0xx_hal_pwr.c ****           (++) clear LPR bit then wait for REGLPF bit to be reset with
 156:Drivers/STM32G0xx_HAL_Driver/Src/stm32g0xx_hal_pwr.c ****                HAL_PWREx_DisableLowPowerRunMode() API. Only then can the
 157:Drivers/STM32G0xx_HAL_Driver/Src/stm32g0xx_hal_pwr.c ****                system clock frequency be increased above 2 MHz.
 158:Drivers/STM32G0xx_HAL_Driver/Src/stm32g0xx_hal_pwr.c **** 
 159:Drivers/STM32G0xx_HAL_Driver/Src/stm32g0xx_hal_pwr.c ****    *** Sleep mode / Low-power sleep mode ***
 160:Drivers/STM32G0xx_HAL_Driver/Src/stm32g0xx_hal_pwr.c ****    =========================================
 161:Drivers/STM32G0xx_HAL_Driver/Src/stm32g0xx_hal_pwr.c ****     [..]
 162:Drivers/STM32G0xx_HAL_Driver/Src/stm32g0xx_hal_pwr.c ****       (+) Entry:
 163:Drivers/STM32G0xx_HAL_Driver/Src/stm32g0xx_hal_pwr.c ****           The Sleep & Low-power Sleep modes are entered through
 164:Drivers/STM32G0xx_HAL_Driver/Src/stm32g0xx_hal_pwr.c ****           HAL_PWR_EnterSLEEPMode() API specifying whether or not the regulator
 165:Drivers/STM32G0xx_HAL_Driver/Src/stm32g0xx_hal_pwr.c ****           is forced to low-power mode and if exit is interrupt or event
 166:Drivers/STM32G0xx_HAL_Driver/Src/stm32g0xx_hal_pwr.c ****           triggered.
 167:Drivers/STM32G0xx_HAL_Driver/Src/stm32g0xx_hal_pwr.c ****           (++) PWR_MAINREGULATOR_ON: Sleep mode (regulator in main mode).
ARM GAS  /tmp/ccU7X7jx.s 			page 5


 168:Drivers/STM32G0xx_HAL_Driver/Src/stm32g0xx_hal_pwr.c ****           (++) PWR_LOWPOWERREGULATOR_ON: Low-power Sleep mode (regulator in low
 169:Drivers/STM32G0xx_HAL_Driver/Src/stm32g0xx_hal_pwr.c ****                power mode). In this case, the system clock frequency must have
 170:Drivers/STM32G0xx_HAL_Driver/Src/stm32g0xx_hal_pwr.c ****                been decreased below 2 MHz beforehand.
 171:Drivers/STM32G0xx_HAL_Driver/Src/stm32g0xx_hal_pwr.c ****           (++) PWR_SLEEPENTRY_WFI: Core enters sleep mode with WFI instruction
 172:Drivers/STM32G0xx_HAL_Driver/Src/stm32g0xx_hal_pwr.c ****           (++) PWR_SLEEPENTRY_WFE: Core enters sleep mode with WFE instruction
 173:Drivers/STM32G0xx_HAL_Driver/Src/stm32g0xx_hal_pwr.c ****       (+) WFI Exit:
 174:Drivers/STM32G0xx_HAL_Driver/Src/stm32g0xx_hal_pwr.c ****         (++) Any interrupt enabled in nested vectored interrupt controller (NVIC)
 175:Drivers/STM32G0xx_HAL_Driver/Src/stm32g0xx_hal_pwr.c ****       (+) WFE Exit:
 176:Drivers/STM32G0xx_HAL_Driver/Src/stm32g0xx_hal_pwr.c ****         (++) Any wakeup event if cortex is configured with SEVONPEND = 0
 177:Drivers/STM32G0xx_HAL_Driver/Src/stm32g0xx_hal_pwr.c ****         (++) Interrupt even when disabled in NVIC if cortex is configured with
 178:Drivers/STM32G0xx_HAL_Driver/Src/stm32g0xx_hal_pwr.c ****              SEVONPEND = 1
 179:Drivers/STM32G0xx_HAL_Driver/Src/stm32g0xx_hal_pwr.c ****     [..]  When exiting the Low-power Sleep mode by issuing an interrupt or a wakeup event,
 180:Drivers/STM32G0xx_HAL_Driver/Src/stm32g0xx_hal_pwr.c ****           the MCU is in Low-power Run mode.
 181:Drivers/STM32G0xx_HAL_Driver/Src/stm32g0xx_hal_pwr.c **** 
 182:Drivers/STM32G0xx_HAL_Driver/Src/stm32g0xx_hal_pwr.c ****    *** Stop 0 & Stop 1 modes ***
 183:Drivers/STM32G0xx_HAL_Driver/Src/stm32g0xx_hal_pwr.c ****    =============================
 184:Drivers/STM32G0xx_HAL_Driver/Src/stm32g0xx_hal_pwr.c ****     [..]
 185:Drivers/STM32G0xx_HAL_Driver/Src/stm32g0xx_hal_pwr.c ****       (+) Entry:
 186:Drivers/STM32G0xx_HAL_Driver/Src/stm32g0xx_hal_pwr.c ****           The Stop modes are entered through the following APIs:
 187:Drivers/STM32G0xx_HAL_Driver/Src/stm32g0xx_hal_pwr.c ****           (++) HAL_PWR_EnterSTOPMode() with following settings:
 188:Drivers/STM32G0xx_HAL_Driver/Src/stm32g0xx_hal_pwr.c ****               (+++) PWR_MAINREGULATOR_ON to enter STOP0 mode.
 189:Drivers/STM32G0xx_HAL_Driver/Src/stm32g0xx_hal_pwr.c ****               (+++) PWR_LOWPOWERREGULATOR_ON to enter STOP1 mode.
 190:Drivers/STM32G0xx_HAL_Driver/Src/stm32g0xx_hal_pwr.c ****       (+) Exit (interrupt or event-triggered, specified when entering STOP mode):
 191:Drivers/STM32G0xx_HAL_Driver/Src/stm32g0xx_hal_pwr.c ****           (++) PWR_STOPENTRY_WFI: enter Stop mode with WFI instruction
 192:Drivers/STM32G0xx_HAL_Driver/Src/stm32g0xx_hal_pwr.c ****           (++) PWR_STOPENTRY_WFE: enter Stop mode with WFE instruction
 193:Drivers/STM32G0xx_HAL_Driver/Src/stm32g0xx_hal_pwr.c ****       (+) WFI Exit:
 194:Drivers/STM32G0xx_HAL_Driver/Src/stm32g0xx_hal_pwr.c ****           (++) Any EXTI line (internal or external) configured in interrupt mode
 195:Drivers/STM32G0xx_HAL_Driver/Src/stm32g0xx_hal_pwr.c ****                with corresponding interrupt enable in NVIC
 196:Drivers/STM32G0xx_HAL_Driver/Src/stm32g0xx_hal_pwr.c ****       (+) WFE Exit:
 197:Drivers/STM32G0xx_HAL_Driver/Src/stm32g0xx_hal_pwr.c ****           (++) Any EXTI line (internal or external) configured in event mode if
 198:Drivers/STM32G0xx_HAL_Driver/Src/stm32g0xx_hal_pwr.c ****                cortex is configured with SEVONPEND = 0
 199:Drivers/STM32G0xx_HAL_Driver/Src/stm32g0xx_hal_pwr.c ****           (++) Any EXTI line configured in interrupt mode (even if the
 200:Drivers/STM32G0xx_HAL_Driver/Src/stm32g0xx_hal_pwr.c ****                corresponding EXTI Interrupt vector is disabled in the NVIC) if
 201:Drivers/STM32G0xx_HAL_Driver/Src/stm32g0xx_hal_pwr.c ****                cortex is configured with SEVONPEND = 0. The interrupt source can
 202:Drivers/STM32G0xx_HAL_Driver/Src/stm32g0xx_hal_pwr.c ****                be external interrupts or peripherals with wakeup capability.
 203:Drivers/STM32G0xx_HAL_Driver/Src/stm32g0xx_hal_pwr.c ****     [..]  When exiting Stop, the MCU is either in Run mode or in Low-power Run mode
 204:Drivers/STM32G0xx_HAL_Driver/Src/stm32g0xx_hal_pwr.c ****           depending on the LPR bit setting.
 205:Drivers/STM32G0xx_HAL_Driver/Src/stm32g0xx_hal_pwr.c **** 
 206:Drivers/STM32G0xx_HAL_Driver/Src/stm32g0xx_hal_pwr.c ****    *** Standby mode ***
 207:Drivers/STM32G0xx_HAL_Driver/Src/stm32g0xx_hal_pwr.c ****    ====================
 208:Drivers/STM32G0xx_HAL_Driver/Src/stm32g0xx_hal_pwr.c ****     [..] In Standby mode, it is possible to keep backup SRAM content (defined as
 209:Drivers/STM32G0xx_HAL_Driver/Src/stm32g0xx_hal_pwr.c ****          full SRAM) keeping low power regulator on. This is achievable by setting
 210:Drivers/STM32G0xx_HAL_Driver/Src/stm32g0xx_hal_pwr.c ****          Ram retention bit calling HAL_PWREx_EnableSRAMRetention API. This increases
 211:Drivers/STM32G0xx_HAL_Driver/Src/stm32g0xx_hal_pwr.c ****          power consumption.
 212:Drivers/STM32G0xx_HAL_Driver/Src/stm32g0xx_hal_pwr.c ****          Its also possible to define I/O states using APIs:
 213:Drivers/STM32G0xx_HAL_Driver/Src/stm32g0xx_hal_pwr.c ****          HAL_PWREx_EnableGPIOPullUp, HAL_PWREx_EnableGPIOPullDown &
 214:Drivers/STM32G0xx_HAL_Driver/Src/stm32g0xx_hal_pwr.c ****          HAL_PWREx_EnablePullUpPullDownConfig
 215:Drivers/STM32G0xx_HAL_Driver/Src/stm32g0xx_hal_pwr.c ****       (+) Entry:
 216:Drivers/STM32G0xx_HAL_Driver/Src/stm32g0xx_hal_pwr.c ****           (++) The Standby mode is entered through HAL_PWR_EnterSTANDBYMode() API, by
 217:Drivers/STM32G0xx_HAL_Driver/Src/stm32g0xx_hal_pwr.c ****                setting SLEEPDEEP in Cortex control register.
 218:Drivers/STM32G0xx_HAL_Driver/Src/stm32g0xx_hal_pwr.c ****       (+) Exit:
 219:Drivers/STM32G0xx_HAL_Driver/Src/stm32g0xx_hal_pwr.c ****           (++) WKUP pin edge detection, RTC event (wakeup, alarm, timestamp),
 220:Drivers/STM32G0xx_HAL_Driver/Src/stm32g0xx_hal_pwr.c ****                tamper event (internal & external), LSE CSS detection, reset on
 221:Drivers/STM32G0xx_HAL_Driver/Src/stm32g0xx_hal_pwr.c ****                NRST pin, IWDG reset & BOR reset.
 222:Drivers/STM32G0xx_HAL_Driver/Src/stm32g0xx_hal_pwr.c ****     [..] Exiting Standby generates a power reset: Cortex is reset and execute
 223:Drivers/STM32G0xx_HAL_Driver/Src/stm32g0xx_hal_pwr.c ****          Reset handler vector, all registers in the Vcore domain are set to
 224:Drivers/STM32G0xx_HAL_Driver/Src/stm32g0xx_hal_pwr.c ****          their reset value. Registers outside the VCORE domain (RTC, WKUP, IWDG,
ARM GAS  /tmp/ccU7X7jx.s 			page 6


 225:Drivers/STM32G0xx_HAL_Driver/Src/stm32g0xx_hal_pwr.c ****          and Standby/Shutdown modes control) are not impacted.
 226:Drivers/STM32G0xx_HAL_Driver/Src/stm32g0xx_hal_pwr.c **** 
 227:Drivers/STM32G0xx_HAL_Driver/Src/stm32g0xx_hal_pwr.c ****     *** Shutdown mode ***
 228:Drivers/STM32G0xx_HAL_Driver/Src/stm32g0xx_hal_pwr.c ****    ======================
 229:Drivers/STM32G0xx_HAL_Driver/Src/stm32g0xx_hal_pwr.c ****     [..]
 230:Drivers/STM32G0xx_HAL_Driver/Src/stm32g0xx_hal_pwr.c ****       In Shutdown mode,
 231:Drivers/STM32G0xx_HAL_Driver/Src/stm32g0xx_hal_pwr.c ****         voltage regulator is disabled, all clocks are off except LSE, RRS bit is
 232:Drivers/STM32G0xx_HAL_Driver/Src/stm32g0xx_hal_pwr.c ****         cleared. SRAM and registers contents are lost except for backup domain
 233:Drivers/STM32G0xx_HAL_Driver/Src/stm32g0xx_hal_pwr.c ****         registers.
 234:Drivers/STM32G0xx_HAL_Driver/Src/stm32g0xx_hal_pwr.c ****       (+) Entry:
 235:Drivers/STM32G0xx_HAL_Driver/Src/stm32g0xx_hal_pwr.c ****           (++) The Shutdown mode is entered thru HAL_PWREx_EnterSHUTDOWNMode() API,
 236:Drivers/STM32G0xx_HAL_Driver/Src/stm32g0xx_hal_pwr.c ****                by setting SLEEPDEEP in Cortex control register.
 237:Drivers/STM32G0xx_HAL_Driver/Src/stm32g0xx_hal_pwr.c ****       (+) Exit:
 238:Drivers/STM32G0xx_HAL_Driver/Src/stm32g0xx_hal_pwr.c ****           (++) WKUP pin edge detection, RTC event (wakeup, alarm, timestamp),
 239:Drivers/STM32G0xx_HAL_Driver/Src/stm32g0xx_hal_pwr.c ****                tamper event (internal & external), LSE CSS detection, reset on
 240:Drivers/STM32G0xx_HAL_Driver/Src/stm32g0xx_hal_pwr.c ****                NRST pin.
 241:Drivers/STM32G0xx_HAL_Driver/Src/stm32g0xx_hal_pwr.c ****     [..] Exiting Shutdown generates a brown out reset: Cortex is reset and execute
 242:Drivers/STM32G0xx_HAL_Driver/Src/stm32g0xx_hal_pwr.c ****          Reset handler vector, all registers are set to their reset value but ones
 243:Drivers/STM32G0xx_HAL_Driver/Src/stm32g0xx_hal_pwr.c ****          in backup domain.
 244:Drivers/STM32G0xx_HAL_Driver/Src/stm32g0xx_hal_pwr.c **** 
 245:Drivers/STM32G0xx_HAL_Driver/Src/stm32g0xx_hal_pwr.c **** @endverbatim
 246:Drivers/STM32G0xx_HAL_Driver/Src/stm32g0xx_hal_pwr.c ****   * @{
 247:Drivers/STM32G0xx_HAL_Driver/Src/stm32g0xx_hal_pwr.c ****   */
 248:Drivers/STM32G0xx_HAL_Driver/Src/stm32g0xx_hal_pwr.c **** 
 249:Drivers/STM32G0xx_HAL_Driver/Src/stm32g0xx_hal_pwr.c **** /**
 250:Drivers/STM32G0xx_HAL_Driver/Src/stm32g0xx_hal_pwr.c ****   * @brief  Enable access to the backup domain
 251:Drivers/STM32G0xx_HAL_Driver/Src/stm32g0xx_hal_pwr.c ****   *         (RTC & TAMP registers, backup registers, RCC BDCR register).
 252:Drivers/STM32G0xx_HAL_Driver/Src/stm32g0xx_hal_pwr.c ****   * @note   After reset, the backup domain is protected against
 253:Drivers/STM32G0xx_HAL_Driver/Src/stm32g0xx_hal_pwr.c ****   *         possible unwanted write accesses. All RTC & TAMP registers (backup
 254:Drivers/STM32G0xx_HAL_Driver/Src/stm32g0xx_hal_pwr.c ****   *         registers included) and RCC BDCR register are concerned.
 255:Drivers/STM32G0xx_HAL_Driver/Src/stm32g0xx_hal_pwr.c ****   * @retval None
 256:Drivers/STM32G0xx_HAL_Driver/Src/stm32g0xx_hal_pwr.c ****   */
 257:Drivers/STM32G0xx_HAL_Driver/Src/stm32g0xx_hal_pwr.c **** void HAL_PWR_EnableBkUpAccess(void)
 258:Drivers/STM32G0xx_HAL_Driver/Src/stm32g0xx_hal_pwr.c **** {
  65              		.loc 1 258 1 is_stmt 1 view -0
  66              		.cfi_startproc
  67              		@ args = 0, pretend = 0, frame = 0
  68              		@ frame_needed = 0, uses_anonymous_args = 0
  69              		@ link register save eliminated.
 259:Drivers/STM32G0xx_HAL_Driver/Src/stm32g0xx_hal_pwr.c ****   SET_BIT(PWR->CR1, PWR_CR1_DBP);
  70              		.loc 1 259 3 view .LVU5
  71 0000 034A     		ldr	r2, .L5
  72 0002 1168     		ldr	r1, [r2]
  73 0004 8023     		movs	r3, #128
  74 0006 5B00     		lsls	r3, r3, #1
  75 0008 0B43     		orrs	r3, r1
  76 000a 1360     		str	r3, [r2]
 260:Drivers/STM32G0xx_HAL_Driver/Src/stm32g0xx_hal_pwr.c **** }
  77              		.loc 1 260 1 is_stmt 0 view .LVU6
  78              		@ sp needed
  79 000c 7047     		bx	lr
  80              	.L6:
  81 000e C046     		.align	2
  82              	.L5:
  83 0010 00700040 		.word	1073770496
  84              		.cfi_endproc
  85              	.LFE159:
ARM GAS  /tmp/ccU7X7jx.s 			page 7


  87              		.section	.text.HAL_PWR_DisableBkUpAccess,"ax",%progbits
  88              		.align	1
  89              		.global	HAL_PWR_DisableBkUpAccess
  90              		.syntax unified
  91              		.code	16
  92              		.thumb_func
  93              		.fpu softvfp
  95              	HAL_PWR_DisableBkUpAccess:
  96              	.LFB160:
 261:Drivers/STM32G0xx_HAL_Driver/Src/stm32g0xx_hal_pwr.c **** 
 262:Drivers/STM32G0xx_HAL_Driver/Src/stm32g0xx_hal_pwr.c **** 
 263:Drivers/STM32G0xx_HAL_Driver/Src/stm32g0xx_hal_pwr.c **** /**
 264:Drivers/STM32G0xx_HAL_Driver/Src/stm32g0xx_hal_pwr.c ****   * @brief  Disable access to the backup domain
 265:Drivers/STM32G0xx_HAL_Driver/Src/stm32g0xx_hal_pwr.c ****   * @retval None
 266:Drivers/STM32G0xx_HAL_Driver/Src/stm32g0xx_hal_pwr.c ****   */
 267:Drivers/STM32G0xx_HAL_Driver/Src/stm32g0xx_hal_pwr.c **** void HAL_PWR_DisableBkUpAccess(void)
 268:Drivers/STM32G0xx_HAL_Driver/Src/stm32g0xx_hal_pwr.c **** {
  97              		.loc 1 268 1 is_stmt 1 view -0
  98              		.cfi_startproc
  99              		@ args = 0, pretend = 0, frame = 0
 100              		@ frame_needed = 0, uses_anonymous_args = 0
 101              		@ link register save eliminated.
 269:Drivers/STM32G0xx_HAL_Driver/Src/stm32g0xx_hal_pwr.c ****   CLEAR_BIT(PWR->CR1, PWR_CR1_DBP);
 102              		.loc 1 269 3 view .LVU8
 103 0000 024A     		ldr	r2, .L8
 104 0002 1368     		ldr	r3, [r2]
 105 0004 0249     		ldr	r1, .L8+4
 106 0006 0B40     		ands	r3, r1
 107 0008 1360     		str	r3, [r2]
 270:Drivers/STM32G0xx_HAL_Driver/Src/stm32g0xx_hal_pwr.c **** }
 108              		.loc 1 270 1 is_stmt 0 view .LVU9
 109              		@ sp needed
 110 000a 7047     		bx	lr
 111              	.L9:
 112              		.align	2
 113              	.L8:
 114 000c 00700040 		.word	1073770496
 115 0010 FFFEFFFF 		.word	-257
 116              		.cfi_endproc
 117              	.LFE160:
 119              		.section	.text.HAL_PWR_EnableWakeUpPin,"ax",%progbits
 120              		.align	1
 121              		.global	HAL_PWR_EnableWakeUpPin
 122              		.syntax unified
 123              		.code	16
 124              		.thumb_func
 125              		.fpu softvfp
 127              	HAL_PWR_EnableWakeUpPin:
 128              	.LVL0:
 129              	.LFB161:
 271:Drivers/STM32G0xx_HAL_Driver/Src/stm32g0xx_hal_pwr.c **** 
 272:Drivers/STM32G0xx_HAL_Driver/Src/stm32g0xx_hal_pwr.c **** 
 273:Drivers/STM32G0xx_HAL_Driver/Src/stm32g0xx_hal_pwr.c **** #if defined(PWR_PVD_SUPPORT)
 274:Drivers/STM32G0xx_HAL_Driver/Src/stm32g0xx_hal_pwr.c **** /**
 275:Drivers/STM32G0xx_HAL_Driver/Src/stm32g0xx_hal_pwr.c ****   * @brief  Configure the Power Voltage Detector (PVD).
 276:Drivers/STM32G0xx_HAL_Driver/Src/stm32g0xx_hal_pwr.c ****   * @param  sConfigPVD pointer to a PWR_PVDTypeDef structure that contains the
 277:Drivers/STM32G0xx_HAL_Driver/Src/stm32g0xx_hal_pwr.c ****             PVD configuration information: threshold levels, operating mode.
ARM GAS  /tmp/ccU7X7jx.s 			page 8


 278:Drivers/STM32G0xx_HAL_Driver/Src/stm32g0xx_hal_pwr.c ****   * @note   Refer to the electrical characteristics of your device datasheet for
 279:Drivers/STM32G0xx_HAL_Driver/Src/stm32g0xx_hal_pwr.c ****   *         more details about the voltage thresholds corresponding to each
 280:Drivers/STM32G0xx_HAL_Driver/Src/stm32g0xx_hal_pwr.c ****   *         detection level.
 281:Drivers/STM32G0xx_HAL_Driver/Src/stm32g0xx_hal_pwr.c ****   * @note   User should take care that rising threshold is higher than falling
 282:Drivers/STM32G0xx_HAL_Driver/Src/stm32g0xx_hal_pwr.c ****   *         one in order to avoid having always PVDO output set.
 283:Drivers/STM32G0xx_HAL_Driver/Src/stm32g0xx_hal_pwr.c ****   * @retval HAL_OK
 284:Drivers/STM32G0xx_HAL_Driver/Src/stm32g0xx_hal_pwr.c ****   */
 285:Drivers/STM32G0xx_HAL_Driver/Src/stm32g0xx_hal_pwr.c **** HAL_StatusTypeDef HAL_PWR_ConfigPVD(PWR_PVDTypeDef *sConfigPVD)
 286:Drivers/STM32G0xx_HAL_Driver/Src/stm32g0xx_hal_pwr.c **** {
 287:Drivers/STM32G0xx_HAL_Driver/Src/stm32g0xx_hal_pwr.c ****   /* Check the parameters */
 288:Drivers/STM32G0xx_HAL_Driver/Src/stm32g0xx_hal_pwr.c ****   assert_param(IS_PWR_PVD_LEVEL(sConfigPVD->PVDLevel));
 289:Drivers/STM32G0xx_HAL_Driver/Src/stm32g0xx_hal_pwr.c ****   assert_param(IS_PWR_PVD_MODE(sConfigPVD->Mode));
 290:Drivers/STM32G0xx_HAL_Driver/Src/stm32g0xx_hal_pwr.c **** 
 291:Drivers/STM32G0xx_HAL_Driver/Src/stm32g0xx_hal_pwr.c ****   /* Set PVD level bits only according to PVDLevel value */
 292:Drivers/STM32G0xx_HAL_Driver/Src/stm32g0xx_hal_pwr.c ****   MODIFY_REG(PWR->CR2, (PWR_CR2_PVDFT | PWR_CR2_PVDRT), sConfigPVD->PVDLevel);
 293:Drivers/STM32G0xx_HAL_Driver/Src/stm32g0xx_hal_pwr.c **** 
 294:Drivers/STM32G0xx_HAL_Driver/Src/stm32g0xx_hal_pwr.c ****   /* Clear any previous config, in case no event or IT mode is selected */
 295:Drivers/STM32G0xx_HAL_Driver/Src/stm32g0xx_hal_pwr.c ****   __HAL_PWR_PVD_EXTI_DISABLE_EVENT();
 296:Drivers/STM32G0xx_HAL_Driver/Src/stm32g0xx_hal_pwr.c ****   __HAL_PWR_PVD_EXTI_DISABLE_IT();
 297:Drivers/STM32G0xx_HAL_Driver/Src/stm32g0xx_hal_pwr.c ****   __HAL_PWR_PVD_EXTI_DISABLE_FALLING_EDGE();
 298:Drivers/STM32G0xx_HAL_Driver/Src/stm32g0xx_hal_pwr.c ****   __HAL_PWR_PVD_EXTI_DISABLE_RISING_EDGE();
 299:Drivers/STM32G0xx_HAL_Driver/Src/stm32g0xx_hal_pwr.c **** 
 300:Drivers/STM32G0xx_HAL_Driver/Src/stm32g0xx_hal_pwr.c ****   /* Configure interrupt mode */
 301:Drivers/STM32G0xx_HAL_Driver/Src/stm32g0xx_hal_pwr.c ****   if((sConfigPVD->Mode & PVD_MODE_IT) == PVD_MODE_IT)
 302:Drivers/STM32G0xx_HAL_Driver/Src/stm32g0xx_hal_pwr.c ****   {
 303:Drivers/STM32G0xx_HAL_Driver/Src/stm32g0xx_hal_pwr.c ****     __HAL_PWR_PVD_EXTI_ENABLE_IT();
 304:Drivers/STM32G0xx_HAL_Driver/Src/stm32g0xx_hal_pwr.c ****   }
 305:Drivers/STM32G0xx_HAL_Driver/Src/stm32g0xx_hal_pwr.c **** 
 306:Drivers/STM32G0xx_HAL_Driver/Src/stm32g0xx_hal_pwr.c ****   /* Configure event mode */
 307:Drivers/STM32G0xx_HAL_Driver/Src/stm32g0xx_hal_pwr.c ****   if((sConfigPVD->Mode & PVD_MODE_EVT) == PVD_MODE_EVT)
 308:Drivers/STM32G0xx_HAL_Driver/Src/stm32g0xx_hal_pwr.c ****   {
 309:Drivers/STM32G0xx_HAL_Driver/Src/stm32g0xx_hal_pwr.c ****     __HAL_PWR_PVD_EXTI_ENABLE_EVENT();
 310:Drivers/STM32G0xx_HAL_Driver/Src/stm32g0xx_hal_pwr.c ****   }
 311:Drivers/STM32G0xx_HAL_Driver/Src/stm32g0xx_hal_pwr.c **** 
 312:Drivers/STM32G0xx_HAL_Driver/Src/stm32g0xx_hal_pwr.c ****   /* Configure the edge */
 313:Drivers/STM32G0xx_HAL_Driver/Src/stm32g0xx_hal_pwr.c ****   if((sConfigPVD->Mode & PVD_RISING_EDGE) == PVD_RISING_EDGE)
 314:Drivers/STM32G0xx_HAL_Driver/Src/stm32g0xx_hal_pwr.c ****   {
 315:Drivers/STM32G0xx_HAL_Driver/Src/stm32g0xx_hal_pwr.c ****     __HAL_PWR_PVD_EXTI_ENABLE_RISING_EDGE();
 316:Drivers/STM32G0xx_HAL_Driver/Src/stm32g0xx_hal_pwr.c ****   }
 317:Drivers/STM32G0xx_HAL_Driver/Src/stm32g0xx_hal_pwr.c **** 
 318:Drivers/STM32G0xx_HAL_Driver/Src/stm32g0xx_hal_pwr.c ****   if((sConfigPVD->Mode & PVD_FALLING_EDGE) == PVD_FALLING_EDGE)
 319:Drivers/STM32G0xx_HAL_Driver/Src/stm32g0xx_hal_pwr.c ****   {
 320:Drivers/STM32G0xx_HAL_Driver/Src/stm32g0xx_hal_pwr.c ****     __HAL_PWR_PVD_EXTI_ENABLE_FALLING_EDGE();
 321:Drivers/STM32G0xx_HAL_Driver/Src/stm32g0xx_hal_pwr.c ****   }
 322:Drivers/STM32G0xx_HAL_Driver/Src/stm32g0xx_hal_pwr.c **** 
 323:Drivers/STM32G0xx_HAL_Driver/Src/stm32g0xx_hal_pwr.c ****   return HAL_OK;
 324:Drivers/STM32G0xx_HAL_Driver/Src/stm32g0xx_hal_pwr.c **** }
 325:Drivers/STM32G0xx_HAL_Driver/Src/stm32g0xx_hal_pwr.c **** 
 326:Drivers/STM32G0xx_HAL_Driver/Src/stm32g0xx_hal_pwr.c **** 
 327:Drivers/STM32G0xx_HAL_Driver/Src/stm32g0xx_hal_pwr.c **** /**
 328:Drivers/STM32G0xx_HAL_Driver/Src/stm32g0xx_hal_pwr.c ****   * @brief  Enable the Power Voltage Detector (PVD).
 329:Drivers/STM32G0xx_HAL_Driver/Src/stm32g0xx_hal_pwr.c ****   * @retval None
 330:Drivers/STM32G0xx_HAL_Driver/Src/stm32g0xx_hal_pwr.c ****   */
 331:Drivers/STM32G0xx_HAL_Driver/Src/stm32g0xx_hal_pwr.c **** void HAL_PWR_EnablePVD(void)
 332:Drivers/STM32G0xx_HAL_Driver/Src/stm32g0xx_hal_pwr.c **** {
 333:Drivers/STM32G0xx_HAL_Driver/Src/stm32g0xx_hal_pwr.c ****   SET_BIT(PWR->CR2, PWR_CR2_PVDE);
 334:Drivers/STM32G0xx_HAL_Driver/Src/stm32g0xx_hal_pwr.c **** }
ARM GAS  /tmp/ccU7X7jx.s 			page 9


 335:Drivers/STM32G0xx_HAL_Driver/Src/stm32g0xx_hal_pwr.c **** 
 336:Drivers/STM32G0xx_HAL_Driver/Src/stm32g0xx_hal_pwr.c **** 
 337:Drivers/STM32G0xx_HAL_Driver/Src/stm32g0xx_hal_pwr.c **** /**
 338:Drivers/STM32G0xx_HAL_Driver/Src/stm32g0xx_hal_pwr.c ****   * @brief  Disable the Power Voltage Detector (PVD).
 339:Drivers/STM32G0xx_HAL_Driver/Src/stm32g0xx_hal_pwr.c ****   * @retval None
 340:Drivers/STM32G0xx_HAL_Driver/Src/stm32g0xx_hal_pwr.c ****   */
 341:Drivers/STM32G0xx_HAL_Driver/Src/stm32g0xx_hal_pwr.c **** void HAL_PWR_DisablePVD(void)
 342:Drivers/STM32G0xx_HAL_Driver/Src/stm32g0xx_hal_pwr.c **** {
 343:Drivers/STM32G0xx_HAL_Driver/Src/stm32g0xx_hal_pwr.c ****   CLEAR_BIT(PWR->CR2, PWR_CR2_PVDE);
 344:Drivers/STM32G0xx_HAL_Driver/Src/stm32g0xx_hal_pwr.c **** }
 345:Drivers/STM32G0xx_HAL_Driver/Src/stm32g0xx_hal_pwr.c **** #endif
 346:Drivers/STM32G0xx_HAL_Driver/Src/stm32g0xx_hal_pwr.c **** 
 347:Drivers/STM32G0xx_HAL_Driver/Src/stm32g0xx_hal_pwr.c **** /**
 348:Drivers/STM32G0xx_HAL_Driver/Src/stm32g0xx_hal_pwr.c ****   * @brief  Enable the WakeUp PINx functionality.
 349:Drivers/STM32G0xx_HAL_Driver/Src/stm32g0xx_hal_pwr.c ****   * @param  WakeUpPinPolarity Specifies which Wake-Up pin to enable.
 350:Drivers/STM32G0xx_HAL_Driver/Src/stm32g0xx_hal_pwr.c ****   *         This parameter can be one of the following legacy values which set
 351:Drivers/STM32G0xx_HAL_Driver/Src/stm32g0xx_hal_pwr.c ****   *         the default polarity i.e. detection on high level (rising edge):
 352:Drivers/STM32G0xx_HAL_Driver/Src/stm32g0xx_hal_pwr.c ****   *           @arg @ref PWR_WAKEUP_PIN1, PWR_WAKEUP_PIN2, PWR_WAKEUP_PIN4,
 353:Drivers/STM32G0xx_HAL_Driver/Src/stm32g0xx_hal_pwr.c ****   *                PWR_WAKEUP_PIN5,PWR_WAKEUP_PIN6
 354:Drivers/STM32G0xx_HAL_Driver/Src/stm32g0xx_hal_pwr.c ****   *         or one of the following value where the user can explicitly specify
 355:Drivers/STM32G0xx_HAL_Driver/Src/stm32g0xx_hal_pwr.c ****   *         the enabled pin and the chosen polarity:
 356:Drivers/STM32G0xx_HAL_Driver/Src/stm32g0xx_hal_pwr.c ****   *           @arg @ref PWR_WAKEUP_PIN1_HIGH or PWR_WAKEUP_PIN1_LOW
 357:Drivers/STM32G0xx_HAL_Driver/Src/stm32g0xx_hal_pwr.c ****   *           @arg @ref PWR_WAKEUP_PIN2_HIGH or PWR_WAKEUP_PIN2_LOW
 358:Drivers/STM32G0xx_HAL_Driver/Src/stm32g0xx_hal_pwr.c ****   *           @arg @ref PWR_WAKEUP_PIN4_HIGH or PWR_WAKEUP_PIN4_LOW
 359:Drivers/STM32G0xx_HAL_Driver/Src/stm32g0xx_hal_pwr.c ****   *           @arg @ref PWR_WAKEUP_PIN5_HIGH or PWR_WAKEUP_PIN5_LOW
 360:Drivers/STM32G0xx_HAL_Driver/Src/stm32g0xx_hal_pwr.c ****   *           @arg @ref PWR_WAKEUP_PIN6_HIGH or PWR_WAKEUP_PIN6_LOW
 361:Drivers/STM32G0xx_HAL_Driver/Src/stm32g0xx_hal_pwr.c ****   * @note  PWR_WAKEUP_PINx and PWR_WAKEUP_PINx_HIGH are equivalent.
 362:Drivers/STM32G0xx_HAL_Driver/Src/stm32g0xx_hal_pwr.c ****   * @retval None
 363:Drivers/STM32G0xx_HAL_Driver/Src/stm32g0xx_hal_pwr.c ****   */
 364:Drivers/STM32G0xx_HAL_Driver/Src/stm32g0xx_hal_pwr.c **** void HAL_PWR_EnableWakeUpPin(uint32_t WakeUpPinPolarity)
 365:Drivers/STM32G0xx_HAL_Driver/Src/stm32g0xx_hal_pwr.c **** {
 130              		.loc 1 365 1 is_stmt 1 view -0
 131              		.cfi_startproc
 132              		@ args = 0, pretend = 0, frame = 0
 133              		@ frame_needed = 0, uses_anonymous_args = 0
 134              		@ link register save eliminated.
 366:Drivers/STM32G0xx_HAL_Driver/Src/stm32g0xx_hal_pwr.c ****   assert_param(IS_PWR_WAKEUP_PIN(WakeUpPinPolarity));
 135              		.loc 1 366 3 view .LVU11
 367:Drivers/STM32G0xx_HAL_Driver/Src/stm32g0xx_hal_pwr.c **** 
 368:Drivers/STM32G0xx_HAL_Driver/Src/stm32g0xx_hal_pwr.c ****   /* Specifies the Wake-Up pin polarity for the event detection
 369:Drivers/STM32G0xx_HAL_Driver/Src/stm32g0xx_hal_pwr.c ****     (rising or falling edge) */
 370:Drivers/STM32G0xx_HAL_Driver/Src/stm32g0xx_hal_pwr.c ****   MODIFY_REG(PWR->CR4, (PWR_CR4_WP & WakeUpPinPolarity), (WakeUpPinPolarity >> PWR_WUP_POLARITY_SHI
 136              		.loc 1 370 3 view .LVU12
 137 0000 0549     		ldr	r1, .L11
 138 0002 CA68     		ldr	r2, [r1, #12]
 139 0004 3B23     		movs	r3, #59
 140 0006 0340     		ands	r3, r0
 141 0008 9A43     		bics	r2, r3
 142 000a 000A     		lsrs	r0, r0, #8
 143              	.LVL1:
 144              		.loc 1 370 3 is_stmt 0 view .LVU13
 145 000c 1043     		orrs	r0, r2
 146 000e C860     		str	r0, [r1, #12]
 371:Drivers/STM32G0xx_HAL_Driver/Src/stm32g0xx_hal_pwr.c **** 
 372:Drivers/STM32G0xx_HAL_Driver/Src/stm32g0xx_hal_pwr.c ****   /* Enable wake-up pin */
 373:Drivers/STM32G0xx_HAL_Driver/Src/stm32g0xx_hal_pwr.c ****   SET_BIT(PWR->CR3, (PWR_CR3_EWUP & WakeUpPinPolarity));
 147              		.loc 1 373 3 is_stmt 1 view .LVU14
ARM GAS  /tmp/ccU7X7jx.s 			page 10


 148 0010 8A68     		ldr	r2, [r1, #8]
 149 0012 1343     		orrs	r3, r2
 150 0014 8B60     		str	r3, [r1, #8]
 374:Drivers/STM32G0xx_HAL_Driver/Src/stm32g0xx_hal_pwr.c **** }
 151              		.loc 1 374 1 is_stmt 0 view .LVU15
 152              		@ sp needed
 153 0016 7047     		bx	lr
 154              	.L12:
 155              		.align	2
 156              	.L11:
 157 0018 00700040 		.word	1073770496
 158              		.cfi_endproc
 159              	.LFE161:
 161              		.section	.text.HAL_PWR_DisableWakeUpPin,"ax",%progbits
 162              		.align	1
 163              		.global	HAL_PWR_DisableWakeUpPin
 164              		.syntax unified
 165              		.code	16
 166              		.thumb_func
 167              		.fpu softvfp
 169              	HAL_PWR_DisableWakeUpPin:
 170              	.LVL2:
 171              	.LFB162:
 375:Drivers/STM32G0xx_HAL_Driver/Src/stm32g0xx_hal_pwr.c **** 
 376:Drivers/STM32G0xx_HAL_Driver/Src/stm32g0xx_hal_pwr.c **** 
 377:Drivers/STM32G0xx_HAL_Driver/Src/stm32g0xx_hal_pwr.c **** /**
 378:Drivers/STM32G0xx_HAL_Driver/Src/stm32g0xx_hal_pwr.c ****   * @brief  Disable the WakeUp PINx functionality.
 379:Drivers/STM32G0xx_HAL_Driver/Src/stm32g0xx_hal_pwr.c ****   * @param  WakeUpPinx Specifies the Power Wake-Up pin to disable.
 380:Drivers/STM32G0xx_HAL_Driver/Src/stm32g0xx_hal_pwr.c ****   *         This parameter can be one of the following values:
 381:Drivers/STM32G0xx_HAL_Driver/Src/stm32g0xx_hal_pwr.c ****   *           @arg @ref PWR_WAKEUP_PIN1, PWR_WAKEUP_PIN2, PWR_WAKEUP_PIN4,
 382:Drivers/STM32G0xx_HAL_Driver/Src/stm32g0xx_hal_pwr.c ****   *                PWR_WAKEUP_PIN5,PWR_WAKEUP_PIN6
 383:Drivers/STM32G0xx_HAL_Driver/Src/stm32g0xx_hal_pwr.c ****   * @retval None
 384:Drivers/STM32G0xx_HAL_Driver/Src/stm32g0xx_hal_pwr.c ****   */
 385:Drivers/STM32G0xx_HAL_Driver/Src/stm32g0xx_hal_pwr.c **** void HAL_PWR_DisableWakeUpPin(uint32_t WakeUpPinx)
 386:Drivers/STM32G0xx_HAL_Driver/Src/stm32g0xx_hal_pwr.c **** {
 172              		.loc 1 386 1 is_stmt 1 view -0
 173              		.cfi_startproc
 174              		@ args = 0, pretend = 0, frame = 0
 175              		@ frame_needed = 0, uses_anonymous_args = 0
 176              		@ link register save eliminated.
 387:Drivers/STM32G0xx_HAL_Driver/Src/stm32g0xx_hal_pwr.c ****   assert_param(IS_PWR_WAKEUP_PIN(WakeUpPinx));
 177              		.loc 1 387 3 view .LVU17
 388:Drivers/STM32G0xx_HAL_Driver/Src/stm32g0xx_hal_pwr.c **** 
 389:Drivers/STM32G0xx_HAL_Driver/Src/stm32g0xx_hal_pwr.c ****   CLEAR_BIT(PWR->CR3, (PWR_CR3_EWUP & WakeUpPinx));
 178              		.loc 1 389 3 view .LVU18
 179 0000 0349     		ldr	r1, .L14
 180 0002 8B68     		ldr	r3, [r1, #8]
 181 0004 3B22     		movs	r2, #59
 182 0006 0240     		ands	r2, r0
 183 0008 9343     		bics	r3, r2
 184 000a 8B60     		str	r3, [r1, #8]
 390:Drivers/STM32G0xx_HAL_Driver/Src/stm32g0xx_hal_pwr.c **** }
 185              		.loc 1 390 1 is_stmt 0 view .LVU19
 186              		@ sp needed
 187 000c 7047     		bx	lr
 188              	.L15:
 189 000e C046     		.align	2
ARM GAS  /tmp/ccU7X7jx.s 			page 11


 190              	.L14:
 191 0010 00700040 		.word	1073770496
 192              		.cfi_endproc
 193              	.LFE162:
 195              		.section	.text.HAL_PWR_EnterSLEEPMode,"ax",%progbits
 196              		.align	1
 197              		.global	HAL_PWR_EnterSLEEPMode
 198              		.syntax unified
 199              		.code	16
 200              		.thumb_func
 201              		.fpu softvfp
 203              	HAL_PWR_EnterSLEEPMode:
 204              	.LVL3:
 205              	.LFB163:
 391:Drivers/STM32G0xx_HAL_Driver/Src/stm32g0xx_hal_pwr.c **** 
 392:Drivers/STM32G0xx_HAL_Driver/Src/stm32g0xx_hal_pwr.c **** 
 393:Drivers/STM32G0xx_HAL_Driver/Src/stm32g0xx_hal_pwr.c **** /**
 394:Drivers/STM32G0xx_HAL_Driver/Src/stm32g0xx_hal_pwr.c ****   * @brief  Enter Sleep or Low-power Sleep mode.
 395:Drivers/STM32G0xx_HAL_Driver/Src/stm32g0xx_hal_pwr.c ****   * @note   In Sleep/Low-power Sleep mode, all I/O pins keep the same state as
 396:Drivers/STM32G0xx_HAL_Driver/Src/stm32g0xx_hal_pwr.c ****   *         in Run mode.
 397:Drivers/STM32G0xx_HAL_Driver/Src/stm32g0xx_hal_pwr.c ****   * @param  Regulator Specifies the regulator state in Sleep/Low-power Sleep
 398:Drivers/STM32G0xx_HAL_Driver/Src/stm32g0xx_hal_pwr.c ****   *         mode. This parameter can be one of the following values:
 399:Drivers/STM32G0xx_HAL_Driver/Src/stm32g0xx_hal_pwr.c ****   *           @arg @ref PWR_MAINREGULATOR_ON Sleep mode (regulator in main mode)
 400:Drivers/STM32G0xx_HAL_Driver/Src/stm32g0xx_hal_pwr.c ****   *           @arg @ref PWR_LOWPOWERREGULATOR_ON Low-power Sleep mode (regulator
 401:Drivers/STM32G0xx_HAL_Driver/Src/stm32g0xx_hal_pwr.c ****   *                     in low-power mode)
 402:Drivers/STM32G0xx_HAL_Driver/Src/stm32g0xx_hal_pwr.c ****   * @note   Low-power Sleep mode is entered from Low-power Run mode only. In
 403:Drivers/STM32G0xx_HAL_Driver/Src/stm32g0xx_hal_pwr.c ****   *         case Regulator parameter is set to Low Power but MCU is in Run mode,
 404:Drivers/STM32G0xx_HAL_Driver/Src/stm32g0xx_hal_pwr.c ****   *         we will first enter in Low-power Run mode. Therefore, user should
 405:Drivers/STM32G0xx_HAL_Driver/Src/stm32g0xx_hal_pwr.c ****   *         take care that HCLK frequency is less than 2 MHz.
 406:Drivers/STM32G0xx_HAL_Driver/Src/stm32g0xx_hal_pwr.c ****   * @note   When exiting Low-power Sleep mode, the MCU is in Low-power Run mode.
 407:Drivers/STM32G0xx_HAL_Driver/Src/stm32g0xx_hal_pwr.c ****   *         To switch back to Run mode, user must call
 408:Drivers/STM32G0xx_HAL_Driver/Src/stm32g0xx_hal_pwr.c ****   *         HAL_PWREx_DisableLowPowerRunMode() API.
 409:Drivers/STM32G0xx_HAL_Driver/Src/stm32g0xx_hal_pwr.c ****   * @param  SLEEPEntry Specifies if Sleep mode is entered with WFI or WFE
 410:Drivers/STM32G0xx_HAL_Driver/Src/stm32g0xx_hal_pwr.c ****   *         instruction. This parameter can be one of the following values:
 411:Drivers/STM32G0xx_HAL_Driver/Src/stm32g0xx_hal_pwr.c ****   *           @arg @ref PWR_SLEEPENTRY_WFI enter Sleep or Low-power Sleep
 412:Drivers/STM32G0xx_HAL_Driver/Src/stm32g0xx_hal_pwr.c ****   *                     mode with WFI instruction
 413:Drivers/STM32G0xx_HAL_Driver/Src/stm32g0xx_hal_pwr.c ****   *           @arg @ref PWR_SLEEPENTRY_WFE enter Sleep or Low-power Sleep
 414:Drivers/STM32G0xx_HAL_Driver/Src/stm32g0xx_hal_pwr.c ****   *                     mode with WFE instruction
 415:Drivers/STM32G0xx_HAL_Driver/Src/stm32g0xx_hal_pwr.c ****   * @note   When WFI entry is used, tick interrupt have to be disabled if not
 416:Drivers/STM32G0xx_HAL_Driver/Src/stm32g0xx_hal_pwr.c ****   *         desired as the interrupt wake up source.
 417:Drivers/STM32G0xx_HAL_Driver/Src/stm32g0xx_hal_pwr.c ****   * @retval None
 418:Drivers/STM32G0xx_HAL_Driver/Src/stm32g0xx_hal_pwr.c ****   */
 419:Drivers/STM32G0xx_HAL_Driver/Src/stm32g0xx_hal_pwr.c **** void HAL_PWR_EnterSLEEPMode(uint32_t Regulator, uint8_t SLEEPEntry)
 420:Drivers/STM32G0xx_HAL_Driver/Src/stm32g0xx_hal_pwr.c **** {
 206              		.loc 1 420 1 is_stmt 1 view -0
 207              		.cfi_startproc
 208              		@ args = 0, pretend = 0, frame = 0
 209              		@ frame_needed = 0, uses_anonymous_args = 0
 210              		.loc 1 420 1 is_stmt 0 view .LVU21
 211 0000 10B5     		push	{r4, lr}
 212              	.LCFI0:
 213              		.cfi_def_cfa_offset 8
 214              		.cfi_offset 4, -8
 215              		.cfi_offset 14, -4
 216 0002 0C00     		movs	r4, r1
 421:Drivers/STM32G0xx_HAL_Driver/Src/stm32g0xx_hal_pwr.c ****   /* Check the parameters */
 422:Drivers/STM32G0xx_HAL_Driver/Src/stm32g0xx_hal_pwr.c ****   assert_param(IS_PWR_REGULATOR(Regulator));
ARM GAS  /tmp/ccU7X7jx.s 			page 12


 217              		.loc 1 422 3 is_stmt 1 view .LVU22
 423:Drivers/STM32G0xx_HAL_Driver/Src/stm32g0xx_hal_pwr.c ****   assert_param(IS_PWR_SLEEP_ENTRY(SLEEPEntry));
 218              		.loc 1 423 3 view .LVU23
 424:Drivers/STM32G0xx_HAL_Driver/Src/stm32g0xx_hal_pwr.c **** 
 425:Drivers/STM32G0xx_HAL_Driver/Src/stm32g0xx_hal_pwr.c ****   /* Set Regulator parameter */
 426:Drivers/STM32G0xx_HAL_Driver/Src/stm32g0xx_hal_pwr.c ****   if(Regulator != PWR_MAINREGULATOR_ON)
 219              		.loc 1 426 3 view .LVU24
 220              		.loc 1 426 5 is_stmt 0 view .LVU25
 221 0004 0028     		cmp	r0, #0
 222 0006 11D0     		beq	.L17
 427:Drivers/STM32G0xx_HAL_Driver/Src/stm32g0xx_hal_pwr.c ****   {
 428:Drivers/STM32G0xx_HAL_Driver/Src/stm32g0xx_hal_pwr.c ****     /* If in run mode, first move to low-power run mode.
 429:Drivers/STM32G0xx_HAL_Driver/Src/stm32g0xx_hal_pwr.c ****        The system clock frequency must be below 2 MHz at this point. */
 430:Drivers/STM32G0xx_HAL_Driver/Src/stm32g0xx_hal_pwr.c ****     if((PWR->SR2 & PWR_SR2_REGLPF) == 0x00u)
 223              		.loc 1 430 5 is_stmt 1 view .LVU26
 224              		.loc 1 430 12 is_stmt 0 view .LVU27
 225 0008 0E4B     		ldr	r3, .L23
 226 000a 5B69     		ldr	r3, [r3, #20]
 227              		.loc 1 430 7 view .LVU28
 228 000c 9B05     		lsls	r3, r3, #22
 229 000e 0AD5     		bpl	.L21
 230              	.LVL4:
 231              	.L18:
 431:Drivers/STM32G0xx_HAL_Driver/Src/stm32g0xx_hal_pwr.c ****     {
 432:Drivers/STM32G0xx_HAL_Driver/Src/stm32g0xx_hal_pwr.c ****       HAL_PWREx_EnableLowPowerRunMode();
 433:Drivers/STM32G0xx_HAL_Driver/Src/stm32g0xx_hal_pwr.c ****     }
 434:Drivers/STM32G0xx_HAL_Driver/Src/stm32g0xx_hal_pwr.c ****   }
 435:Drivers/STM32G0xx_HAL_Driver/Src/stm32g0xx_hal_pwr.c ****   else
 436:Drivers/STM32G0xx_HAL_Driver/Src/stm32g0xx_hal_pwr.c ****   {
 437:Drivers/STM32G0xx_HAL_Driver/Src/stm32g0xx_hal_pwr.c ****     /* If in low-power run mode at this point, exit it */
 438:Drivers/STM32G0xx_HAL_Driver/Src/stm32g0xx_hal_pwr.c ****     if((PWR->SR2 & PWR_SR2_REGLPF) != 0x00u)
 439:Drivers/STM32G0xx_HAL_Driver/Src/stm32g0xx_hal_pwr.c ****     {
 440:Drivers/STM32G0xx_HAL_Driver/Src/stm32g0xx_hal_pwr.c ****       if (HAL_PWREx_DisableLowPowerRunMode() != HAL_OK)
 441:Drivers/STM32G0xx_HAL_Driver/Src/stm32g0xx_hal_pwr.c ****       {
 442:Drivers/STM32G0xx_HAL_Driver/Src/stm32g0xx_hal_pwr.c ****         return ;
 443:Drivers/STM32G0xx_HAL_Driver/Src/stm32g0xx_hal_pwr.c ****       }
 444:Drivers/STM32G0xx_HAL_Driver/Src/stm32g0xx_hal_pwr.c ****     }
 445:Drivers/STM32G0xx_HAL_Driver/Src/stm32g0xx_hal_pwr.c ****   }
 446:Drivers/STM32G0xx_HAL_Driver/Src/stm32g0xx_hal_pwr.c **** 
 447:Drivers/STM32G0xx_HAL_Driver/Src/stm32g0xx_hal_pwr.c ****   /* Clear SLEEPDEEP bit of Cortex System Control Register */
 448:Drivers/STM32G0xx_HAL_Driver/Src/stm32g0xx_hal_pwr.c ****   CLEAR_BIT(SCB->SCR, ((uint32_t)SCB_SCR_SLEEPDEEP_Msk));
 232              		.loc 1 448 3 is_stmt 1 view .LVU29
 233 0010 0D4A     		ldr	r2, .L23+4
 234 0012 1369     		ldr	r3, [r2, #16]
 235 0014 0421     		movs	r1, #4
 236 0016 8B43     		bics	r3, r1
 237 0018 1361     		str	r3, [r2, #16]
 449:Drivers/STM32G0xx_HAL_Driver/Src/stm32g0xx_hal_pwr.c **** 
 450:Drivers/STM32G0xx_HAL_Driver/Src/stm32g0xx_hal_pwr.c ****   /* Select SLEEP mode entry -------------------------------------------------*/
 451:Drivers/STM32G0xx_HAL_Driver/Src/stm32g0xx_hal_pwr.c ****   if(SLEEPEntry == PWR_SLEEPENTRY_WFI)
 238              		.loc 1 451 3 view .LVU30
 239              		.loc 1 451 5 is_stmt 0 view .LVU31
 240 001a 012C     		cmp	r4, #1
 241 001c 0FD0     		beq	.L22
 452:Drivers/STM32G0xx_HAL_Driver/Src/stm32g0xx_hal_pwr.c ****   {
 453:Drivers/STM32G0xx_HAL_Driver/Src/stm32g0xx_hal_pwr.c ****     /* Request Wait For Interrupt */
 454:Drivers/STM32G0xx_HAL_Driver/Src/stm32g0xx_hal_pwr.c ****     __WFI();
ARM GAS  /tmp/ccU7X7jx.s 			page 13


 455:Drivers/STM32G0xx_HAL_Driver/Src/stm32g0xx_hal_pwr.c ****   }
 456:Drivers/STM32G0xx_HAL_Driver/Src/stm32g0xx_hal_pwr.c ****   else
 457:Drivers/STM32G0xx_HAL_Driver/Src/stm32g0xx_hal_pwr.c ****   {
 458:Drivers/STM32G0xx_HAL_Driver/Src/stm32g0xx_hal_pwr.c ****     /* Request Wait For Event */
 459:Drivers/STM32G0xx_HAL_Driver/Src/stm32g0xx_hal_pwr.c ****     __SEV();
 242              		.loc 1 459 5 is_stmt 1 view .LVU32
 243              		.syntax divided
 244              	@ 459 "Drivers/STM32G0xx_HAL_Driver/Src/stm32g0xx_hal_pwr.c" 1
 245 001e 40BF     		sev
 246              	@ 0 "" 2
 460:Drivers/STM32G0xx_HAL_Driver/Src/stm32g0xx_hal_pwr.c ****     __WFE();
 247              		.loc 1 460 5 view .LVU33
 248              	@ 460 "Drivers/STM32G0xx_HAL_Driver/Src/stm32g0xx_hal_pwr.c" 1
 249 0020 20BF     		wfe
 250              	@ 0 "" 2
 461:Drivers/STM32G0xx_HAL_Driver/Src/stm32g0xx_hal_pwr.c ****     __WFE();
 251              		.loc 1 461 5 view .LVU34
 252              	@ 461 "Drivers/STM32G0xx_HAL_Driver/Src/stm32g0xx_hal_pwr.c" 1
 253 0022 20BF     		wfe
 254              	@ 0 "" 2
 255              		.thumb
 256              		.syntax unified
 257              	.L16:
 462:Drivers/STM32G0xx_HAL_Driver/Src/stm32g0xx_hal_pwr.c ****   }
 463:Drivers/STM32G0xx_HAL_Driver/Src/stm32g0xx_hal_pwr.c **** }
 258              		.loc 1 463 1 is_stmt 0 view .LVU35
 259              		@ sp needed
 260 0024 10BD     		pop	{r4, pc}
 261              	.LVL5:
 262              	.L21:
 432:Drivers/STM32G0xx_HAL_Driver/Src/stm32g0xx_hal_pwr.c ****     }
 263              		.loc 1 432 7 is_stmt 1 view .LVU36
 264 0026 FFF7FEFF 		bl	HAL_PWREx_EnableLowPowerRunMode
 265              	.LVL6:
 432:Drivers/STM32G0xx_HAL_Driver/Src/stm32g0xx_hal_pwr.c ****     }
 266              		.loc 1 432 7 is_stmt 0 view .LVU37
 267 002a F1E7     		b	.L18
 268              	.LVL7:
 269              	.L17:
 438:Drivers/STM32G0xx_HAL_Driver/Src/stm32g0xx_hal_pwr.c ****     {
 270              		.loc 1 438 5 is_stmt 1 view .LVU38
 438:Drivers/STM32G0xx_HAL_Driver/Src/stm32g0xx_hal_pwr.c ****     {
 271              		.loc 1 438 12 is_stmt 0 view .LVU39
 272 002c 054B     		ldr	r3, .L23
 273 002e 5B69     		ldr	r3, [r3, #20]
 438:Drivers/STM32G0xx_HAL_Driver/Src/stm32g0xx_hal_pwr.c ****     {
 274              		.loc 1 438 7 view .LVU40
 275 0030 9B05     		lsls	r3, r3, #22
 276 0032 EDD5     		bpl	.L18
 440:Drivers/STM32G0xx_HAL_Driver/Src/stm32g0xx_hal_pwr.c ****       {
 277              		.loc 1 440 7 is_stmt 1 view .LVU41
 440:Drivers/STM32G0xx_HAL_Driver/Src/stm32g0xx_hal_pwr.c ****       {
 278              		.loc 1 440 11 is_stmt 0 view .LVU42
 279 0034 FFF7FEFF 		bl	HAL_PWREx_DisableLowPowerRunMode
 280              	.LVL8:
 440:Drivers/STM32G0xx_HAL_Driver/Src/stm32g0xx_hal_pwr.c ****       {
 281              		.loc 1 440 10 view .LVU43
ARM GAS  /tmp/ccU7X7jx.s 			page 14


 282 0038 0028     		cmp	r0, #0
 283 003a E9D0     		beq	.L18
 284 003c F2E7     		b	.L16
 285              	.L22:
 454:Drivers/STM32G0xx_HAL_Driver/Src/stm32g0xx_hal_pwr.c ****   }
 286              		.loc 1 454 5 is_stmt 1 view .LVU44
 287              		.syntax divided
 288              	@ 454 "Drivers/STM32G0xx_HAL_Driver/Src/stm32g0xx_hal_pwr.c" 1
 289 003e 30BF     		wfi
 290              	@ 0 "" 2
 291              		.thumb
 292              		.syntax unified
 293 0040 F0E7     		b	.L16
 294              	.L24:
 295 0042 C046     		.align	2
 296              	.L23:
 297 0044 00700040 		.word	1073770496
 298 0048 00ED00E0 		.word	-536810240
 299              		.cfi_endproc
 300              	.LFE163:
 302              		.section	.text.HAL_PWR_EnterSTOPMode,"ax",%progbits
 303              		.align	1
 304              		.global	HAL_PWR_EnterSTOPMode
 305              		.syntax unified
 306              		.code	16
 307              		.thumb_func
 308              		.fpu softvfp
 310              	HAL_PWR_EnterSTOPMode:
 311              	.LVL9:
 312              	.LFB164:
 464:Drivers/STM32G0xx_HAL_Driver/Src/stm32g0xx_hal_pwr.c **** 
 465:Drivers/STM32G0xx_HAL_Driver/Src/stm32g0xx_hal_pwr.c **** 
 466:Drivers/STM32G0xx_HAL_Driver/Src/stm32g0xx_hal_pwr.c **** /**
 467:Drivers/STM32G0xx_HAL_Driver/Src/stm32g0xx_hal_pwr.c ****   * @brief  Enter Stop mode
 468:Drivers/STM32G0xx_HAL_Driver/Src/stm32g0xx_hal_pwr.c ****   * @note   This API is named HAL_PWR_EnterSTOPMode to ensure compatibility with
 469:Drivers/STM32G0xx_HAL_Driver/Src/stm32g0xx_hal_pwr.c ****   *         legacy code running on devices where only "Stop mode" is mentioned
 470:Drivers/STM32G0xx_HAL_Driver/Src/stm32g0xx_hal_pwr.c ****   *         with main or low power regulator ON.
 471:Drivers/STM32G0xx_HAL_Driver/Src/stm32g0xx_hal_pwr.c ****   * @note   In Stop mode, all I/O pins keep the same state as in Run mode.
 472:Drivers/STM32G0xx_HAL_Driver/Src/stm32g0xx_hal_pwr.c ****   * @note   All clocks in the VCORE domain are stopped; the PLL, the HSI and the
 473:Drivers/STM32G0xx_HAL_Driver/Src/stm32g0xx_hal_pwr.c ****   *         HSE oscillators are disabled. Some peripherals with the wakeup
 474:Drivers/STM32G0xx_HAL_Driver/Src/stm32g0xx_hal_pwr.c ****   *         capability can switch on the HSI to receive a frame, and switch off
 475:Drivers/STM32G0xx_HAL_Driver/Src/stm32g0xx_hal_pwr.c ****   *         the HSI after receiving the frame if it is not a wakeup frame.
 476:Drivers/STM32G0xx_HAL_Driver/Src/stm32g0xx_hal_pwr.c ****   *         SRAM and register contents are preserved.
 477:Drivers/STM32G0xx_HAL_Driver/Src/stm32g0xx_hal_pwr.c ****   *         The BOR is available.
 478:Drivers/STM32G0xx_HAL_Driver/Src/stm32g0xx_hal_pwr.c ****   *         The voltage regulator can be configured either in normal (Stop 0) or
 479:Drivers/STM32G0xx_HAL_Driver/Src/stm32g0xx_hal_pwr.c ****   *         low-power mode (Stop 1).
 480:Drivers/STM32G0xx_HAL_Driver/Src/stm32g0xx_hal_pwr.c ****   * @note   When exiting Stop 0 or Stop 1 mode by issuing an interrupt or a
 481:Drivers/STM32G0xx_HAL_Driver/Src/stm32g0xx_hal_pwr.c ****   *         wakeup event, the HSI RC oscillator is selected as system clock
 482:Drivers/STM32G0xx_HAL_Driver/Src/stm32g0xx_hal_pwr.c ****   * @note   When the voltage regulator operates in low power mode (Stop 1),
 483:Drivers/STM32G0xx_HAL_Driver/Src/stm32g0xx_hal_pwr.c ****   *         an additional startup delay is incurred when waking up. By keeping
 484:Drivers/STM32G0xx_HAL_Driver/Src/stm32g0xx_hal_pwr.c ****   *         the internal regulator ON during Stop mode (Stop 0), the consumption
 485:Drivers/STM32G0xx_HAL_Driver/Src/stm32g0xx_hal_pwr.c ****   *         is higher although the startup time is reduced.
 486:Drivers/STM32G0xx_HAL_Driver/Src/stm32g0xx_hal_pwr.c ****   * @param  Regulator Specifies the regulator state in Stop mode
 487:Drivers/STM32G0xx_HAL_Driver/Src/stm32g0xx_hal_pwr.c ****   *         This parameter can be one of the following values:
 488:Drivers/STM32G0xx_HAL_Driver/Src/stm32g0xx_hal_pwr.c ****   *            @arg @ref PWR_MAINREGULATOR_ON  Stop 0 mode (main regulator ON)
 489:Drivers/STM32G0xx_HAL_Driver/Src/stm32g0xx_hal_pwr.c ****   *            @arg @ref PWR_LOWPOWERREGULATOR_ON  Stop 1 mode (low power
 490:Drivers/STM32G0xx_HAL_Driver/Src/stm32g0xx_hal_pwr.c ****   *                                                regulator ON)
ARM GAS  /tmp/ccU7X7jx.s 			page 15


 491:Drivers/STM32G0xx_HAL_Driver/Src/stm32g0xx_hal_pwr.c ****   * @param  STOPEntry Specifies Stop 0 or Stop 1 mode is entered with WFI or
 492:Drivers/STM32G0xx_HAL_Driver/Src/stm32g0xx_hal_pwr.c ****   *         WFE instruction. This parameter can be one of the following values:
 493:Drivers/STM32G0xx_HAL_Driver/Src/stm32g0xx_hal_pwr.c ****   *            @arg @ref PWR_STOPENTRY_WFI  Enter Stop 0 or Stop 1 mode with WFI
 494:Drivers/STM32G0xx_HAL_Driver/Src/stm32g0xx_hal_pwr.c ****   *                                         instruction.
 495:Drivers/STM32G0xx_HAL_Driver/Src/stm32g0xx_hal_pwr.c ****   *            @arg @ref PWR_STOPENTRY_WFE  Enter Stop 0 or Stop 1 mode with WFE
 496:Drivers/STM32G0xx_HAL_Driver/Src/stm32g0xx_hal_pwr.c ****   *                                         instruction.
 497:Drivers/STM32G0xx_HAL_Driver/Src/stm32g0xx_hal_pwr.c ****   * @retval None
 498:Drivers/STM32G0xx_HAL_Driver/Src/stm32g0xx_hal_pwr.c ****   */
 499:Drivers/STM32G0xx_HAL_Driver/Src/stm32g0xx_hal_pwr.c **** void HAL_PWR_EnterSTOPMode(uint32_t Regulator, uint8_t STOPEntry)
 500:Drivers/STM32G0xx_HAL_Driver/Src/stm32g0xx_hal_pwr.c **** {
 313              		.loc 1 500 1 view -0
 314              		.cfi_startproc
 315              		@ args = 0, pretend = 0, frame = 0
 316              		@ frame_needed = 0, uses_anonymous_args = 0
 317              		@ link register save eliminated.
 501:Drivers/STM32G0xx_HAL_Driver/Src/stm32g0xx_hal_pwr.c ****   /* Check the parameters */
 502:Drivers/STM32G0xx_HAL_Driver/Src/stm32g0xx_hal_pwr.c ****   assert_param(IS_PWR_REGULATOR(Regulator));
 318              		.loc 1 502 3 view .LVU46
 503:Drivers/STM32G0xx_HAL_Driver/Src/stm32g0xx_hal_pwr.c ****   assert_param(IS_PWR_STOP_ENTRY(STOPEntry));
 319              		.loc 1 503 3 view .LVU47
 504:Drivers/STM32G0xx_HAL_Driver/Src/stm32g0xx_hal_pwr.c **** 
 505:Drivers/STM32G0xx_HAL_Driver/Src/stm32g0xx_hal_pwr.c ****   if (Regulator != PWR_MAINREGULATOR_ON)
 320              		.loc 1 505 3 view .LVU48
 321              		.loc 1 505 6 is_stmt 0 view .LVU49
 322 0000 0028     		cmp	r0, #0
 323 0002 16D0     		beq	.L26
 506:Drivers/STM32G0xx_HAL_Driver/Src/stm32g0xx_hal_pwr.c ****   {
 507:Drivers/STM32G0xx_HAL_Driver/Src/stm32g0xx_hal_pwr.c ****     /* Stop mode with Low-Power Regulator */
 508:Drivers/STM32G0xx_HAL_Driver/Src/stm32g0xx_hal_pwr.c ****     MODIFY_REG(PWR->CR1, PWR_CR1_LPMS, PWR_LOWPOWERMODE_STOP1);
 324              		.loc 1 508 5 is_stmt 1 view .LVU50
 325 0004 0F4A     		ldr	r2, .L31
 326 0006 1368     		ldr	r3, [r2]
 327 0008 0720     		movs	r0, #7
 328              	.LVL10:
 329              		.loc 1 508 5 is_stmt 0 view .LVU51
 330 000a 8343     		bics	r3, r0
 331 000c 0638     		subs	r0, r0, #6
 332 000e 0343     		orrs	r3, r0
 333 0010 1360     		str	r3, [r2]
 334              	.L27:
 509:Drivers/STM32G0xx_HAL_Driver/Src/stm32g0xx_hal_pwr.c ****   }
 510:Drivers/STM32G0xx_HAL_Driver/Src/stm32g0xx_hal_pwr.c ****   else
 511:Drivers/STM32G0xx_HAL_Driver/Src/stm32g0xx_hal_pwr.c ****   {
 512:Drivers/STM32G0xx_HAL_Driver/Src/stm32g0xx_hal_pwr.c ****     /* Stop mode with Main Regulator */
 513:Drivers/STM32G0xx_HAL_Driver/Src/stm32g0xx_hal_pwr.c ****     MODIFY_REG(PWR->CR1, PWR_CR1_LPMS, PWR_LOWPOWERMODE_STOP0);
 514:Drivers/STM32G0xx_HAL_Driver/Src/stm32g0xx_hal_pwr.c ****   }
 515:Drivers/STM32G0xx_HAL_Driver/Src/stm32g0xx_hal_pwr.c **** 
 516:Drivers/STM32G0xx_HAL_Driver/Src/stm32g0xx_hal_pwr.c ****   /* Set SLEEPDEEP bit of Cortex System Control Register */
 517:Drivers/STM32G0xx_HAL_Driver/Src/stm32g0xx_hal_pwr.c ****   SET_BIT(SCB->SCR, ((uint32_t)SCB_SCR_SLEEPDEEP_Msk));
 335              		.loc 1 517 3 is_stmt 1 view .LVU52
 336 0012 0D4A     		ldr	r2, .L31+4
 337 0014 1369     		ldr	r3, [r2, #16]
 338 0016 0420     		movs	r0, #4
 339 0018 0343     		orrs	r3, r0
 340 001a 1361     		str	r3, [r2, #16]
 518:Drivers/STM32G0xx_HAL_Driver/Src/stm32g0xx_hal_pwr.c **** 
 519:Drivers/STM32G0xx_HAL_Driver/Src/stm32g0xx_hal_pwr.c ****   /* Select Stop mode entry --------------------------------------------------*/
ARM GAS  /tmp/ccU7X7jx.s 			page 16


 520:Drivers/STM32G0xx_HAL_Driver/Src/stm32g0xx_hal_pwr.c ****   if(STOPEntry == PWR_STOPENTRY_WFI)
 341              		.loc 1 520 3 view .LVU53
 342              		.loc 1 520 5 is_stmt 0 view .LVU54
 343 001c 0129     		cmp	r1, #1
 344 001e 0ED0     		beq	.L30
 521:Drivers/STM32G0xx_HAL_Driver/Src/stm32g0xx_hal_pwr.c ****   {
 522:Drivers/STM32G0xx_HAL_Driver/Src/stm32g0xx_hal_pwr.c ****     /* Request Wait For Interrupt */
 523:Drivers/STM32G0xx_HAL_Driver/Src/stm32g0xx_hal_pwr.c ****     __WFI();
 524:Drivers/STM32G0xx_HAL_Driver/Src/stm32g0xx_hal_pwr.c ****   }
 525:Drivers/STM32G0xx_HAL_Driver/Src/stm32g0xx_hal_pwr.c ****   else
 526:Drivers/STM32G0xx_HAL_Driver/Src/stm32g0xx_hal_pwr.c ****   {
 527:Drivers/STM32G0xx_HAL_Driver/Src/stm32g0xx_hal_pwr.c ****     /* Request Wait For Event */
 528:Drivers/STM32G0xx_HAL_Driver/Src/stm32g0xx_hal_pwr.c ****     __SEV();
 345              		.loc 1 528 5 is_stmt 1 view .LVU55
 346              		.syntax divided
 347              	@ 528 "Drivers/STM32G0xx_HAL_Driver/Src/stm32g0xx_hal_pwr.c" 1
 348 0020 40BF     		sev
 349              	@ 0 "" 2
 529:Drivers/STM32G0xx_HAL_Driver/Src/stm32g0xx_hal_pwr.c ****     __WFE();
 350              		.loc 1 529 5 view .LVU56
 351              	@ 529 "Drivers/STM32G0xx_HAL_Driver/Src/stm32g0xx_hal_pwr.c" 1
 352 0022 20BF     		wfe
 353              	@ 0 "" 2
 530:Drivers/STM32G0xx_HAL_Driver/Src/stm32g0xx_hal_pwr.c ****     __WFE();
 354              		.loc 1 530 5 view .LVU57
 355              	@ 530 "Drivers/STM32G0xx_HAL_Driver/Src/stm32g0xx_hal_pwr.c" 1
 356 0024 20BF     		wfe
 357              	@ 0 "" 2
 358              		.thumb
 359              		.syntax unified
 360              	.L29:
 531:Drivers/STM32G0xx_HAL_Driver/Src/stm32g0xx_hal_pwr.c ****   }
 532:Drivers/STM32G0xx_HAL_Driver/Src/stm32g0xx_hal_pwr.c **** 
 533:Drivers/STM32G0xx_HAL_Driver/Src/stm32g0xx_hal_pwr.c ****   /* Reset SLEEPDEEP bit of Cortex System Control Register */
 534:Drivers/STM32G0xx_HAL_Driver/Src/stm32g0xx_hal_pwr.c ****   CLEAR_BIT(SCB->SCR, ((uint32_t)SCB_SCR_SLEEPDEEP_Msk));
 361              		.loc 1 534 3 view .LVU58
 362 0026 084A     		ldr	r2, .L31+4
 363 0028 1369     		ldr	r3, [r2, #16]
 364 002a 0421     		movs	r1, #4
 365              	.LVL11:
 366              		.loc 1 534 3 is_stmt 0 view .LVU59
 367 002c 8B43     		bics	r3, r1
 368 002e 1361     		str	r3, [r2, #16]
 535:Drivers/STM32G0xx_HAL_Driver/Src/stm32g0xx_hal_pwr.c **** }
 369              		.loc 1 535 1 view .LVU60
 370              		@ sp needed
 371 0030 7047     		bx	lr
 372              	.LVL12:
 373              	.L26:
 513:Drivers/STM32G0xx_HAL_Driver/Src/stm32g0xx_hal_pwr.c ****   }
 374              		.loc 1 513 5 is_stmt 1 view .LVU61
 375 0032 044A     		ldr	r2, .L31
 376 0034 1368     		ldr	r3, [r2]
 377 0036 0720     		movs	r0, #7
 378              	.LVL13:
 513:Drivers/STM32G0xx_HAL_Driver/Src/stm32g0xx_hal_pwr.c ****   }
 379              		.loc 1 513 5 is_stmt 0 view .LVU62
ARM GAS  /tmp/ccU7X7jx.s 			page 17


 380 0038 8343     		bics	r3, r0
 381 003a 1360     		str	r3, [r2]
 382 003c E9E7     		b	.L27
 383              	.L30:
 523:Drivers/STM32G0xx_HAL_Driver/Src/stm32g0xx_hal_pwr.c ****   }
 384              		.loc 1 523 5 is_stmt 1 view .LVU63
 385              		.syntax divided
 386              	@ 523 "Drivers/STM32G0xx_HAL_Driver/Src/stm32g0xx_hal_pwr.c" 1
 387 003e 30BF     		wfi
 388              	@ 0 "" 2
 389              		.thumb
 390              		.syntax unified
 391 0040 F1E7     		b	.L29
 392              	.L32:
 393 0042 C046     		.align	2
 394              	.L31:
 395 0044 00700040 		.word	1073770496
 396 0048 00ED00E0 		.word	-536810240
 397              		.cfi_endproc
 398              	.LFE164:
 400              		.section	.text.HAL_PWR_EnterSTANDBYMode,"ax",%progbits
 401              		.align	1
 402              		.global	HAL_PWR_EnterSTANDBYMode
 403              		.syntax unified
 404              		.code	16
 405              		.thumb_func
 406              		.fpu softvfp
 408              	HAL_PWR_EnterSTANDBYMode:
 409              	.LFB165:
 536:Drivers/STM32G0xx_HAL_Driver/Src/stm32g0xx_hal_pwr.c **** 
 537:Drivers/STM32G0xx_HAL_Driver/Src/stm32g0xx_hal_pwr.c **** 
 538:Drivers/STM32G0xx_HAL_Driver/Src/stm32g0xx_hal_pwr.c **** /**
 539:Drivers/STM32G0xx_HAL_Driver/Src/stm32g0xx_hal_pwr.c ****   * @brief  Enter Standby mode.
 540:Drivers/STM32G0xx_HAL_Driver/Src/stm32g0xx_hal_pwr.c ****   * @note   In Standby mode, the PLL, the HSI and the HSE oscillators are
 541:Drivers/STM32G0xx_HAL_Driver/Src/stm32g0xx_hal_pwr.c ****   *         switched off. The voltage regulator is disabled. SRAM and register
 542:Drivers/STM32G0xx_HAL_Driver/Src/stm32g0xx_hal_pwr.c ****   *         contents are lost except for registers in the Backup domain and
 543:Drivers/STM32G0xx_HAL_Driver/Src/stm32g0xx_hal_pwr.c ****   *         Standby circuitry. BOR is available.
 544:Drivers/STM32G0xx_HAL_Driver/Src/stm32g0xx_hal_pwr.c ****   * @note   The I/Os can be configured either with a pull-up or pull-down or can
 545:Drivers/STM32G0xx_HAL_Driver/Src/stm32g0xx_hal_pwr.c ****   *         be kept in analog state.
 546:Drivers/STM32G0xx_HAL_Driver/Src/stm32g0xx_hal_pwr.c ****   *         HAL_PWREx_EnableGPIOPullUp() and HAL_PWREx_EnableGPIOPullDown()
 547:Drivers/STM32G0xx_HAL_Driver/Src/stm32g0xx_hal_pwr.c ****   *         respectively enable Pull Up and PullDown state.
 548:Drivers/STM32G0xx_HAL_Driver/Src/stm32g0xx_hal_pwr.c ****   *         HAL_PWREx_DisableGPIOPullUp() & HAL_PWREx_DisableGPIOPullDown()
 549:Drivers/STM32G0xx_HAL_Driver/Src/stm32g0xx_hal_pwr.c ****   *         disable the same. These states are effective in Standby mode only if
 550:Drivers/STM32G0xx_HAL_Driver/Src/stm32g0xx_hal_pwr.c ****   *         APC bit is set through HAL_PWREx_EnablePullUpPullDownConfig() API.
 551:Drivers/STM32G0xx_HAL_Driver/Src/stm32g0xx_hal_pwr.c ****   * @note   Sram content can be kept setting RRS through HAL_PWREx_EnableSRAMRetention()
 552:Drivers/STM32G0xx_HAL_Driver/Src/stm32g0xx_hal_pwr.c ****   * @retval None
 553:Drivers/STM32G0xx_HAL_Driver/Src/stm32g0xx_hal_pwr.c ****   */
 554:Drivers/STM32G0xx_HAL_Driver/Src/stm32g0xx_hal_pwr.c **** void HAL_PWR_EnterSTANDBYMode(void)
 555:Drivers/STM32G0xx_HAL_Driver/Src/stm32g0xx_hal_pwr.c **** {
 410              		.loc 1 555 1 view -0
 411              		.cfi_startproc
 412              		@ args = 0, pretend = 0, frame = 0
 413              		@ frame_needed = 0, uses_anonymous_args = 0
 414              		@ link register save eliminated.
 556:Drivers/STM32G0xx_HAL_Driver/Src/stm32g0xx_hal_pwr.c ****   /* Set Stand-by mode */
 557:Drivers/STM32G0xx_HAL_Driver/Src/stm32g0xx_hal_pwr.c ****   MODIFY_REG(PWR->CR1, PWR_CR1_LPMS, PWR_LOWPOWERMODE_STANDBY);
 415              		.loc 1 557 3 view .LVU65
ARM GAS  /tmp/ccU7X7jx.s 			page 18


 416 0000 064A     		ldr	r2, .L34
 417 0002 1368     		ldr	r3, [r2]
 418 0004 0721     		movs	r1, #7
 419 0006 8B43     		bics	r3, r1
 420 0008 0439     		subs	r1, r1, #4
 421 000a 0B43     		orrs	r3, r1
 422 000c 1360     		str	r3, [r2]
 558:Drivers/STM32G0xx_HAL_Driver/Src/stm32g0xx_hal_pwr.c **** 
 559:Drivers/STM32G0xx_HAL_Driver/Src/stm32g0xx_hal_pwr.c ****   /* Set SLEEPDEEP bit of Cortex System Control Register */
 560:Drivers/STM32G0xx_HAL_Driver/Src/stm32g0xx_hal_pwr.c ****   SET_BIT(SCB->SCR, ((uint32_t)SCB_SCR_SLEEPDEEP_Msk));
 423              		.loc 1 560 3 view .LVU66
 424 000e 044A     		ldr	r2, .L34+4
 425 0010 1369     		ldr	r3, [r2, #16]
 426 0012 0131     		adds	r1, r1, #1
 427 0014 0B43     		orrs	r3, r1
 428 0016 1361     		str	r3, [r2, #16]
 561:Drivers/STM32G0xx_HAL_Driver/Src/stm32g0xx_hal_pwr.c **** 
 562:Drivers/STM32G0xx_HAL_Driver/Src/stm32g0xx_hal_pwr.c **** /* This option is used to ensure that store operations are completed */
 563:Drivers/STM32G0xx_HAL_Driver/Src/stm32g0xx_hal_pwr.c **** #if defined ( __CC_ARM)
 564:Drivers/STM32G0xx_HAL_Driver/Src/stm32g0xx_hal_pwr.c ****   __force_stores();
 565:Drivers/STM32G0xx_HAL_Driver/Src/stm32g0xx_hal_pwr.c **** #endif
 566:Drivers/STM32G0xx_HAL_Driver/Src/stm32g0xx_hal_pwr.c **** 
 567:Drivers/STM32G0xx_HAL_Driver/Src/stm32g0xx_hal_pwr.c ****   /* Request Wait For Interrupt */
 568:Drivers/STM32G0xx_HAL_Driver/Src/stm32g0xx_hal_pwr.c ****   __WFI();
 429              		.loc 1 568 3 view .LVU67
 430              		.syntax divided
 431              	@ 568 "Drivers/STM32G0xx_HAL_Driver/Src/stm32g0xx_hal_pwr.c" 1
 432 0018 30BF     		wfi
 433              	@ 0 "" 2
 569:Drivers/STM32G0xx_HAL_Driver/Src/stm32g0xx_hal_pwr.c **** }
 434              		.loc 1 569 1 is_stmt 0 view .LVU68
 435              		.thumb
 436              		.syntax unified
 437              		@ sp needed
 438 001a 7047     		bx	lr
 439              	.L35:
 440              		.align	2
 441              	.L34:
 442 001c 00700040 		.word	1073770496
 443 0020 00ED00E0 		.word	-536810240
 444              		.cfi_endproc
 445              	.LFE165:
 447              		.section	.text.HAL_PWR_EnableSleepOnExit,"ax",%progbits
 448              		.align	1
 449              		.global	HAL_PWR_EnableSleepOnExit
 450              		.syntax unified
 451              		.code	16
 452              		.thumb_func
 453              		.fpu softvfp
 455              	HAL_PWR_EnableSleepOnExit:
 456              	.LFB166:
 570:Drivers/STM32G0xx_HAL_Driver/Src/stm32g0xx_hal_pwr.c **** 
 571:Drivers/STM32G0xx_HAL_Driver/Src/stm32g0xx_hal_pwr.c **** 
 572:Drivers/STM32G0xx_HAL_Driver/Src/stm32g0xx_hal_pwr.c **** /**
 573:Drivers/STM32G0xx_HAL_Driver/Src/stm32g0xx_hal_pwr.c ****   * @brief  Enable Sleep-On-Exit Cortex feature
 574:Drivers/STM32G0xx_HAL_Driver/Src/stm32g0xx_hal_pwr.c ****   * @note   Set SLEEPONEXIT bit of SCR register. When this bit is set, the
 575:Drivers/STM32G0xx_HAL_Driver/Src/stm32g0xx_hal_pwr.c ****   *         processor enters SLEEP or DEEPSLEEP mode when an interruption
ARM GAS  /tmp/ccU7X7jx.s 			page 19


 576:Drivers/STM32G0xx_HAL_Driver/Src/stm32g0xx_hal_pwr.c ****   *         handling is over returning to thread mode. Setting this bit is
 577:Drivers/STM32G0xx_HAL_Driver/Src/stm32g0xx_hal_pwr.c ****   *         useful when the processor is expected to run only on interruptions
 578:Drivers/STM32G0xx_HAL_Driver/Src/stm32g0xx_hal_pwr.c ****   *         handling.
 579:Drivers/STM32G0xx_HAL_Driver/Src/stm32g0xx_hal_pwr.c ****   * @retval None
 580:Drivers/STM32G0xx_HAL_Driver/Src/stm32g0xx_hal_pwr.c ****   */
 581:Drivers/STM32G0xx_HAL_Driver/Src/stm32g0xx_hal_pwr.c **** void HAL_PWR_EnableSleepOnExit(void)
 582:Drivers/STM32G0xx_HAL_Driver/Src/stm32g0xx_hal_pwr.c **** {
 457              		.loc 1 582 1 is_stmt 1 view -0
 458              		.cfi_startproc
 459              		@ args = 0, pretend = 0, frame = 0
 460              		@ frame_needed = 0, uses_anonymous_args = 0
 461              		@ link register save eliminated.
 583:Drivers/STM32G0xx_HAL_Driver/Src/stm32g0xx_hal_pwr.c ****   /* Set SLEEPONEXIT bit of Cortex System Control Register */
 584:Drivers/STM32G0xx_HAL_Driver/Src/stm32g0xx_hal_pwr.c ****   SET_BIT(SCB->SCR, ((uint32_t)SCB_SCR_SLEEPONEXIT_Msk));
 462              		.loc 1 584 3 view .LVU70
 463 0000 024A     		ldr	r2, .L37
 464 0002 1369     		ldr	r3, [r2, #16]
 465 0004 0221     		movs	r1, #2
 466 0006 0B43     		orrs	r3, r1
 467 0008 1361     		str	r3, [r2, #16]
 585:Drivers/STM32G0xx_HAL_Driver/Src/stm32g0xx_hal_pwr.c **** }
 468              		.loc 1 585 1 is_stmt 0 view .LVU71
 469              		@ sp needed
 470 000a 7047     		bx	lr
 471              	.L38:
 472              		.align	2
 473              	.L37:
 474 000c 00ED00E0 		.word	-536810240
 475              		.cfi_endproc
 476              	.LFE166:
 478              		.section	.text.HAL_PWR_DisableSleepOnExit,"ax",%progbits
 479              		.align	1
 480              		.global	HAL_PWR_DisableSleepOnExit
 481              		.syntax unified
 482              		.code	16
 483              		.thumb_func
 484              		.fpu softvfp
 486              	HAL_PWR_DisableSleepOnExit:
 487              	.LFB167:
 586:Drivers/STM32G0xx_HAL_Driver/Src/stm32g0xx_hal_pwr.c **** 
 587:Drivers/STM32G0xx_HAL_Driver/Src/stm32g0xx_hal_pwr.c **** 
 588:Drivers/STM32G0xx_HAL_Driver/Src/stm32g0xx_hal_pwr.c **** /**
 589:Drivers/STM32G0xx_HAL_Driver/Src/stm32g0xx_hal_pwr.c ****   * @brief  Disable Sleep-On-Exit Cortex feature
 590:Drivers/STM32G0xx_HAL_Driver/Src/stm32g0xx_hal_pwr.c ****   * @note   Clear SLEEPONEXIT bit of SCR register. When this bit is set, the
 591:Drivers/STM32G0xx_HAL_Driver/Src/stm32g0xx_hal_pwr.c ****   *         processor enters SLEEP or DEEPSLEEP mode when an interruption
 592:Drivers/STM32G0xx_HAL_Driver/Src/stm32g0xx_hal_pwr.c ****   *         handling is over.
 593:Drivers/STM32G0xx_HAL_Driver/Src/stm32g0xx_hal_pwr.c ****   * @retval None
 594:Drivers/STM32G0xx_HAL_Driver/Src/stm32g0xx_hal_pwr.c ****   */
 595:Drivers/STM32G0xx_HAL_Driver/Src/stm32g0xx_hal_pwr.c **** void HAL_PWR_DisableSleepOnExit(void)
 596:Drivers/STM32G0xx_HAL_Driver/Src/stm32g0xx_hal_pwr.c **** {
 488              		.loc 1 596 1 is_stmt 1 view -0
 489              		.cfi_startproc
 490              		@ args = 0, pretend = 0, frame = 0
 491              		@ frame_needed = 0, uses_anonymous_args = 0
 492              		@ link register save eliminated.
 597:Drivers/STM32G0xx_HAL_Driver/Src/stm32g0xx_hal_pwr.c ****   /* Clear SLEEPONEXIT bit of Cortex System Control Register */
 598:Drivers/STM32G0xx_HAL_Driver/Src/stm32g0xx_hal_pwr.c ****   CLEAR_BIT(SCB->SCR, ((uint32_t)SCB_SCR_SLEEPONEXIT_Msk));
ARM GAS  /tmp/ccU7X7jx.s 			page 20


 493              		.loc 1 598 3 view .LVU73
 494 0000 024A     		ldr	r2, .L40
 495 0002 1369     		ldr	r3, [r2, #16]
 496 0004 0221     		movs	r1, #2
 497 0006 8B43     		bics	r3, r1
 498 0008 1361     		str	r3, [r2, #16]
 599:Drivers/STM32G0xx_HAL_Driver/Src/stm32g0xx_hal_pwr.c **** }
 499              		.loc 1 599 1 is_stmt 0 view .LVU74
 500              		@ sp needed
 501 000a 7047     		bx	lr
 502              	.L41:
 503              		.align	2
 504              	.L40:
 505 000c 00ED00E0 		.word	-536810240
 506              		.cfi_endproc
 507              	.LFE167:
 509              		.section	.text.HAL_PWR_EnableSEVOnPend,"ax",%progbits
 510              		.align	1
 511              		.global	HAL_PWR_EnableSEVOnPend
 512              		.syntax unified
 513              		.code	16
 514              		.thumb_func
 515              		.fpu softvfp
 517              	HAL_PWR_EnableSEVOnPend:
 518              	.LFB168:
 600:Drivers/STM32G0xx_HAL_Driver/Src/stm32g0xx_hal_pwr.c **** 
 601:Drivers/STM32G0xx_HAL_Driver/Src/stm32g0xx_hal_pwr.c **** 
 602:Drivers/STM32G0xx_HAL_Driver/Src/stm32g0xx_hal_pwr.c **** /**
 603:Drivers/STM32G0xx_HAL_Driver/Src/stm32g0xx_hal_pwr.c ****   * @brief  Enable Cortex Sev On Pending feature.
 604:Drivers/STM32G0xx_HAL_Driver/Src/stm32g0xx_hal_pwr.c ****   * @note   Set SEVONPEND bit of SCR register. When this bit is set, enabled
 605:Drivers/STM32G0xx_HAL_Driver/Src/stm32g0xx_hal_pwr.c ****   *         events and all interrupts, including disabled ones can wakeup
 606:Drivers/STM32G0xx_HAL_Driver/Src/stm32g0xx_hal_pwr.c ****   *         processor from WFE.
 607:Drivers/STM32G0xx_HAL_Driver/Src/stm32g0xx_hal_pwr.c ****   * @retval None
 608:Drivers/STM32G0xx_HAL_Driver/Src/stm32g0xx_hal_pwr.c ****   */
 609:Drivers/STM32G0xx_HAL_Driver/Src/stm32g0xx_hal_pwr.c **** void HAL_PWR_EnableSEVOnPend(void)
 610:Drivers/STM32G0xx_HAL_Driver/Src/stm32g0xx_hal_pwr.c **** {
 519              		.loc 1 610 1 is_stmt 1 view -0
 520              		.cfi_startproc
 521              		@ args = 0, pretend = 0, frame = 0
 522              		@ frame_needed = 0, uses_anonymous_args = 0
 523              		@ link register save eliminated.
 611:Drivers/STM32G0xx_HAL_Driver/Src/stm32g0xx_hal_pwr.c ****   /* Set SEVONPEND bit of Cortex System Control Register */
 612:Drivers/STM32G0xx_HAL_Driver/Src/stm32g0xx_hal_pwr.c ****   SET_BIT(SCB->SCR, ((uint32_t)SCB_SCR_SEVONPEND_Msk));
 524              		.loc 1 612 3 view .LVU76
 525 0000 024A     		ldr	r2, .L43
 526 0002 1369     		ldr	r3, [r2, #16]
 527 0004 1021     		movs	r1, #16
 528 0006 0B43     		orrs	r3, r1
 529 0008 1361     		str	r3, [r2, #16]
 613:Drivers/STM32G0xx_HAL_Driver/Src/stm32g0xx_hal_pwr.c **** }
 530              		.loc 1 613 1 is_stmt 0 view .LVU77
 531              		@ sp needed
 532 000a 7047     		bx	lr
 533              	.L44:
 534              		.align	2
 535              	.L43:
 536 000c 00ED00E0 		.word	-536810240
ARM GAS  /tmp/ccU7X7jx.s 			page 21


 537              		.cfi_endproc
 538              	.LFE168:
 540              		.section	.text.HAL_PWR_DisableSEVOnPend,"ax",%progbits
 541              		.align	1
 542              		.global	HAL_PWR_DisableSEVOnPend
 543              		.syntax unified
 544              		.code	16
 545              		.thumb_func
 546              		.fpu softvfp
 548              	HAL_PWR_DisableSEVOnPend:
 549              	.LFB169:
 614:Drivers/STM32G0xx_HAL_Driver/Src/stm32g0xx_hal_pwr.c **** 
 615:Drivers/STM32G0xx_HAL_Driver/Src/stm32g0xx_hal_pwr.c **** 
 616:Drivers/STM32G0xx_HAL_Driver/Src/stm32g0xx_hal_pwr.c **** /**
 617:Drivers/STM32G0xx_HAL_Driver/Src/stm32g0xx_hal_pwr.c ****   * @brief  Disable Cortex Sev On Pending feature.
 618:Drivers/STM32G0xx_HAL_Driver/Src/stm32g0xx_hal_pwr.c ****   * @note   Clear SEVONPEND bit of SCR register. When this bit is clear, only
 619:Drivers/STM32G0xx_HAL_Driver/Src/stm32g0xx_hal_pwr.c ****   *         enable interrupts or events can wakeup processor from WFE
 620:Drivers/STM32G0xx_HAL_Driver/Src/stm32g0xx_hal_pwr.c ****   * @retval None
 621:Drivers/STM32G0xx_HAL_Driver/Src/stm32g0xx_hal_pwr.c ****   */
 622:Drivers/STM32G0xx_HAL_Driver/Src/stm32g0xx_hal_pwr.c **** void HAL_PWR_DisableSEVOnPend(void)
 623:Drivers/STM32G0xx_HAL_Driver/Src/stm32g0xx_hal_pwr.c **** {
 550              		.loc 1 623 1 is_stmt 1 view -0
 551              		.cfi_startproc
 552              		@ args = 0, pretend = 0, frame = 0
 553              		@ frame_needed = 0, uses_anonymous_args = 0
 554              		@ link register save eliminated.
 624:Drivers/STM32G0xx_HAL_Driver/Src/stm32g0xx_hal_pwr.c ****   /* Clear SEVONPEND bit of Cortex System Control Register */
 625:Drivers/STM32G0xx_HAL_Driver/Src/stm32g0xx_hal_pwr.c ****   CLEAR_BIT(SCB->SCR, ((uint32_t)SCB_SCR_SEVONPEND_Msk));
 555              		.loc 1 625 3 view .LVU79
 556 0000 024A     		ldr	r2, .L46
 557 0002 1369     		ldr	r3, [r2, #16]
 558 0004 1021     		movs	r1, #16
 559 0006 8B43     		bics	r3, r1
 560 0008 1361     		str	r3, [r2, #16]
 626:Drivers/STM32G0xx_HAL_Driver/Src/stm32g0xx_hal_pwr.c **** }
 561              		.loc 1 626 1 is_stmt 0 view .LVU80
 562              		@ sp needed
 563 000a 7047     		bx	lr
 564              	.L47:
 565              		.align	2
 566              	.L46:
 567 000c 00ED00E0 		.word	-536810240
 568              		.cfi_endproc
 569              	.LFE169:
 571              		.text
 572              	.Letext0:
 573              		.file 2 "/usr/arm-none-eabi/include/machine/_default_types.h"
 574              		.file 3 "/usr/arm-none-eabi/include/sys/_stdint.h"
 575              		.file 4 "Drivers/CMSIS/Include/core_cm0plus.h"
 576              		.file 5 "Drivers/CMSIS/Device/ST/STM32G0xx/Include/system_stm32g0xx.h"
 577              		.file 6 "Drivers/CMSIS/Device/ST/STM32G0xx/Include/stm32g070xx.h"
 578              		.file 7 "Drivers/STM32G0xx_HAL_Driver/Inc/stm32g0xx_hal_def.h"
 579              		.file 8 "Drivers/STM32G0xx_HAL_Driver/Inc/stm32g0xx_hal_flash.h"
 580              		.file 9 "Drivers/STM32G0xx_HAL_Driver/Inc/stm32g0xx_hal.h"
 581              		.file 10 "Drivers/STM32G0xx_HAL_Driver/Inc/stm32g0xx_hal_pwr_ex.h"
ARM GAS  /tmp/ccU7X7jx.s 			page 22


DEFINED SYMBOLS
                            *ABS*:0000000000000000 stm32g0xx_hal_pwr.c
     /tmp/ccU7X7jx.s:16     .text.HAL_PWR_DeInit:0000000000000000 $t
     /tmp/ccU7X7jx.s:24     .text.HAL_PWR_DeInit:0000000000000000 HAL_PWR_DeInit
     /tmp/ccU7X7jx.s:50     .text.HAL_PWR_DeInit:0000000000000018 $d
     /tmp/ccU7X7jx.s:56     .text.HAL_PWR_EnableBkUpAccess:0000000000000000 $t
     /tmp/ccU7X7jx.s:63     .text.HAL_PWR_EnableBkUpAccess:0000000000000000 HAL_PWR_EnableBkUpAccess
     /tmp/ccU7X7jx.s:83     .text.HAL_PWR_EnableBkUpAccess:0000000000000010 $d
     /tmp/ccU7X7jx.s:88     .text.HAL_PWR_DisableBkUpAccess:0000000000000000 $t
     /tmp/ccU7X7jx.s:95     .text.HAL_PWR_DisableBkUpAccess:0000000000000000 HAL_PWR_DisableBkUpAccess
     /tmp/ccU7X7jx.s:114    .text.HAL_PWR_DisableBkUpAccess:000000000000000c $d
     /tmp/ccU7X7jx.s:120    .text.HAL_PWR_EnableWakeUpPin:0000000000000000 $t
     /tmp/ccU7X7jx.s:127    .text.HAL_PWR_EnableWakeUpPin:0000000000000000 HAL_PWR_EnableWakeUpPin
     /tmp/ccU7X7jx.s:157    .text.HAL_PWR_EnableWakeUpPin:0000000000000018 $d
     /tmp/ccU7X7jx.s:162    .text.HAL_PWR_DisableWakeUpPin:0000000000000000 $t
     /tmp/ccU7X7jx.s:169    .text.HAL_PWR_DisableWakeUpPin:0000000000000000 HAL_PWR_DisableWakeUpPin
     /tmp/ccU7X7jx.s:191    .text.HAL_PWR_DisableWakeUpPin:0000000000000010 $d
     /tmp/ccU7X7jx.s:196    .text.HAL_PWR_EnterSLEEPMode:0000000000000000 $t
     /tmp/ccU7X7jx.s:203    .text.HAL_PWR_EnterSLEEPMode:0000000000000000 HAL_PWR_EnterSLEEPMode
     /tmp/ccU7X7jx.s:297    .text.HAL_PWR_EnterSLEEPMode:0000000000000044 $d
     /tmp/ccU7X7jx.s:303    .text.HAL_PWR_EnterSTOPMode:0000000000000000 $t
     /tmp/ccU7X7jx.s:310    .text.HAL_PWR_EnterSTOPMode:0000000000000000 HAL_PWR_EnterSTOPMode
     /tmp/ccU7X7jx.s:395    .text.HAL_PWR_EnterSTOPMode:0000000000000044 $d
     /tmp/ccU7X7jx.s:401    .text.HAL_PWR_EnterSTANDBYMode:0000000000000000 $t
     /tmp/ccU7X7jx.s:408    .text.HAL_PWR_EnterSTANDBYMode:0000000000000000 HAL_PWR_EnterSTANDBYMode
     /tmp/ccU7X7jx.s:442    .text.HAL_PWR_EnterSTANDBYMode:000000000000001c $d
     /tmp/ccU7X7jx.s:448    .text.HAL_PWR_EnableSleepOnExit:0000000000000000 $t
     /tmp/ccU7X7jx.s:455    .text.HAL_PWR_EnableSleepOnExit:0000000000000000 HAL_PWR_EnableSleepOnExit
     /tmp/ccU7X7jx.s:474    .text.HAL_PWR_EnableSleepOnExit:000000000000000c $d
     /tmp/ccU7X7jx.s:479    .text.HAL_PWR_DisableSleepOnExit:0000000000000000 $t
     /tmp/ccU7X7jx.s:486    .text.HAL_PWR_DisableSleepOnExit:0000000000000000 HAL_PWR_DisableSleepOnExit
     /tmp/ccU7X7jx.s:505    .text.HAL_PWR_DisableSleepOnExit:000000000000000c $d
     /tmp/ccU7X7jx.s:510    .text.HAL_PWR_EnableSEVOnPend:0000000000000000 $t
     /tmp/ccU7X7jx.s:517    .text.HAL_PWR_EnableSEVOnPend:0000000000000000 HAL_PWR_EnableSEVOnPend
     /tmp/ccU7X7jx.s:536    .text.HAL_PWR_EnableSEVOnPend:000000000000000c $d
     /tmp/ccU7X7jx.s:541    .text.HAL_PWR_DisableSEVOnPend:0000000000000000 $t
     /tmp/ccU7X7jx.s:548    .text.HAL_PWR_DisableSEVOnPend:0000000000000000 HAL_PWR_DisableSEVOnPend
     /tmp/ccU7X7jx.s:567    .text.HAL_PWR_DisableSEVOnPend:000000000000000c $d

UNDEFINED SYMBOLS
HAL_PWREx_EnableLowPowerRunMode
HAL_PWREx_DisableLowPowerRunMode
