ARM GAS  /tmp/ccyfJJRY.s 			page 1


   1              		.cpu cortex-m0plus
   2              		.eabi_attribute 20, 1
   3              		.eabi_attribute 21, 1
   4              		.eabi_attribute 23, 3
   5              		.eabi_attribute 24, 1
   6              		.eabi_attribute 25, 1
   7              		.eabi_attribute 26, 1
   8              		.eabi_attribute 30, 1
   9              		.eabi_attribute 34, 0
  10              		.eabi_attribute 18, 4
  11              		.file	"stm32g0xx_hal_msp.c"
  12              		.text
  13              	.Ltext0:
  14              		.cfi_sections	.debug_frame
  15              		.section	.text.HAL_MspInit,"ax",%progbits
  16              		.align	1
  17              		.global	HAL_MspInit
  18              		.arch armv6s-m
  19              		.syntax unified
  20              		.code	16
  21              		.thumb_func
  22              		.fpu softvfp
  24              	HAL_MspInit:
  25              	.LFB246:
  26              		.file 1 "Src/stm32g0xx_hal_msp.c"
   1:Src/stm32g0xx_hal_msp.c **** /* USER CODE BEGIN Header */
   2:Src/stm32g0xx_hal_msp.c **** /**
   3:Src/stm32g0xx_hal_msp.c ****   ******************************************************************************
   4:Src/stm32g0xx_hal_msp.c ****   * File Name          : stm32g0xx_hal_msp.c
   5:Src/stm32g0xx_hal_msp.c ****   * Description        : This file provides code for the MSP Initialization 
   6:Src/stm32g0xx_hal_msp.c ****   *                      and de-Initialization codes.
   7:Src/stm32g0xx_hal_msp.c ****   ******************************************************************************
   8:Src/stm32g0xx_hal_msp.c ****   * @attention
   9:Src/stm32g0xx_hal_msp.c ****   *
  10:Src/stm32g0xx_hal_msp.c ****   * <h2><center>&copy; Copyright (c) 2020 STMicroelectronics.
  11:Src/stm32g0xx_hal_msp.c ****   * All rights reserved.</center></h2>
  12:Src/stm32g0xx_hal_msp.c ****   *
  13:Src/stm32g0xx_hal_msp.c ****   * This software component is licensed by ST under BSD 3-Clause license,
  14:Src/stm32g0xx_hal_msp.c ****   * the "License"; You may not use this file except in compliance with the
  15:Src/stm32g0xx_hal_msp.c ****   * License. You may obtain a copy of the License at:
  16:Src/stm32g0xx_hal_msp.c ****   *                        opensource.org/licenses/BSD-3-Clause
  17:Src/stm32g0xx_hal_msp.c ****   *
  18:Src/stm32g0xx_hal_msp.c ****   ******************************************************************************
  19:Src/stm32g0xx_hal_msp.c ****   */
  20:Src/stm32g0xx_hal_msp.c **** /* USER CODE END Header */
  21:Src/stm32g0xx_hal_msp.c **** 
  22:Src/stm32g0xx_hal_msp.c **** /* Includes ------------------------------------------------------------------*/
  23:Src/stm32g0xx_hal_msp.c **** #include "main.h"
  24:Src/stm32g0xx_hal_msp.c **** /* USER CODE BEGIN Includes */
  25:Src/stm32g0xx_hal_msp.c **** 
  26:Src/stm32g0xx_hal_msp.c **** /* USER CODE END Includes */
  27:Src/stm32g0xx_hal_msp.c **** 
  28:Src/stm32g0xx_hal_msp.c **** /* Private typedef -----------------------------------------------------------*/
  29:Src/stm32g0xx_hal_msp.c **** /* USER CODE BEGIN TD */
  30:Src/stm32g0xx_hal_msp.c **** 
  31:Src/stm32g0xx_hal_msp.c **** /* USER CODE END TD */
  32:Src/stm32g0xx_hal_msp.c **** 
ARM GAS  /tmp/ccyfJJRY.s 			page 2


  33:Src/stm32g0xx_hal_msp.c **** /* Private define ------------------------------------------------------------*/
  34:Src/stm32g0xx_hal_msp.c **** /* USER CODE BEGIN Define */
  35:Src/stm32g0xx_hal_msp.c ****  
  36:Src/stm32g0xx_hal_msp.c **** /* USER CODE END Define */
  37:Src/stm32g0xx_hal_msp.c **** 
  38:Src/stm32g0xx_hal_msp.c **** /* Private macro -------------------------------------------------------------*/
  39:Src/stm32g0xx_hal_msp.c **** /* USER CODE BEGIN Macro */
  40:Src/stm32g0xx_hal_msp.c **** 
  41:Src/stm32g0xx_hal_msp.c **** /* USER CODE END Macro */
  42:Src/stm32g0xx_hal_msp.c **** 
  43:Src/stm32g0xx_hal_msp.c **** /* Private variables ---------------------------------------------------------*/
  44:Src/stm32g0xx_hal_msp.c **** /* USER CODE BEGIN PV */
  45:Src/stm32g0xx_hal_msp.c **** 
  46:Src/stm32g0xx_hal_msp.c **** /* USER CODE END PV */
  47:Src/stm32g0xx_hal_msp.c **** 
  48:Src/stm32g0xx_hal_msp.c **** /* Private function prototypes -----------------------------------------------*/
  49:Src/stm32g0xx_hal_msp.c **** /* USER CODE BEGIN PFP */
  50:Src/stm32g0xx_hal_msp.c **** 
  51:Src/stm32g0xx_hal_msp.c **** /* USER CODE END PFP */
  52:Src/stm32g0xx_hal_msp.c **** 
  53:Src/stm32g0xx_hal_msp.c **** /* External functions --------------------------------------------------------*/
  54:Src/stm32g0xx_hal_msp.c **** /* USER CODE BEGIN ExternalFunctions */
  55:Src/stm32g0xx_hal_msp.c **** 
  56:Src/stm32g0xx_hal_msp.c **** /* USER CODE END ExternalFunctions */
  57:Src/stm32g0xx_hal_msp.c **** 
  58:Src/stm32g0xx_hal_msp.c **** /* USER CODE BEGIN 0 */
  59:Src/stm32g0xx_hal_msp.c **** 
  60:Src/stm32g0xx_hal_msp.c **** /* USER CODE END 0 */
  61:Src/stm32g0xx_hal_msp.c **** /**
  62:Src/stm32g0xx_hal_msp.c ****   * Initializes the Global MSP.
  63:Src/stm32g0xx_hal_msp.c ****   */
  64:Src/stm32g0xx_hal_msp.c **** void HAL_MspInit(void)
  65:Src/stm32g0xx_hal_msp.c **** {
  27              		.loc 1 65 1 view -0
  28              		.cfi_startproc
  29              		@ args = 0, pretend = 0, frame = 8
  30              		@ frame_needed = 0, uses_anonymous_args = 0
  31              		@ link register save eliminated.
  32 0000 82B0     		sub	sp, sp, #8
  33              	.LCFI0:
  34              		.cfi_def_cfa_offset 8
  66:Src/stm32g0xx_hal_msp.c ****   /* USER CODE BEGIN MspInit 0 */
  67:Src/stm32g0xx_hal_msp.c **** 
  68:Src/stm32g0xx_hal_msp.c ****   /* USER CODE END MspInit 0 */
  69:Src/stm32g0xx_hal_msp.c **** 
  70:Src/stm32g0xx_hal_msp.c ****   __HAL_RCC_SYSCFG_CLK_ENABLE();
  35              		.loc 1 70 3 view .LVU1
  36              	.LBB2:
  37              		.loc 1 70 3 view .LVU2
  38              		.loc 1 70 3 view .LVU3
  39 0002 0A4B     		ldr	r3, .L2
  40 0004 196C     		ldr	r1, [r3, #64]
  41 0006 0122     		movs	r2, #1
  42 0008 1143     		orrs	r1, r2
  43 000a 1964     		str	r1, [r3, #64]
  44              		.loc 1 70 3 view .LVU4
  45 000c 196C     		ldr	r1, [r3, #64]
ARM GAS  /tmp/ccyfJJRY.s 			page 3


  46 000e 0A40     		ands	r2, r1
  47 0010 0092     		str	r2, [sp]
  48              		.loc 1 70 3 view .LVU5
  49 0012 009A     		ldr	r2, [sp]
  50              	.LBE2:
  51              		.loc 1 70 3 view .LVU6
  71:Src/stm32g0xx_hal_msp.c ****   __HAL_RCC_PWR_CLK_ENABLE();
  52              		.loc 1 71 3 view .LVU7
  53              	.LBB3:
  54              		.loc 1 71 3 view .LVU8
  55              		.loc 1 71 3 view .LVU9
  56 0014 DA6B     		ldr	r2, [r3, #60]
  57 0016 8021     		movs	r1, #128
  58 0018 4905     		lsls	r1, r1, #21
  59 001a 0A43     		orrs	r2, r1
  60 001c DA63     		str	r2, [r3, #60]
  61              		.loc 1 71 3 view .LVU10
  62 001e DB6B     		ldr	r3, [r3, #60]
  63 0020 0B40     		ands	r3, r1
  64 0022 0193     		str	r3, [sp, #4]
  65              		.loc 1 71 3 view .LVU11
  66 0024 019B     		ldr	r3, [sp, #4]
  67              	.LBE3:
  68              		.loc 1 71 3 view .LVU12
  72:Src/stm32g0xx_hal_msp.c **** 
  73:Src/stm32g0xx_hal_msp.c ****   /* System interrupt init*/
  74:Src/stm32g0xx_hal_msp.c **** 
  75:Src/stm32g0xx_hal_msp.c ****   /* USER CODE BEGIN MspInit 1 */
  76:Src/stm32g0xx_hal_msp.c **** 
  77:Src/stm32g0xx_hal_msp.c ****   /* USER CODE END MspInit 1 */
  78:Src/stm32g0xx_hal_msp.c **** }
  69              		.loc 1 78 1 is_stmt 0 view .LVU13
  70 0026 02B0     		add	sp, sp, #8
  71              		@ sp needed
  72 0028 7047     		bx	lr
  73              	.L3:
  74 002a C046     		.align	2
  75              	.L2:
  76 002c 00100240 		.word	1073876992
  77              		.cfi_endproc
  78              	.LFE246:
  80              		.text
  81              	.Letext0:
  82              		.file 2 "/usr/arm-none-eabi/include/machine/_default_types.h"
  83              		.file 3 "/usr/arm-none-eabi/include/sys/_stdint.h"
  84              		.file 4 "Drivers/CMSIS/Device/ST/STM32G0xx/Include/system_stm32g0xx.h"
  85              		.file 5 "Drivers/CMSIS/Device/ST/STM32G0xx/Include/stm32g070xx.h"
  86              		.file 6 "Drivers/STM32G0xx_HAL_Driver/Inc/stm32g0xx_hal_def.h"
  87              		.file 7 "Drivers/STM32G0xx_HAL_Driver/Inc/stm32g0xx_hal_flash.h"
  88              		.file 8 "Drivers/STM32G0xx_HAL_Driver/Inc/stm32g0xx_hal.h"
ARM GAS  /tmp/ccyfJJRY.s 			page 4


DEFINED SYMBOLS
                            *ABS*:0000000000000000 stm32g0xx_hal_msp.c
     /tmp/ccyfJJRY.s:16     .text.HAL_MspInit:0000000000000000 $t
     /tmp/ccyfJJRY.s:24     .text.HAL_MspInit:0000000000000000 HAL_MspInit
     /tmp/ccyfJJRY.s:76     .text.HAL_MspInit:000000000000002c $d

NO UNDEFINED SYMBOLS
