ARM GAS  /tmp/ccFGrCUk.s 			page 1


   1              		.cpu cortex-m0plus
   2              		.eabi_attribute 20, 1
   3              		.eabi_attribute 21, 1
   4              		.eabi_attribute 23, 3
   5              		.eabi_attribute 24, 1
   6              		.eabi_attribute 25, 1
   7              		.eabi_attribute 26, 1
   8              		.eabi_attribute 30, 1
   9              		.eabi_attribute 34, 0
  10              		.eabi_attribute 18, 4
  11              		.file	"stm32g0xx_hal_dma_ex.c"
  12              		.text
  13              	.Ltext0:
  14              		.cfi_sections	.debug_frame
  15              		.section	.text.HAL_DMAEx_ConfigMuxSync,"ax",%progbits
  16              		.align	1
  17              		.global	HAL_DMAEx_ConfigMuxSync
  18              		.arch armv6s-m
  19              		.syntax unified
  20              		.code	16
  21              		.thumb_func
  22              		.fpu softvfp
  24              	HAL_DMAEx_ConfigMuxSync:
  25              	.LVL0:
  26              	.LFB158:
  27              		.file 1 "Drivers/STM32G0xx_HAL_Driver/Src/stm32g0xx_hal_dma_ex.c"
   1:Drivers/STM32G0xx_HAL_Driver/Src/stm32g0xx_hal_dma_ex.c **** /**
   2:Drivers/STM32G0xx_HAL_Driver/Src/stm32g0xx_hal_dma_ex.c ****   ******************************************************************************
   3:Drivers/STM32G0xx_HAL_Driver/Src/stm32g0xx_hal_dma_ex.c ****   * @file    stm32g0xx_hal_dma_ex.c
   4:Drivers/STM32G0xx_HAL_Driver/Src/stm32g0xx_hal_dma_ex.c ****   * @author  MCD Application Team
   5:Drivers/STM32G0xx_HAL_Driver/Src/stm32g0xx_hal_dma_ex.c ****   * @brief   DMA Extension HAL module driver
   6:Drivers/STM32G0xx_HAL_Driver/Src/stm32g0xx_hal_dma_ex.c ****   *         This file provides firmware functions to manage the following
   7:Drivers/STM32G0xx_HAL_Driver/Src/stm32g0xx_hal_dma_ex.c ****   *         functionalities of the DMA Extension peripheral:
   8:Drivers/STM32G0xx_HAL_Driver/Src/stm32g0xx_hal_dma_ex.c ****   *           + Extended features functions
   9:Drivers/STM32G0xx_HAL_Driver/Src/stm32g0xx_hal_dma_ex.c ****   *
  10:Drivers/STM32G0xx_HAL_Driver/Src/stm32g0xx_hal_dma_ex.c ****   @verbatim
  11:Drivers/STM32G0xx_HAL_Driver/Src/stm32g0xx_hal_dma_ex.c ****   ==============================================================================
  12:Drivers/STM32G0xx_HAL_Driver/Src/stm32g0xx_hal_dma_ex.c ****                         ##### How to use this driver #####
  13:Drivers/STM32G0xx_HAL_Driver/Src/stm32g0xx_hal_dma_ex.c ****   ==============================================================================
  14:Drivers/STM32G0xx_HAL_Driver/Src/stm32g0xx_hal_dma_ex.c ****   [..]
  15:Drivers/STM32G0xx_HAL_Driver/Src/stm32g0xx_hal_dma_ex.c ****   The DMA Extension HAL driver can be used as follows:
  16:Drivers/STM32G0xx_HAL_Driver/Src/stm32g0xx_hal_dma_ex.c **** 
  17:Drivers/STM32G0xx_HAL_Driver/Src/stm32g0xx_hal_dma_ex.c ****    (+) Configure the DMA_MUX Synchronization Block using HAL_DMAEx_ConfigMuxSync function.
  18:Drivers/STM32G0xx_HAL_Driver/Src/stm32g0xx_hal_dma_ex.c ****    (+) Configure the DMA_MUX Request Generator Block using HAL_DMAEx_ConfigMuxRequestGenerator func
  19:Drivers/STM32G0xx_HAL_Driver/Src/stm32g0xx_hal_dma_ex.c ****        Functions HAL_DMAEx_EnableMuxRequestGenerator and HAL_DMAEx_DisableMuxRequestGenerator can t
  20:Drivers/STM32G0xx_HAL_Driver/Src/stm32g0xx_hal_dma_ex.c ****        to respectively enable/disable the request generator.
  21:Drivers/STM32G0xx_HAL_Driver/Src/stm32g0xx_hal_dma_ex.c **** 
  22:Drivers/STM32G0xx_HAL_Driver/Src/stm32g0xx_hal_dma_ex.c ****    (+) To handle the DMAMUX Interrupts, the function  HAL_DMAEx_MUX_IRQHandler should be called fro
  23:Drivers/STM32G0xx_HAL_Driver/Src/stm32g0xx_hal_dma_ex.c ****        the DMAMUX IRQ handler i.e DMAMUX1_OVR_IRQHandler.
  24:Drivers/STM32G0xx_HAL_Driver/Src/stm32g0xx_hal_dma_ex.c ****        As only one interrupt line is available for all DMAMUX channels and request generators , HAL
  25:Drivers/STM32G0xx_HAL_Driver/Src/stm32g0xx_hal_dma_ex.c ****        called with, as parameter, the appropriate DMA handle as many as used DMAs in the user proje
  26:Drivers/STM32G0xx_HAL_Driver/Src/stm32g0xx_hal_dma_ex.c ****       (exception done if a given DMA is not using the DMAMUX SYNC block neither a request generator
  27:Drivers/STM32G0xx_HAL_Driver/Src/stm32g0xx_hal_dma_ex.c **** 
  28:Drivers/STM32G0xx_HAL_Driver/Src/stm32g0xx_hal_dma_ex.c ****   @endverbatim
  29:Drivers/STM32G0xx_HAL_Driver/Src/stm32g0xx_hal_dma_ex.c ****   ******************************************************************************
  30:Drivers/STM32G0xx_HAL_Driver/Src/stm32g0xx_hal_dma_ex.c ****   * @attention
  31:Drivers/STM32G0xx_HAL_Driver/Src/stm32g0xx_hal_dma_ex.c ****   *
ARM GAS  /tmp/ccFGrCUk.s 			page 2


  32:Drivers/STM32G0xx_HAL_Driver/Src/stm32g0xx_hal_dma_ex.c ****   * <h2><center>&copy; Copyright (c) 2018 STMicroelectronics. 
  33:Drivers/STM32G0xx_HAL_Driver/Src/stm32g0xx_hal_dma_ex.c ****   * All rights reserved.</center></h2>
  34:Drivers/STM32G0xx_HAL_Driver/Src/stm32g0xx_hal_dma_ex.c ****   *
  35:Drivers/STM32G0xx_HAL_Driver/Src/stm32g0xx_hal_dma_ex.c ****   * This software component is licensed by ST under BSD 3-Clause license,
  36:Drivers/STM32G0xx_HAL_Driver/Src/stm32g0xx_hal_dma_ex.c ****   * the "License"; You may not use this file except in compliance with the 
  37:Drivers/STM32G0xx_HAL_Driver/Src/stm32g0xx_hal_dma_ex.c ****   * License. You may obtain a copy of the License at:
  38:Drivers/STM32G0xx_HAL_Driver/Src/stm32g0xx_hal_dma_ex.c ****   *                        opensource.org/licenses/BSD-3-Clause
  39:Drivers/STM32G0xx_HAL_Driver/Src/stm32g0xx_hal_dma_ex.c ****   *
  40:Drivers/STM32G0xx_HAL_Driver/Src/stm32g0xx_hal_dma_ex.c ****   ******************************************************************************
  41:Drivers/STM32G0xx_HAL_Driver/Src/stm32g0xx_hal_dma_ex.c ****   */
  42:Drivers/STM32G0xx_HAL_Driver/Src/stm32g0xx_hal_dma_ex.c **** 
  43:Drivers/STM32G0xx_HAL_Driver/Src/stm32g0xx_hal_dma_ex.c **** /* Includes ------------------------------------------------------------------*/
  44:Drivers/STM32G0xx_HAL_Driver/Src/stm32g0xx_hal_dma_ex.c **** #include "stm32g0xx_hal.h"
  45:Drivers/STM32G0xx_HAL_Driver/Src/stm32g0xx_hal_dma_ex.c **** 
  46:Drivers/STM32G0xx_HAL_Driver/Src/stm32g0xx_hal_dma_ex.c **** /** @addtogroup STM32G0xx_HAL_Driver
  47:Drivers/STM32G0xx_HAL_Driver/Src/stm32g0xx_hal_dma_ex.c ****   * @{
  48:Drivers/STM32G0xx_HAL_Driver/Src/stm32g0xx_hal_dma_ex.c ****   */
  49:Drivers/STM32G0xx_HAL_Driver/Src/stm32g0xx_hal_dma_ex.c **** 
  50:Drivers/STM32G0xx_HAL_Driver/Src/stm32g0xx_hal_dma_ex.c **** /** @defgroup DMAEx DMAEx
  51:Drivers/STM32G0xx_HAL_Driver/Src/stm32g0xx_hal_dma_ex.c ****   * @brief DMA Extended HAL module driver
  52:Drivers/STM32G0xx_HAL_Driver/Src/stm32g0xx_hal_dma_ex.c ****   * @{
  53:Drivers/STM32G0xx_HAL_Driver/Src/stm32g0xx_hal_dma_ex.c ****   */
  54:Drivers/STM32G0xx_HAL_Driver/Src/stm32g0xx_hal_dma_ex.c **** 
  55:Drivers/STM32G0xx_HAL_Driver/Src/stm32g0xx_hal_dma_ex.c **** #ifdef HAL_DMA_MODULE_ENABLED
  56:Drivers/STM32G0xx_HAL_Driver/Src/stm32g0xx_hal_dma_ex.c **** 
  57:Drivers/STM32G0xx_HAL_Driver/Src/stm32g0xx_hal_dma_ex.c **** /* Private typedef -----------------------------------------------------------*/
  58:Drivers/STM32G0xx_HAL_Driver/Src/stm32g0xx_hal_dma_ex.c **** /* Private define ------------------------------------------------------------*/
  59:Drivers/STM32G0xx_HAL_Driver/Src/stm32g0xx_hal_dma_ex.c **** /* Private macro -------------------------------------------------------------*/
  60:Drivers/STM32G0xx_HAL_Driver/Src/stm32g0xx_hal_dma_ex.c **** /* Private variables ---------------------------------------------------------*/
  61:Drivers/STM32G0xx_HAL_Driver/Src/stm32g0xx_hal_dma_ex.c **** /* Private Constants ---------------------------------------------------------*/
  62:Drivers/STM32G0xx_HAL_Driver/Src/stm32g0xx_hal_dma_ex.c **** /* Private function prototypes -----------------------------------------------*/
  63:Drivers/STM32G0xx_HAL_Driver/Src/stm32g0xx_hal_dma_ex.c **** /* Private functions ---------------------------------------------------------*/
  64:Drivers/STM32G0xx_HAL_Driver/Src/stm32g0xx_hal_dma_ex.c **** 
  65:Drivers/STM32G0xx_HAL_Driver/Src/stm32g0xx_hal_dma_ex.c **** 
  66:Drivers/STM32G0xx_HAL_Driver/Src/stm32g0xx_hal_dma_ex.c **** /** @defgroup DMAEx_Exported_Functions DMAEx Exported Functions
  67:Drivers/STM32G0xx_HAL_Driver/Src/stm32g0xx_hal_dma_ex.c ****   * @{
  68:Drivers/STM32G0xx_HAL_Driver/Src/stm32g0xx_hal_dma_ex.c ****   */
  69:Drivers/STM32G0xx_HAL_Driver/Src/stm32g0xx_hal_dma_ex.c **** 
  70:Drivers/STM32G0xx_HAL_Driver/Src/stm32g0xx_hal_dma_ex.c **** /** @defgroup DMAEx_Exported_Functions_Group1 DMAEx Extended features functions
  71:Drivers/STM32G0xx_HAL_Driver/Src/stm32g0xx_hal_dma_ex.c ****  *  @brief   Extended features functions
  72:Drivers/STM32G0xx_HAL_Driver/Src/stm32g0xx_hal_dma_ex.c ****  *
  73:Drivers/STM32G0xx_HAL_Driver/Src/stm32g0xx_hal_dma_ex.c **** @verbatim
  74:Drivers/STM32G0xx_HAL_Driver/Src/stm32g0xx_hal_dma_ex.c ****  ===============================================================================
  75:Drivers/STM32G0xx_HAL_Driver/Src/stm32g0xx_hal_dma_ex.c ****                 #####  Extended features functions  #####
  76:Drivers/STM32G0xx_HAL_Driver/Src/stm32g0xx_hal_dma_ex.c ****  ===============================================================================
  77:Drivers/STM32G0xx_HAL_Driver/Src/stm32g0xx_hal_dma_ex.c ****     [..]  This section provides functions allowing to:
  78:Drivers/STM32G0xx_HAL_Driver/Src/stm32g0xx_hal_dma_ex.c **** 
  79:Drivers/STM32G0xx_HAL_Driver/Src/stm32g0xx_hal_dma_ex.c ****     (+) Configure the DMA_MUX Synchronization Block using HAL_DMAEx_ConfigMuxSync function.
  80:Drivers/STM32G0xx_HAL_Driver/Src/stm32g0xx_hal_dma_ex.c ****     (+) Configure the DMA_MUX Request Generator Block using HAL_DMAEx_ConfigMuxRequestGenerator fun
  81:Drivers/STM32G0xx_HAL_Driver/Src/stm32g0xx_hal_dma_ex.c ****        Functions HAL_DMAEx_EnableMuxRequestGenerator and HAL_DMAEx_DisableMuxRequestGenerator can t
  82:Drivers/STM32G0xx_HAL_Driver/Src/stm32g0xx_hal_dma_ex.c ****        to respectively enable/disable the request generator.
  83:Drivers/STM32G0xx_HAL_Driver/Src/stm32g0xx_hal_dma_ex.c **** 
  84:Drivers/STM32G0xx_HAL_Driver/Src/stm32g0xx_hal_dma_ex.c **** @endverbatim
  85:Drivers/STM32G0xx_HAL_Driver/Src/stm32g0xx_hal_dma_ex.c ****   * @{
  86:Drivers/STM32G0xx_HAL_Driver/Src/stm32g0xx_hal_dma_ex.c ****   */
  87:Drivers/STM32G0xx_HAL_Driver/Src/stm32g0xx_hal_dma_ex.c **** 
  88:Drivers/STM32G0xx_HAL_Driver/Src/stm32g0xx_hal_dma_ex.c **** /**
ARM GAS  /tmp/ccFGrCUk.s 			page 3


  89:Drivers/STM32G0xx_HAL_Driver/Src/stm32g0xx_hal_dma_ex.c ****   * @brief  Configure the DMAMUX synchronization parameters for a given DMA channel (instance).
  90:Drivers/STM32G0xx_HAL_Driver/Src/stm32g0xx_hal_dma_ex.c ****   * @param  hdma Pointer to a DMA_HandleTypeDef structure that contains
  91:Drivers/STM32G0xx_HAL_Driver/Src/stm32g0xx_hal_dma_ex.c ****   *                     the configuration information for the specified DMA channel.
  92:Drivers/STM32G0xx_HAL_Driver/Src/stm32g0xx_hal_dma_ex.c ****   * @param  pSyncConfig Pointer to HAL_DMA_MuxSyncConfigTypeDef : contains the DMAMUX synchronizati
  93:Drivers/STM32G0xx_HAL_Driver/Src/stm32g0xx_hal_dma_ex.c ****   * @retval HAL status
  94:Drivers/STM32G0xx_HAL_Driver/Src/stm32g0xx_hal_dma_ex.c ****   */
  95:Drivers/STM32G0xx_HAL_Driver/Src/stm32g0xx_hal_dma_ex.c **** HAL_StatusTypeDef HAL_DMAEx_ConfigMuxSync(DMA_HandleTypeDef *hdma, HAL_DMA_MuxSyncConfigTypeDef *pS
  96:Drivers/STM32G0xx_HAL_Driver/Src/stm32g0xx_hal_dma_ex.c **** {
  28              		.loc 1 96 1 view -0
  29              		.cfi_startproc
  30              		@ args = 0, pretend = 0, frame = 0
  31              		@ frame_needed = 0, uses_anonymous_args = 0
  32              		.loc 1 96 1 is_stmt 0 view .LVU1
  33 0000 70B5     		push	{r4, r5, r6, lr}
  34              	.LCFI0:
  35              		.cfi_def_cfa_offset 16
  36              		.cfi_offset 4, -16
  37              		.cfi_offset 5, -12
  38              		.cfi_offset 6, -8
  39              		.cfi_offset 14, -4
  97:Drivers/STM32G0xx_HAL_Driver/Src/stm32g0xx_hal_dma_ex.c ****   /* Check the parameters */
  98:Drivers/STM32G0xx_HAL_Driver/Src/stm32g0xx_hal_dma_ex.c ****   assert_param(IS_DMA_ALL_INSTANCE(hdma->Instance));
  40              		.loc 1 98 3 is_stmt 1 view .LVU2
  99:Drivers/STM32G0xx_HAL_Driver/Src/stm32g0xx_hal_dma_ex.c **** 
 100:Drivers/STM32G0xx_HAL_Driver/Src/stm32g0xx_hal_dma_ex.c ****   assert_param(IS_DMAMUX_SYNC_SIGNAL_ID(pSyncConfig->SyncSignalID));
  41              		.loc 1 100 3 view .LVU3
 101:Drivers/STM32G0xx_HAL_Driver/Src/stm32g0xx_hal_dma_ex.c **** 
 102:Drivers/STM32G0xx_HAL_Driver/Src/stm32g0xx_hal_dma_ex.c ****   assert_param(IS_DMAMUX_SYNC_POLARITY(pSyncConfig-> SyncPolarity));
  42              		.loc 1 102 3 view .LVU4
 103:Drivers/STM32G0xx_HAL_Driver/Src/stm32g0xx_hal_dma_ex.c ****   assert_param(IS_DMAMUX_SYNC_STATE(pSyncConfig->SyncEnable));
  43              		.loc 1 103 3 view .LVU5
 104:Drivers/STM32G0xx_HAL_Driver/Src/stm32g0xx_hal_dma_ex.c ****   assert_param(IS_DMAMUX_SYNC_EVENT(pSyncConfig->EventEnable));
  44              		.loc 1 104 3 view .LVU6
 105:Drivers/STM32G0xx_HAL_Driver/Src/stm32g0xx_hal_dma_ex.c ****   assert_param(IS_DMAMUX_SYNC_REQUEST_NUMBER(pSyncConfig->RequestNumber));
  45              		.loc 1 105 3 view .LVU7
 106:Drivers/STM32G0xx_HAL_Driver/Src/stm32g0xx_hal_dma_ex.c **** 
 107:Drivers/STM32G0xx_HAL_Driver/Src/stm32g0xx_hal_dma_ex.c ****   /*Check if the DMA state is ready */
 108:Drivers/STM32G0xx_HAL_Driver/Src/stm32g0xx_hal_dma_ex.c ****   if (hdma->State == HAL_DMA_STATE_READY)
  46              		.loc 1 108 3 view .LVU8
  47              		.loc 1 108 11 is_stmt 0 view .LVU9
  48 0002 2523     		movs	r3, #37
  49 0004 C35C     		ldrb	r3, [r0, r3]
  50              		.loc 1 108 6 view .LVU10
  51 0006 012B     		cmp	r3, #1
  52 0008 1ED1     		bne	.L3
 109:Drivers/STM32G0xx_HAL_Driver/Src/stm32g0xx_hal_dma_ex.c ****   {
 110:Drivers/STM32G0xx_HAL_Driver/Src/stm32g0xx_hal_dma_ex.c ****     /* Process Locked */
 111:Drivers/STM32G0xx_HAL_Driver/Src/stm32g0xx_hal_dma_ex.c ****     __HAL_LOCK(hdma);
  53              		.loc 1 111 5 is_stmt 1 view .LVU11
  54              		.loc 1 111 5 view .LVU12
  55 000a 2333     		adds	r3, r3, #35
  56 000c C35C     		ldrb	r3, [r0, r3]
  57 000e 012B     		cmp	r3, #1
  58 0010 1CD0     		beq	.L4
  59              		.loc 1 111 5 discriminator 2 view .LVU13
  60 0012 2425     		movs	r5, #36
  61 0014 0123     		movs	r3, #1
ARM GAS  /tmp/ccFGrCUk.s 			page 4


  62 0016 4355     		strb	r3, [r0, r5]
  63              		.loc 1 111 5 discriminator 2 view .LVU14
 112:Drivers/STM32G0xx_HAL_Driver/Src/stm32g0xx_hal_dma_ex.c **** 
 113:Drivers/STM32G0xx_HAL_Driver/Src/stm32g0xx_hal_dma_ex.c ****     /* Set the new synchronization parameters (and keep the request ID filled during the Init)*/
 114:Drivers/STM32G0xx_HAL_Driver/Src/stm32g0xx_hal_dma_ex.c ****     MODIFY_REG(hdma->DMAmuxChannel->CCR, \
  64              		.loc 1 114 5 discriminator 2 view .LVU15
  65 0018 466C     		ldr	r6, [r0, #68]
  66 001a 3368     		ldr	r3, [r6]
  67 001c FF24     		movs	r4, #255
  68 001e 1C40     		ands	r4, r3
  69 0020 0B68     		ldr	r3, [r1]
  70 0022 1B06     		lsls	r3, r3, #24
  71 0024 CA68     		ldr	r2, [r1, #12]
  72 0026 013A     		subs	r2, r2, #1
  73 0028 D204     		lsls	r2, r2, #19
  74 002a 1343     		orrs	r3, r2
  75 002c 4A68     		ldr	r2, [r1, #4]
  76 002e 1343     		orrs	r3, r2
  77 0030 0A7A     		ldrb	r2, [r1, #8]
  78 0032 1204     		lsls	r2, r2, #16
  79 0034 1343     		orrs	r3, r2
  80 0036 4A7A     		ldrb	r2, [r1, #9]
  81 0038 5202     		lsls	r2, r2, #9
  82 003a 1343     		orrs	r3, r2
  83 003c 2343     		orrs	r3, r4
  84 003e 3360     		str	r3, [r6]
 115:Drivers/STM32G0xx_HAL_Driver/Src/stm32g0xx_hal_dma_ex.c ****                (~DMAMUX_CxCR_DMAREQ_ID), \
 116:Drivers/STM32G0xx_HAL_Driver/Src/stm32g0xx_hal_dma_ex.c ****                ((pSyncConfig->SyncSignalID) << DMAMUX_CxCR_SYNC_ID_Pos) | ((pSyncConfig->RequestNum
 117:Drivers/STM32G0xx_HAL_Driver/Src/stm32g0xx_hal_dma_ex.c ****                pSyncConfig->SyncPolarity | ((uint32_t)pSyncConfig->SyncEnable << DMAMUX_CxCR_SE_Pos
 118:Drivers/STM32G0xx_HAL_Driver/Src/stm32g0xx_hal_dma_ex.c ****                ((uint32_t)pSyncConfig->EventEnable << DMAMUX_CxCR_EGE_Pos));
 119:Drivers/STM32G0xx_HAL_Driver/Src/stm32g0xx_hal_dma_ex.c **** 
 120:Drivers/STM32G0xx_HAL_Driver/Src/stm32g0xx_hal_dma_ex.c ****     /* Process UnLocked */
 121:Drivers/STM32G0xx_HAL_Driver/Src/stm32g0xx_hal_dma_ex.c ****     __HAL_UNLOCK(hdma);
  85              		.loc 1 121 5 discriminator 2 view .LVU16
  86              		.loc 1 121 5 discriminator 2 view .LVU17
  87 0040 0023     		movs	r3, #0
  88 0042 4355     		strb	r3, [r0, r5]
  89              		.loc 1 121 5 discriminator 2 view .LVU18
 122:Drivers/STM32G0xx_HAL_Driver/Src/stm32g0xx_hal_dma_ex.c **** 
 123:Drivers/STM32G0xx_HAL_Driver/Src/stm32g0xx_hal_dma_ex.c ****     return HAL_OK;
  90              		.loc 1 123 5 discriminator 2 view .LVU19
  91              		.loc 1 123 12 is_stmt 0 discriminator 2 view .LVU20
  92 0044 0020     		movs	r0, #0
  93              	.LVL1:
  94              		.loc 1 123 12 discriminator 2 view .LVU21
  95 0046 00E0     		b	.L2
  96              	.LVL2:
  97              	.L3:
 124:Drivers/STM32G0xx_HAL_Driver/Src/stm32g0xx_hal_dma_ex.c ****   }
 125:Drivers/STM32G0xx_HAL_Driver/Src/stm32g0xx_hal_dma_ex.c ****   else
 126:Drivers/STM32G0xx_HAL_Driver/Src/stm32g0xx_hal_dma_ex.c ****   {
 127:Drivers/STM32G0xx_HAL_Driver/Src/stm32g0xx_hal_dma_ex.c ****     /*DMA State not Ready*/
 128:Drivers/STM32G0xx_HAL_Driver/Src/stm32g0xx_hal_dma_ex.c ****     return HAL_ERROR;
  98              		.loc 1 128 12 view .LVU22
  99 0048 0120     		movs	r0, #1
 100              	.LVL3:
 101              	.L2:
ARM GAS  /tmp/ccFGrCUk.s 			page 5


 129:Drivers/STM32G0xx_HAL_Driver/Src/stm32g0xx_hal_dma_ex.c ****   }
 130:Drivers/STM32G0xx_HAL_Driver/Src/stm32g0xx_hal_dma_ex.c **** }
 102              		.loc 1 130 1 view .LVU23
 103              		@ sp needed
 104 004a 70BD     		pop	{r4, r5, r6, pc}
 105              	.LVL4:
 106              	.L4:
 111:Drivers/STM32G0xx_HAL_Driver/Src/stm32g0xx_hal_dma_ex.c **** 
 107              		.loc 1 111 5 view .LVU24
 108 004c 0220     		movs	r0, #2
 109              	.LVL5:
 111:Drivers/STM32G0xx_HAL_Driver/Src/stm32g0xx_hal_dma_ex.c **** 
 110              		.loc 1 111 5 view .LVU25
 111 004e FCE7     		b	.L2
 112              		.cfi_endproc
 113              	.LFE158:
 115              		.section	.text.HAL_DMAEx_ConfigMuxRequestGenerator,"ax",%progbits
 116              		.align	1
 117              		.global	HAL_DMAEx_ConfigMuxRequestGenerator
 118              		.syntax unified
 119              		.code	16
 120              		.thumb_func
 121              		.fpu softvfp
 123              	HAL_DMAEx_ConfigMuxRequestGenerator:
 124              	.LVL6:
 125              	.LFB159:
 131:Drivers/STM32G0xx_HAL_Driver/Src/stm32g0xx_hal_dma_ex.c **** 
 132:Drivers/STM32G0xx_HAL_Driver/Src/stm32g0xx_hal_dma_ex.c **** /**
 133:Drivers/STM32G0xx_HAL_Driver/Src/stm32g0xx_hal_dma_ex.c ****   * @brief  Configure the DMAMUX request generator block used by the given DMA channel (instance).
 134:Drivers/STM32G0xx_HAL_Driver/Src/stm32g0xx_hal_dma_ex.c ****   * @param  hdma Pointer to a DMA_HandleTypeDef structure that contains
 135:Drivers/STM32G0xx_HAL_Driver/Src/stm32g0xx_hal_dma_ex.c ****   *                     the configuration information for the specified DMA channel.
 136:Drivers/STM32G0xx_HAL_Driver/Src/stm32g0xx_hal_dma_ex.c **** * @param  pRequestGeneratorConfig Pointer to HAL_DMA_MuxRequestGeneratorConfigTypeDef :
 137:Drivers/STM32G0xx_HAL_Driver/Src/stm32g0xx_hal_dma_ex.c ****   *         contains the request generator parameters.
 138:Drivers/STM32G0xx_HAL_Driver/Src/stm32g0xx_hal_dma_ex.c ****   *
 139:Drivers/STM32G0xx_HAL_Driver/Src/stm32g0xx_hal_dma_ex.c ****   * @retval HAL status
 140:Drivers/STM32G0xx_HAL_Driver/Src/stm32g0xx_hal_dma_ex.c ****   */
 141:Drivers/STM32G0xx_HAL_Driver/Src/stm32g0xx_hal_dma_ex.c **** HAL_StatusTypeDef HAL_DMAEx_ConfigMuxRequestGenerator(DMA_HandleTypeDef *hdma, HAL_DMA_MuxRequestGe
 142:Drivers/STM32G0xx_HAL_Driver/Src/stm32g0xx_hal_dma_ex.c **** {
 126              		.loc 1 142 1 is_stmt 1 view -0
 127              		.cfi_startproc
 128              		@ args = 0, pretend = 0, frame = 0
 129              		@ frame_needed = 0, uses_anonymous_args = 0
 130              		.loc 1 142 1 is_stmt 0 view .LVU27
 131 0000 30B5     		push	{r4, r5, lr}
 132              	.LCFI1:
 133              		.cfi_def_cfa_offset 12
 134              		.cfi_offset 4, -12
 135              		.cfi_offset 5, -8
 136              		.cfi_offset 14, -4
 137 0002 0300     		movs	r3, r0
 143:Drivers/STM32G0xx_HAL_Driver/Src/stm32g0xx_hal_dma_ex.c ****   /* Check the parameters */
 144:Drivers/STM32G0xx_HAL_Driver/Src/stm32g0xx_hal_dma_ex.c ****   assert_param(IS_DMA_ALL_INSTANCE(hdma->Instance));
 138              		.loc 1 144 3 is_stmt 1 view .LVU28
 145:Drivers/STM32G0xx_HAL_Driver/Src/stm32g0xx_hal_dma_ex.c **** 
 146:Drivers/STM32G0xx_HAL_Driver/Src/stm32g0xx_hal_dma_ex.c ****   assert_param(IS_DMAMUX_REQUEST_GEN_SIGNAL_ID(pRequestGeneratorConfig->SignalID));
 139              		.loc 1 146 3 view .LVU29
 147:Drivers/STM32G0xx_HAL_Driver/Src/stm32g0xx_hal_dma_ex.c **** 
ARM GAS  /tmp/ccFGrCUk.s 			page 6


 148:Drivers/STM32G0xx_HAL_Driver/Src/stm32g0xx_hal_dma_ex.c ****   assert_param(IS_DMAMUX_REQUEST_GEN_POLARITY(pRequestGeneratorConfig->Polarity));
 140              		.loc 1 148 3 view .LVU30
 149:Drivers/STM32G0xx_HAL_Driver/Src/stm32g0xx_hal_dma_ex.c ****   assert_param(IS_DMAMUX_REQUEST_GEN_REQUEST_NUMBER(pRequestGeneratorConfig->RequestNumber));
 141              		.loc 1 149 3 view .LVU31
 150:Drivers/STM32G0xx_HAL_Driver/Src/stm32g0xx_hal_dma_ex.c **** 
 151:Drivers/STM32G0xx_HAL_Driver/Src/stm32g0xx_hal_dma_ex.c ****   /* check if the DMA state is ready
 152:Drivers/STM32G0xx_HAL_Driver/Src/stm32g0xx_hal_dma_ex.c ****      and DMA is using a DMAMUX request generator block
 153:Drivers/STM32G0xx_HAL_Driver/Src/stm32g0xx_hal_dma_ex.c ****   */
 154:Drivers/STM32G0xx_HAL_Driver/Src/stm32g0xx_hal_dma_ex.c ****   if ((hdma->State == HAL_DMA_STATE_READY) && (hdma->DMAmuxRequestGen != 0U))
 142              		.loc 1 154 3 view .LVU32
 143              		.loc 1 154 12 is_stmt 0 view .LVU33
 144 0004 2522     		movs	r2, #37
 145 0006 825C     		ldrb	r2, [r0, r2]
 146 0008 D0B2     		uxtb	r0, r2
 147              	.LVL7:
 148              		.loc 1 154 6 view .LVU34
 149 000a 012A     		cmp	r2, #1
 150 000c 15D1     		bne	.L7
 151              		.loc 1 154 52 discriminator 1 view .LVU35
 152 000e 1C6D     		ldr	r4, [r3, #80]
 153              		.loc 1 154 44 discriminator 1 view .LVU36
 154 0010 002C     		cmp	r4, #0
 155 0012 13D0     		beq	.L6
 155:Drivers/STM32G0xx_HAL_Driver/Src/stm32g0xx_hal_dma_ex.c ****   {
 156:Drivers/STM32G0xx_HAL_Driver/Src/stm32g0xx_hal_dma_ex.c ****     /* Process Locked */
 157:Drivers/STM32G0xx_HAL_Driver/Src/stm32g0xx_hal_dma_ex.c ****     __HAL_LOCK(hdma);
 156              		.loc 1 157 5 is_stmt 1 view .LVU37
 157              		.loc 1 157 5 view .LVU38
 158 0014 2332     		adds	r2, r2, #35
 159 0016 9A5C     		ldrb	r2, [r3, r2]
 160 0018 012A     		cmp	r2, #1
 161 001a 10D0     		beq	.L8
 162              		.loc 1 157 5 discriminator 2 view .LVU39
 163 001c 2420     		movs	r0, #36
 164 001e 0122     		movs	r2, #1
 165 0020 1A54     		strb	r2, [r3, r0]
 166              		.loc 1 157 5 discriminator 2 view .LVU40
 158:Drivers/STM32G0xx_HAL_Driver/Src/stm32g0xx_hal_dma_ex.c **** 
 159:Drivers/STM32G0xx_HAL_Driver/Src/stm32g0xx_hal_dma_ex.c ****     /* Set the request generator new parameters*/
 160:Drivers/STM32G0xx_HAL_Driver/Src/stm32g0xx_hal_dma_ex.c ****     hdma->DMAmuxRequestGen->RGCR = pRequestGeneratorConfig->SignalID | \
 167              		.loc 1 160 5 discriminator 2 view .LVU41
 161:Drivers/STM32G0xx_HAL_Driver/Src/stm32g0xx_hal_dma_ex.c ****                                    ((pRequestGeneratorConfig->RequestNumber - 1U) << DMAMUX_RGxCR_G
 168              		.loc 1 161 77 is_stmt 0 discriminator 2 view .LVU42
 169 0022 8A68     		ldr	r2, [r1, #8]
 170 0024 013A     		subs	r2, r2, #1
 171              		.loc 1 161 83 discriminator 2 view .LVU43
 172 0026 D204     		lsls	r2, r2, #19
 160:Drivers/STM32G0xx_HAL_Driver/Src/stm32g0xx_hal_dma_ex.c ****                                    ((pRequestGeneratorConfig->RequestNumber - 1U) << DMAMUX_RGxCR_G
 173              		.loc 1 160 70 discriminator 2 view .LVU44
 174 0028 0D68     		ldr	r5, [r1]
 175 002a 2A43     		orrs	r2, r5
 162:Drivers/STM32G0xx_HAL_Driver/Src/stm32g0xx_hal_dma_ex.c ****                                    pRequestGeneratorConfig->Polarity;
 176              		.loc 1 162 59 discriminator 2 view .LVU45
 177 002c 4968     		ldr	r1, [r1, #4]
 178              	.LVL8:
 161:Drivers/STM32G0xx_HAL_Driver/Src/stm32g0xx_hal_dma_ex.c ****                                    ((pRequestGeneratorConfig->RequestNumber - 1U) << DMAMUX_RGxCR_G
 179              		.loc 1 161 111 discriminator 2 view .LVU46
ARM GAS  /tmp/ccFGrCUk.s 			page 7


 180 002e 0A43     		orrs	r2, r1
 160:Drivers/STM32G0xx_HAL_Driver/Src/stm32g0xx_hal_dma_ex.c ****                                    ((pRequestGeneratorConfig->RequestNumber - 1U) << DMAMUX_RGxCR_G
 181              		.loc 1 160 34 discriminator 2 view .LVU47
 182 0030 2260     		str	r2, [r4]
 163:Drivers/STM32G0xx_HAL_Driver/Src/stm32g0xx_hal_dma_ex.c ****     /* Process UnLocked */
 164:Drivers/STM32G0xx_HAL_Driver/Src/stm32g0xx_hal_dma_ex.c ****     __HAL_UNLOCK(hdma);
 183              		.loc 1 164 5 is_stmt 1 discriminator 2 view .LVU48
 184              		.loc 1 164 5 discriminator 2 view .LVU49
 185 0032 0022     		movs	r2, #0
 186 0034 1A54     		strb	r2, [r3, r0]
 187              		.loc 1 164 5 discriminator 2 view .LVU50
 165:Drivers/STM32G0xx_HAL_Driver/Src/stm32g0xx_hal_dma_ex.c **** 
 166:Drivers/STM32G0xx_HAL_Driver/Src/stm32g0xx_hal_dma_ex.c ****     return HAL_OK;
 188              		.loc 1 166 5 discriminator 2 view .LVU51
 189              		.loc 1 166 12 is_stmt 0 discriminator 2 view .LVU52
 190 0036 0020     		movs	r0, #0
 191 0038 00E0     		b	.L6
 192              	.LVL9:
 193              	.L7:
 167:Drivers/STM32G0xx_HAL_Driver/Src/stm32g0xx_hal_dma_ex.c ****   }
 168:Drivers/STM32G0xx_HAL_Driver/Src/stm32g0xx_hal_dma_ex.c ****   else
 169:Drivers/STM32G0xx_HAL_Driver/Src/stm32g0xx_hal_dma_ex.c ****   {
 170:Drivers/STM32G0xx_HAL_Driver/Src/stm32g0xx_hal_dma_ex.c ****     return HAL_ERROR;
 194              		.loc 1 170 12 view .LVU53
 195 003a 0120     		movs	r0, #1
 196              	.LVL10:
 197              	.L6:
 171:Drivers/STM32G0xx_HAL_Driver/Src/stm32g0xx_hal_dma_ex.c ****   }
 172:Drivers/STM32G0xx_HAL_Driver/Src/stm32g0xx_hal_dma_ex.c **** }
 198              		.loc 1 172 1 view .LVU54
 199              		@ sp needed
 200 003c 30BD     		pop	{r4, r5, pc}
 201              	.LVL11:
 202              	.L8:
 157:Drivers/STM32G0xx_HAL_Driver/Src/stm32g0xx_hal_dma_ex.c **** 
 203              		.loc 1 157 5 view .LVU55
 204 003e 0220     		movs	r0, #2
 205 0040 FCE7     		b	.L6
 206              		.cfi_endproc
 207              	.LFE159:
 209              		.section	.text.HAL_DMAEx_EnableMuxRequestGenerator,"ax",%progbits
 210              		.align	1
 211              		.global	HAL_DMAEx_EnableMuxRequestGenerator
 212              		.syntax unified
 213              		.code	16
 214              		.thumb_func
 215              		.fpu softvfp
 217              	HAL_DMAEx_EnableMuxRequestGenerator:
 218              	.LVL12:
 219              	.LFB160:
 173:Drivers/STM32G0xx_HAL_Driver/Src/stm32g0xx_hal_dma_ex.c **** 
 174:Drivers/STM32G0xx_HAL_Driver/Src/stm32g0xx_hal_dma_ex.c **** /**
 175:Drivers/STM32G0xx_HAL_Driver/Src/stm32g0xx_hal_dma_ex.c ****   * @brief  Enable the DMAMUX request generator block used by the given DMA channel (instance).
 176:Drivers/STM32G0xx_HAL_Driver/Src/stm32g0xx_hal_dma_ex.c ****   * @param  hdma Pointer to a DMA_HandleTypeDef structure that contains
 177:Drivers/STM32G0xx_HAL_Driver/Src/stm32g0xx_hal_dma_ex.c ****   *                     the configuration information for the specified DMA channel.
 178:Drivers/STM32G0xx_HAL_Driver/Src/stm32g0xx_hal_dma_ex.c ****   * @retval HAL status
 179:Drivers/STM32G0xx_HAL_Driver/Src/stm32g0xx_hal_dma_ex.c ****   */
ARM GAS  /tmp/ccFGrCUk.s 			page 8


 180:Drivers/STM32G0xx_HAL_Driver/Src/stm32g0xx_hal_dma_ex.c **** HAL_StatusTypeDef HAL_DMAEx_EnableMuxRequestGenerator(DMA_HandleTypeDef *hdma)
 181:Drivers/STM32G0xx_HAL_Driver/Src/stm32g0xx_hal_dma_ex.c **** {
 220              		.loc 1 181 1 is_stmt 1 view -0
 221              		.cfi_startproc
 222              		@ args = 0, pretend = 0, frame = 0
 223              		@ frame_needed = 0, uses_anonymous_args = 0
 224              		@ link register save eliminated.
 182:Drivers/STM32G0xx_HAL_Driver/Src/stm32g0xx_hal_dma_ex.c ****   /* Check the parameters */
 183:Drivers/STM32G0xx_HAL_Driver/Src/stm32g0xx_hal_dma_ex.c ****   assert_param(IS_DMA_ALL_INSTANCE(hdma->Instance));
 225              		.loc 1 183 3 view .LVU57
 184:Drivers/STM32G0xx_HAL_Driver/Src/stm32g0xx_hal_dma_ex.c **** 
 185:Drivers/STM32G0xx_HAL_Driver/Src/stm32g0xx_hal_dma_ex.c ****   /* check if the DMA state is ready
 186:Drivers/STM32G0xx_HAL_Driver/Src/stm32g0xx_hal_dma_ex.c ****      and DMA is using a DMAMUX request generator block
 187:Drivers/STM32G0xx_HAL_Driver/Src/stm32g0xx_hal_dma_ex.c ****   */
 188:Drivers/STM32G0xx_HAL_Driver/Src/stm32g0xx_hal_dma_ex.c ****   if ((hdma->State != HAL_DMA_STATE_RESET) && (hdma->DMAmuxRequestGen != 0))
 226              		.loc 1 188 3 view .LVU58
 227              		.loc 1 188 12 is_stmt 0 view .LVU59
 228 0000 2523     		movs	r3, #37
 229 0002 C35C     		ldrb	r3, [r0, r3]
 230              		.loc 1 188 6 view .LVU60
 231 0004 002B     		cmp	r3, #0
 232 0006 09D0     		beq	.L11
 233              		.loc 1 188 52 discriminator 1 view .LVU61
 234 0008 036D     		ldr	r3, [r0, #80]
 235              		.loc 1 188 44 discriminator 1 view .LVU62
 236 000a 002B     		cmp	r3, #0
 237 000c 08D0     		beq	.L12
 189:Drivers/STM32G0xx_HAL_Driver/Src/stm32g0xx_hal_dma_ex.c ****   {
 190:Drivers/STM32G0xx_HAL_Driver/Src/stm32g0xx_hal_dma_ex.c **** 
 191:Drivers/STM32G0xx_HAL_Driver/Src/stm32g0xx_hal_dma_ex.c ****     /* Enable the request generator*/
 192:Drivers/STM32G0xx_HAL_Driver/Src/stm32g0xx_hal_dma_ex.c ****     hdma->DMAmuxRequestGen->RGCR |= DMAMUX_RGxCR_GE;
 238              		.loc 1 192 5 is_stmt 1 view .LVU63
 239              		.loc 1 192 34 is_stmt 0 view .LVU64
 240 000e 1968     		ldr	r1, [r3]
 241 0010 8022     		movs	r2, #128
 242 0012 5202     		lsls	r2, r2, #9
 243 0014 0A43     		orrs	r2, r1
 244 0016 1A60     		str	r2, [r3]
 193:Drivers/STM32G0xx_HAL_Driver/Src/stm32g0xx_hal_dma_ex.c **** 
 194:Drivers/STM32G0xx_HAL_Driver/Src/stm32g0xx_hal_dma_ex.c ****     return HAL_OK;
 245              		.loc 1 194 5 is_stmt 1 view .LVU65
 246              		.loc 1 194 12 is_stmt 0 view .LVU66
 247 0018 0020     		movs	r0, #0
 248              	.LVL13:
 249              	.L10:
 195:Drivers/STM32G0xx_HAL_Driver/Src/stm32g0xx_hal_dma_ex.c ****   }
 196:Drivers/STM32G0xx_HAL_Driver/Src/stm32g0xx_hal_dma_ex.c ****   else
 197:Drivers/STM32G0xx_HAL_Driver/Src/stm32g0xx_hal_dma_ex.c ****   {
 198:Drivers/STM32G0xx_HAL_Driver/Src/stm32g0xx_hal_dma_ex.c ****     return HAL_ERROR;
 199:Drivers/STM32G0xx_HAL_Driver/Src/stm32g0xx_hal_dma_ex.c ****   }
 200:Drivers/STM32G0xx_HAL_Driver/Src/stm32g0xx_hal_dma_ex.c **** }
 250              		.loc 1 200 1 view .LVU67
 251              		@ sp needed
 252 001a 7047     		bx	lr
 253              	.LVL14:
 254              	.L11:
 198:Drivers/STM32G0xx_HAL_Driver/Src/stm32g0xx_hal_dma_ex.c ****   }
ARM GAS  /tmp/ccFGrCUk.s 			page 9


 255              		.loc 1 198 12 view .LVU68
 256 001c 0120     		movs	r0, #1
 257              	.LVL15:
 198:Drivers/STM32G0xx_HAL_Driver/Src/stm32g0xx_hal_dma_ex.c ****   }
 258              		.loc 1 198 12 view .LVU69
 259 001e FCE7     		b	.L10
 260              	.LVL16:
 261              	.L12:
 198:Drivers/STM32G0xx_HAL_Driver/Src/stm32g0xx_hal_dma_ex.c ****   }
 262              		.loc 1 198 12 view .LVU70
 263 0020 0120     		movs	r0, #1
 264              	.LVL17:
 198:Drivers/STM32G0xx_HAL_Driver/Src/stm32g0xx_hal_dma_ex.c ****   }
 265              		.loc 1 198 12 view .LVU71
 266 0022 FAE7     		b	.L10
 267              		.cfi_endproc
 268              	.LFE160:
 270              		.section	.text.HAL_DMAEx_DisableMuxRequestGenerator,"ax",%progbits
 271              		.align	1
 272              		.global	HAL_DMAEx_DisableMuxRequestGenerator
 273              		.syntax unified
 274              		.code	16
 275              		.thumb_func
 276              		.fpu softvfp
 278              	HAL_DMAEx_DisableMuxRequestGenerator:
 279              	.LVL18:
 280              	.LFB161:
 201:Drivers/STM32G0xx_HAL_Driver/Src/stm32g0xx_hal_dma_ex.c **** 
 202:Drivers/STM32G0xx_HAL_Driver/Src/stm32g0xx_hal_dma_ex.c **** /**
 203:Drivers/STM32G0xx_HAL_Driver/Src/stm32g0xx_hal_dma_ex.c ****   * @brief  Disable the DMAMUX request generator block used by the given DMA channel (instance).
 204:Drivers/STM32G0xx_HAL_Driver/Src/stm32g0xx_hal_dma_ex.c ****   * @param  hdma Pointer to a DMA_HandleTypeDef structure that contains
 205:Drivers/STM32G0xx_HAL_Driver/Src/stm32g0xx_hal_dma_ex.c ****   *                     the configuration information for the specified DMA channel.
 206:Drivers/STM32G0xx_HAL_Driver/Src/stm32g0xx_hal_dma_ex.c ****   * @retval HAL status
 207:Drivers/STM32G0xx_HAL_Driver/Src/stm32g0xx_hal_dma_ex.c ****   */
 208:Drivers/STM32G0xx_HAL_Driver/Src/stm32g0xx_hal_dma_ex.c **** HAL_StatusTypeDef HAL_DMAEx_DisableMuxRequestGenerator(DMA_HandleTypeDef *hdma)
 209:Drivers/STM32G0xx_HAL_Driver/Src/stm32g0xx_hal_dma_ex.c **** {
 281              		.loc 1 209 1 is_stmt 1 view -0
 282              		.cfi_startproc
 283              		@ args = 0, pretend = 0, frame = 0
 284              		@ frame_needed = 0, uses_anonymous_args = 0
 285              		@ link register save eliminated.
 210:Drivers/STM32G0xx_HAL_Driver/Src/stm32g0xx_hal_dma_ex.c ****   /* Check the parameters */
 211:Drivers/STM32G0xx_HAL_Driver/Src/stm32g0xx_hal_dma_ex.c ****   assert_param(IS_DMA_ALL_INSTANCE(hdma->Instance));
 286              		.loc 1 211 3 view .LVU73
 212:Drivers/STM32G0xx_HAL_Driver/Src/stm32g0xx_hal_dma_ex.c **** 
 213:Drivers/STM32G0xx_HAL_Driver/Src/stm32g0xx_hal_dma_ex.c ****   /* check if the DMA state is ready
 214:Drivers/STM32G0xx_HAL_Driver/Src/stm32g0xx_hal_dma_ex.c ****      and DMA is using a DMAMUX request generator block
 215:Drivers/STM32G0xx_HAL_Driver/Src/stm32g0xx_hal_dma_ex.c ****   */
 216:Drivers/STM32G0xx_HAL_Driver/Src/stm32g0xx_hal_dma_ex.c ****   if ((hdma->State != HAL_DMA_STATE_RESET) && (hdma->DMAmuxRequestGen != 0))
 287              		.loc 1 216 3 view .LVU74
 288              		.loc 1 216 12 is_stmt 0 view .LVU75
 289 0000 2523     		movs	r3, #37
 290 0002 C35C     		ldrb	r3, [r0, r3]
 291              		.loc 1 216 6 view .LVU76
 292 0004 002B     		cmp	r3, #0
 293 0006 08D0     		beq	.L15
 294              		.loc 1 216 52 discriminator 1 view .LVU77
ARM GAS  /tmp/ccFGrCUk.s 			page 10


 295 0008 036D     		ldr	r3, [r0, #80]
 296              		.loc 1 216 44 discriminator 1 view .LVU78
 297 000a 002B     		cmp	r3, #0
 298 000c 07D0     		beq	.L16
 217:Drivers/STM32G0xx_HAL_Driver/Src/stm32g0xx_hal_dma_ex.c ****   {
 218:Drivers/STM32G0xx_HAL_Driver/Src/stm32g0xx_hal_dma_ex.c **** 
 219:Drivers/STM32G0xx_HAL_Driver/Src/stm32g0xx_hal_dma_ex.c ****     /* Disable the request generator*/
 220:Drivers/STM32G0xx_HAL_Driver/Src/stm32g0xx_hal_dma_ex.c ****     hdma->DMAmuxRequestGen->RGCR &= ~DMAMUX_RGxCR_GE;
 299              		.loc 1 220 5 is_stmt 1 view .LVU79
 300              		.loc 1 220 34 is_stmt 0 view .LVU80
 301 000e 1A68     		ldr	r2, [r3]
 302 0010 0449     		ldr	r1, .L17
 303 0012 0A40     		ands	r2, r1
 304 0014 1A60     		str	r2, [r3]
 221:Drivers/STM32G0xx_HAL_Driver/Src/stm32g0xx_hal_dma_ex.c **** 
 222:Drivers/STM32G0xx_HAL_Driver/Src/stm32g0xx_hal_dma_ex.c ****     return HAL_OK;
 305              		.loc 1 222 5 is_stmt 1 view .LVU81
 306              		.loc 1 222 12 is_stmt 0 view .LVU82
 307 0016 0020     		movs	r0, #0
 308              	.LVL19:
 309              	.L14:
 223:Drivers/STM32G0xx_HAL_Driver/Src/stm32g0xx_hal_dma_ex.c ****   }
 224:Drivers/STM32G0xx_HAL_Driver/Src/stm32g0xx_hal_dma_ex.c ****   else
 225:Drivers/STM32G0xx_HAL_Driver/Src/stm32g0xx_hal_dma_ex.c ****   {
 226:Drivers/STM32G0xx_HAL_Driver/Src/stm32g0xx_hal_dma_ex.c ****     return HAL_ERROR;
 227:Drivers/STM32G0xx_HAL_Driver/Src/stm32g0xx_hal_dma_ex.c ****   }
 228:Drivers/STM32G0xx_HAL_Driver/Src/stm32g0xx_hal_dma_ex.c **** }
 310              		.loc 1 228 1 view .LVU83
 311              		@ sp needed
 312 0018 7047     		bx	lr
 313              	.LVL20:
 314              	.L15:
 226:Drivers/STM32G0xx_HAL_Driver/Src/stm32g0xx_hal_dma_ex.c ****   }
 315              		.loc 1 226 12 view .LVU84
 316 001a 0120     		movs	r0, #1
 317              	.LVL21:
 226:Drivers/STM32G0xx_HAL_Driver/Src/stm32g0xx_hal_dma_ex.c ****   }
 318              		.loc 1 226 12 view .LVU85
 319 001c FCE7     		b	.L14
 320              	.LVL22:
 321              	.L16:
 226:Drivers/STM32G0xx_HAL_Driver/Src/stm32g0xx_hal_dma_ex.c ****   }
 322              		.loc 1 226 12 view .LVU86
 323 001e 0120     		movs	r0, #1
 324              	.LVL23:
 226:Drivers/STM32G0xx_HAL_Driver/Src/stm32g0xx_hal_dma_ex.c ****   }
 325              		.loc 1 226 12 view .LVU87
 326 0020 FAE7     		b	.L14
 327              	.L18:
 328 0022 C046     		.align	2
 329              	.L17:
 330 0024 FFFFFEFF 		.word	-65537
 331              		.cfi_endproc
 332              	.LFE161:
 334              		.section	.text.HAL_DMAEx_MUX_IRQHandler,"ax",%progbits
 335              		.align	1
 336              		.global	HAL_DMAEx_MUX_IRQHandler
ARM GAS  /tmp/ccFGrCUk.s 			page 11


 337              		.syntax unified
 338              		.code	16
 339              		.thumb_func
 340              		.fpu softvfp
 342              	HAL_DMAEx_MUX_IRQHandler:
 343              	.LVL24:
 344              	.LFB162:
 229:Drivers/STM32G0xx_HAL_Driver/Src/stm32g0xx_hal_dma_ex.c **** 
 230:Drivers/STM32G0xx_HAL_Driver/Src/stm32g0xx_hal_dma_ex.c **** /**
 231:Drivers/STM32G0xx_HAL_Driver/Src/stm32g0xx_hal_dma_ex.c ****   * @brief  Handles DMAMUX interrupt request.
 232:Drivers/STM32G0xx_HAL_Driver/Src/stm32g0xx_hal_dma_ex.c ****   * @param  hdma Pointer to a DMA_HandleTypeDef structure that contains
 233:Drivers/STM32G0xx_HAL_Driver/Src/stm32g0xx_hal_dma_ex.c ****   *               the configuration information for the specified DMA channel.
 234:Drivers/STM32G0xx_HAL_Driver/Src/stm32g0xx_hal_dma_ex.c ****   * @retval None
 235:Drivers/STM32G0xx_HAL_Driver/Src/stm32g0xx_hal_dma_ex.c ****   */
 236:Drivers/STM32G0xx_HAL_Driver/Src/stm32g0xx_hal_dma_ex.c **** void HAL_DMAEx_MUX_IRQHandler(DMA_HandleTypeDef *hdma)
 237:Drivers/STM32G0xx_HAL_Driver/Src/stm32g0xx_hal_dma_ex.c **** {
 345              		.loc 1 237 1 is_stmt 1 view -0
 346              		.cfi_startproc
 347              		@ args = 0, pretend = 0, frame = 0
 348              		@ frame_needed = 0, uses_anonymous_args = 0
 349              		.loc 1 237 1 is_stmt 0 view .LVU89
 350 0000 10B5     		push	{r4, lr}
 351              	.LCFI2:
 352              		.cfi_def_cfa_offset 8
 353              		.cfi_offset 4, -8
 354              		.cfi_offset 14, -4
 355 0002 0400     		movs	r4, r0
 238:Drivers/STM32G0xx_HAL_Driver/Src/stm32g0xx_hal_dma_ex.c ****   /* Check for DMAMUX Synchronization overrun */
 239:Drivers/STM32G0xx_HAL_Driver/Src/stm32g0xx_hal_dma_ex.c ****   if ((hdma->DMAmuxChannelStatus->CSR & hdma->DMAmuxChannelStatusMask) != 0U)
 356              		.loc 1 239 3 is_stmt 1 view .LVU90
 357              		.loc 1 239 12 is_stmt 0 view .LVU91
 358 0004 836C     		ldr	r3, [r0, #72]
 359              		.loc 1 239 33 view .LVU92
 360 0006 1B68     		ldr	r3, [r3]
 361              		.loc 1 239 6 view .LVU93
 362 0008 C26C     		ldr	r2, [r0, #76]
 363 000a 1A42     		tst	r2, r3
 364 000c 10D0     		beq	.L20
 240:Drivers/STM32G0xx_HAL_Driver/Src/stm32g0xx_hal_dma_ex.c ****   {
 241:Drivers/STM32G0xx_HAL_Driver/Src/stm32g0xx_hal_dma_ex.c ****     /* Disable the synchro overrun interrupt */
 242:Drivers/STM32G0xx_HAL_Driver/Src/stm32g0xx_hal_dma_ex.c ****     hdma->DMAmuxChannel->CCR &= ~DMAMUX_CxCR_SOIE;
 365              		.loc 1 242 5 is_stmt 1 view .LVU94
 366              		.loc 1 242 9 is_stmt 0 view .LVU95
 367 000e 426C     		ldr	r2, [r0, #68]
 368              		.loc 1 242 30 view .LVU96
 369 0010 1368     		ldr	r3, [r2]
 370 0012 1449     		ldr	r1, .L22
 371 0014 0B40     		ands	r3, r1
 372 0016 1360     		str	r3, [r2]
 243:Drivers/STM32G0xx_HAL_Driver/Src/stm32g0xx_hal_dma_ex.c **** 
 244:Drivers/STM32G0xx_HAL_Driver/Src/stm32g0xx_hal_dma_ex.c ****     /* Clear the DMAMUX synchro overrun flag */
 245:Drivers/STM32G0xx_HAL_Driver/Src/stm32g0xx_hal_dma_ex.c ****     hdma->DMAmuxChannelStatus->CFR = hdma->DMAmuxChannelStatusMask;
 373              		.loc 1 245 5 is_stmt 1 view .LVU97
 374              		.loc 1 245 9 is_stmt 0 view .LVU98
 375 0018 836C     		ldr	r3, [r0, #72]
 376              		.loc 1 245 36 view .LVU99
 377 001a C26C     		ldr	r2, [r0, #76]
ARM GAS  /tmp/ccFGrCUk.s 			page 12


 378 001c 5A60     		str	r2, [r3, #4]
 246:Drivers/STM32G0xx_HAL_Driver/Src/stm32g0xx_hal_dma_ex.c **** 
 247:Drivers/STM32G0xx_HAL_Driver/Src/stm32g0xx_hal_dma_ex.c ****     /* Update error code */
 248:Drivers/STM32G0xx_HAL_Driver/Src/stm32g0xx_hal_dma_ex.c ****     hdma->ErrorCode |= HAL_DMA_ERROR_SYNC;
 379              		.loc 1 248 5 is_stmt 1 view .LVU100
 380              		.loc 1 248 21 is_stmt 0 view .LVU101
 381 001e C26B     		ldr	r2, [r0, #60]
 382 0020 8023     		movs	r3, #128
 383 0022 9B00     		lsls	r3, r3, #2
 384 0024 1343     		orrs	r3, r2
 385 0026 C363     		str	r3, [r0, #60]
 249:Drivers/STM32G0xx_HAL_Driver/Src/stm32g0xx_hal_dma_ex.c **** 
 250:Drivers/STM32G0xx_HAL_Driver/Src/stm32g0xx_hal_dma_ex.c ****     if (hdma->XferErrorCallback != NULL)
 386              		.loc 1 250 5 is_stmt 1 view .LVU102
 387              		.loc 1 250 13 is_stmt 0 view .LVU103
 388 0028 436B     		ldr	r3, [r0, #52]
 389              		.loc 1 250 8 view .LVU104
 390 002a 002B     		cmp	r3, #0
 391 002c 00D0     		beq	.L20
 251:Drivers/STM32G0xx_HAL_Driver/Src/stm32g0xx_hal_dma_ex.c ****     {
 252:Drivers/STM32G0xx_HAL_Driver/Src/stm32g0xx_hal_dma_ex.c ****       /* Transfer error callback */
 253:Drivers/STM32G0xx_HAL_Driver/Src/stm32g0xx_hal_dma_ex.c ****       hdma->XferErrorCallback(hdma);
 392              		.loc 1 253 7 is_stmt 1 view .LVU105
 393 002e 9847     		blx	r3
 394              	.LVL25:
 395              	.L20:
 254:Drivers/STM32G0xx_HAL_Driver/Src/stm32g0xx_hal_dma_ex.c ****     }
 255:Drivers/STM32G0xx_HAL_Driver/Src/stm32g0xx_hal_dma_ex.c ****   }
 256:Drivers/STM32G0xx_HAL_Driver/Src/stm32g0xx_hal_dma_ex.c **** 
 257:Drivers/STM32G0xx_HAL_Driver/Src/stm32g0xx_hal_dma_ex.c ****   if (hdma->DMAmuxRequestGen != 0)
 396              		.loc 1 257 3 view .LVU106
 397              		.loc 1 257 11 is_stmt 0 view .LVU107
 398 0030 236D     		ldr	r3, [r4, #80]
 399              		.loc 1 257 6 view .LVU108
 400 0032 002B     		cmp	r3, #0
 401 0034 15D0     		beq	.L19
 258:Drivers/STM32G0xx_HAL_Driver/Src/stm32g0xx_hal_dma_ex.c ****   {
 259:Drivers/STM32G0xx_HAL_Driver/Src/stm32g0xx_hal_dma_ex.c ****     /* if using a DMAMUX request generator block Check for DMAMUX request generator overrun */
 260:Drivers/STM32G0xx_HAL_Driver/Src/stm32g0xx_hal_dma_ex.c ****     if ((hdma->DMAmuxRequestGenStatus->RGSR & hdma->DMAmuxRequestGenStatusMask) != 0U)
 402              		.loc 1 260 5 is_stmt 1 view .LVU109
 403              		.loc 1 260 14 is_stmt 0 view .LVU110
 404 0036 626D     		ldr	r2, [r4, #84]
 405              		.loc 1 260 38 view .LVU111
 406 0038 1268     		ldr	r2, [r2]
 407              		.loc 1 260 8 view .LVU112
 408 003a A16D     		ldr	r1, [r4, #88]
 409 003c 1142     		tst	r1, r2
 410 003e 10D0     		beq	.L19
 261:Drivers/STM32G0xx_HAL_Driver/Src/stm32g0xx_hal_dma_ex.c ****     {
 262:Drivers/STM32G0xx_HAL_Driver/Src/stm32g0xx_hal_dma_ex.c ****       /* Disable the request gen overrun interrupt */
 263:Drivers/STM32G0xx_HAL_Driver/Src/stm32g0xx_hal_dma_ex.c ****       hdma->DMAmuxRequestGen->RGCR &= ~DMAMUX_RGxCR_OIE;
 411              		.loc 1 263 7 is_stmt 1 view .LVU113
 412              		.loc 1 263 36 is_stmt 0 view .LVU114
 413 0040 1A68     		ldr	r2, [r3]
 414 0042 0849     		ldr	r1, .L22
 415 0044 0A40     		ands	r2, r1
 416 0046 1A60     		str	r2, [r3]
ARM GAS  /tmp/ccFGrCUk.s 			page 13


 264:Drivers/STM32G0xx_HAL_Driver/Src/stm32g0xx_hal_dma_ex.c **** 
 265:Drivers/STM32G0xx_HAL_Driver/Src/stm32g0xx_hal_dma_ex.c ****       /* Clear the DMAMUX request generator overrun flag */
 266:Drivers/STM32G0xx_HAL_Driver/Src/stm32g0xx_hal_dma_ex.c ****       hdma->DMAmuxRequestGenStatus->RGCFR = hdma->DMAmuxRequestGenStatusMask;
 417              		.loc 1 266 7 is_stmt 1 view .LVU115
 418              		.loc 1 266 11 is_stmt 0 view .LVU116
 419 0048 636D     		ldr	r3, [r4, #84]
 420              		.loc 1 266 43 view .LVU117
 421 004a A26D     		ldr	r2, [r4, #88]
 422 004c 5A60     		str	r2, [r3, #4]
 267:Drivers/STM32G0xx_HAL_Driver/Src/stm32g0xx_hal_dma_ex.c **** 
 268:Drivers/STM32G0xx_HAL_Driver/Src/stm32g0xx_hal_dma_ex.c ****       /* Update error code */
 269:Drivers/STM32G0xx_HAL_Driver/Src/stm32g0xx_hal_dma_ex.c ****       hdma->ErrorCode |= HAL_DMA_ERROR_REQGEN;
 423              		.loc 1 269 7 is_stmt 1 view .LVU118
 424              		.loc 1 269 23 is_stmt 0 view .LVU119
 425 004e E26B     		ldr	r2, [r4, #60]
 426 0050 8023     		movs	r3, #128
 427 0052 DB00     		lsls	r3, r3, #3
 428 0054 1343     		orrs	r3, r2
 429 0056 E363     		str	r3, [r4, #60]
 270:Drivers/STM32G0xx_HAL_Driver/Src/stm32g0xx_hal_dma_ex.c **** 
 271:Drivers/STM32G0xx_HAL_Driver/Src/stm32g0xx_hal_dma_ex.c ****       if (hdma->XferErrorCallback != NULL)
 430              		.loc 1 271 7 is_stmt 1 view .LVU120
 431              		.loc 1 271 15 is_stmt 0 view .LVU121
 432 0058 636B     		ldr	r3, [r4, #52]
 433              		.loc 1 271 10 view .LVU122
 434 005a 002B     		cmp	r3, #0
 435 005c 01D0     		beq	.L19
 272:Drivers/STM32G0xx_HAL_Driver/Src/stm32g0xx_hal_dma_ex.c ****       {
 273:Drivers/STM32G0xx_HAL_Driver/Src/stm32g0xx_hal_dma_ex.c ****         /* Transfer error callback */
 274:Drivers/STM32G0xx_HAL_Driver/Src/stm32g0xx_hal_dma_ex.c ****         hdma->XferErrorCallback(hdma);
 436              		.loc 1 274 9 is_stmt 1 view .LVU123
 437 005e 2000     		movs	r0, r4
 438 0060 9847     		blx	r3
 439              	.LVL26:
 440              	.L19:
 275:Drivers/STM32G0xx_HAL_Driver/Src/stm32g0xx_hal_dma_ex.c ****       }
 276:Drivers/STM32G0xx_HAL_Driver/Src/stm32g0xx_hal_dma_ex.c ****     }
 277:Drivers/STM32G0xx_HAL_Driver/Src/stm32g0xx_hal_dma_ex.c ****   }
 278:Drivers/STM32G0xx_HAL_Driver/Src/stm32g0xx_hal_dma_ex.c **** }
 441              		.loc 1 278 1 is_stmt 0 view .LVU124
 442              		@ sp needed
 443              	.LVL27:
 444              		.loc 1 278 1 view .LVU125
 445 0062 10BD     		pop	{r4, pc}
 446              	.L23:
 447              		.align	2
 448              	.L22:
 449 0064 FFFEFFFF 		.word	-257
 450              		.cfi_endproc
 451              	.LFE162:
 453              		.text
 454              	.Letext0:
 455              		.file 2 "/usr/arm-none-eabi/include/machine/_default_types.h"
 456              		.file 3 "/usr/arm-none-eabi/include/sys/_stdint.h"
 457              		.file 4 "Drivers/CMSIS/Device/ST/STM32G0xx/Include/system_stm32g0xx.h"
 458              		.file 5 "Drivers/CMSIS/Device/ST/STM32G0xx/Include/stm32g070xx.h"
 459              		.file 6 "Drivers/CMSIS/Device/ST/STM32G0xx/Include/stm32g0xx.h"
ARM GAS  /tmp/ccFGrCUk.s 			page 14


 460              		.file 7 "Drivers/STM32G0xx_HAL_Driver/Inc/stm32g0xx_hal_def.h"
 461              		.file 8 "Drivers/STM32G0xx_HAL_Driver/Inc/stm32g0xx_hal_dma.h"
 462              		.file 9 "Drivers/STM32G0xx_HAL_Driver/Inc/stm32g0xx_hal_dma_ex.h"
 463              		.file 10 "Drivers/STM32G0xx_HAL_Driver/Inc/stm32g0xx_hal_flash.h"
 464              		.file 11 "Drivers/STM32G0xx_HAL_Driver/Inc/stm32g0xx_hal.h"
ARM GAS  /tmp/ccFGrCUk.s 			page 15


DEFINED SYMBOLS
                            *ABS*:0000000000000000 stm32g0xx_hal_dma_ex.c
     /tmp/ccFGrCUk.s:16     .text.HAL_DMAEx_ConfigMuxSync:0000000000000000 $t
     /tmp/ccFGrCUk.s:24     .text.HAL_DMAEx_ConfigMuxSync:0000000000000000 HAL_DMAEx_ConfigMuxSync
     /tmp/ccFGrCUk.s:116    .text.HAL_DMAEx_ConfigMuxRequestGenerator:0000000000000000 $t
     /tmp/ccFGrCUk.s:123    .text.HAL_DMAEx_ConfigMuxRequestGenerator:0000000000000000 HAL_DMAEx_ConfigMuxRequestGenerator
     /tmp/ccFGrCUk.s:210    .text.HAL_DMAEx_EnableMuxRequestGenerator:0000000000000000 $t
     /tmp/ccFGrCUk.s:217    .text.HAL_DMAEx_EnableMuxRequestGenerator:0000000000000000 HAL_DMAEx_EnableMuxRequestGenerator
     /tmp/ccFGrCUk.s:271    .text.HAL_DMAEx_DisableMuxRequestGenerator:0000000000000000 $t
     /tmp/ccFGrCUk.s:278    .text.HAL_DMAEx_DisableMuxRequestGenerator:0000000000000000 HAL_DMAEx_DisableMuxRequestGenerator
     /tmp/ccFGrCUk.s:330    .text.HAL_DMAEx_DisableMuxRequestGenerator:0000000000000024 $d
     /tmp/ccFGrCUk.s:335    .text.HAL_DMAEx_MUX_IRQHandler:0000000000000000 $t
     /tmp/ccFGrCUk.s:342    .text.HAL_DMAEx_MUX_IRQHandler:0000000000000000 HAL_DMAEx_MUX_IRQHandler
     /tmp/ccFGrCUk.s:449    .text.HAL_DMAEx_MUX_IRQHandler:0000000000000064 $d

NO UNDEFINED SYMBOLS
