ARM GAS  /tmp/cce7VX0v.s 			page 1


   1              		.cpu cortex-m0
   2              		.eabi_attribute 20, 1
   3              		.eabi_attribute 21, 1
   4              		.eabi_attribute 23, 3
   5              		.eabi_attribute 24, 1
   6              		.eabi_attribute 25, 1
   7              		.eabi_attribute 26, 1
   8              		.eabi_attribute 30, 1
   9              		.eabi_attribute 34, 0
  10              		.eabi_attribute 18, 4
  11              		.file	"stm32f0xx_hal_msp.c"
  12              		.text
  13              	.Ltext0:
  14              		.cfi_sections	.debug_frame
  15              		.section	.text.HAL_MspInit,"ax",%progbits
  16              		.align	1
  17              		.global	HAL_MspInit
  18              		.arch armv6s-m
  19              		.syntax unified
  20              		.code	16
  21              		.thumb_func
  22              		.fpu softvfp
  24              	HAL_MspInit:
  25              	.LFB40:
  26              		.file 1 "Src/stm32f0xx_hal_msp.c"
   1:Src/stm32f0xx_hal_msp.c **** /* USER CODE BEGIN Header */
   2:Src/stm32f0xx_hal_msp.c **** /**
   3:Src/stm32f0xx_hal_msp.c ****   ******************************************************************************
   4:Src/stm32f0xx_hal_msp.c ****   * File Name          : stm32f0xx_hal_msp.c
   5:Src/stm32f0xx_hal_msp.c ****   * Description        : This file provides code for the MSP Initialization 
   6:Src/stm32f0xx_hal_msp.c ****   *                      and de-Initialization codes.
   7:Src/stm32f0xx_hal_msp.c ****   ******************************************************************************
   8:Src/stm32f0xx_hal_msp.c ****   * @attention
   9:Src/stm32f0xx_hal_msp.c ****   *
  10:Src/stm32f0xx_hal_msp.c ****   * <h2><center>&copy; Copyright (c) 2020 STMicroelectronics.
  11:Src/stm32f0xx_hal_msp.c ****   * All rights reserved.</center></h2>
  12:Src/stm32f0xx_hal_msp.c ****   *
  13:Src/stm32f0xx_hal_msp.c ****   * This software component is licensed by ST under Ultimate Liberty license
  14:Src/stm32f0xx_hal_msp.c ****   * SLA0044, the "License"; You may not use this file except in compliance with
  15:Src/stm32f0xx_hal_msp.c ****   * the License. You may obtain a copy of the License at:
  16:Src/stm32f0xx_hal_msp.c ****   *                             www.st.com/SLA0044
  17:Src/stm32f0xx_hal_msp.c ****   *
  18:Src/stm32f0xx_hal_msp.c ****   ******************************************************************************
  19:Src/stm32f0xx_hal_msp.c ****   */
  20:Src/stm32f0xx_hal_msp.c **** /* USER CODE END Header */
  21:Src/stm32f0xx_hal_msp.c **** 
  22:Src/stm32f0xx_hal_msp.c **** /* Includes ------------------------------------------------------------------*/
  23:Src/stm32f0xx_hal_msp.c **** #include "main.h"
  24:Src/stm32f0xx_hal_msp.c **** /* USER CODE BEGIN Includes */
  25:Src/stm32f0xx_hal_msp.c **** 
  26:Src/stm32f0xx_hal_msp.c **** /* USER CODE END Includes */
  27:Src/stm32f0xx_hal_msp.c **** 
  28:Src/stm32f0xx_hal_msp.c **** /* Private typedef -----------------------------------------------------------*/
  29:Src/stm32f0xx_hal_msp.c **** /* USER CODE BEGIN TD */
  30:Src/stm32f0xx_hal_msp.c **** 
  31:Src/stm32f0xx_hal_msp.c **** /* USER CODE END TD */
  32:Src/stm32f0xx_hal_msp.c **** 
ARM GAS  /tmp/cce7VX0v.s 			page 2


  33:Src/stm32f0xx_hal_msp.c **** /* Private define ------------------------------------------------------------*/
  34:Src/stm32f0xx_hal_msp.c **** /* USER CODE BEGIN Define */
  35:Src/stm32f0xx_hal_msp.c ****  
  36:Src/stm32f0xx_hal_msp.c **** /* USER CODE END Define */
  37:Src/stm32f0xx_hal_msp.c **** 
  38:Src/stm32f0xx_hal_msp.c **** /* Private macro -------------------------------------------------------------*/
  39:Src/stm32f0xx_hal_msp.c **** /* USER CODE BEGIN Macro */
  40:Src/stm32f0xx_hal_msp.c **** 
  41:Src/stm32f0xx_hal_msp.c **** /* USER CODE END Macro */
  42:Src/stm32f0xx_hal_msp.c **** 
  43:Src/stm32f0xx_hal_msp.c **** /* Private variables ---------------------------------------------------------*/
  44:Src/stm32f0xx_hal_msp.c **** /* USER CODE BEGIN PV */
  45:Src/stm32f0xx_hal_msp.c **** 
  46:Src/stm32f0xx_hal_msp.c **** /* USER CODE END PV */
  47:Src/stm32f0xx_hal_msp.c **** 
  48:Src/stm32f0xx_hal_msp.c **** /* Private function prototypes -----------------------------------------------*/
  49:Src/stm32f0xx_hal_msp.c **** /* USER CODE BEGIN PFP */
  50:Src/stm32f0xx_hal_msp.c **** 
  51:Src/stm32f0xx_hal_msp.c **** /* USER CODE END PFP */
  52:Src/stm32f0xx_hal_msp.c **** 
  53:Src/stm32f0xx_hal_msp.c **** /* External functions --------------------------------------------------------*/
  54:Src/stm32f0xx_hal_msp.c **** /* USER CODE BEGIN ExternalFunctions */
  55:Src/stm32f0xx_hal_msp.c **** 
  56:Src/stm32f0xx_hal_msp.c **** /* USER CODE END ExternalFunctions */
  57:Src/stm32f0xx_hal_msp.c **** 
  58:Src/stm32f0xx_hal_msp.c **** /* USER CODE BEGIN 0 */
  59:Src/stm32f0xx_hal_msp.c **** 
  60:Src/stm32f0xx_hal_msp.c **** /* USER CODE END 0 */
  61:Src/stm32f0xx_hal_msp.c **** /**
  62:Src/stm32f0xx_hal_msp.c ****   * Initializes the Global MSP.
  63:Src/stm32f0xx_hal_msp.c ****   */
  64:Src/stm32f0xx_hal_msp.c **** void HAL_MspInit(void)
  65:Src/stm32f0xx_hal_msp.c **** {
  27              		.loc 1 65 1 view -0
  28              		.cfi_startproc
  29              		@ args = 0, pretend = 0, frame = 8
  30              		@ frame_needed = 0, uses_anonymous_args = 0
  31              		@ link register save eliminated.
  32 0000 82B0     		sub	sp, sp, #8
  33              	.LCFI0:
  34              		.cfi_def_cfa_offset 8
  66:Src/stm32f0xx_hal_msp.c ****   /* USER CODE BEGIN MspInit 0 */
  67:Src/stm32f0xx_hal_msp.c **** 
  68:Src/stm32f0xx_hal_msp.c ****   /* USER CODE END MspInit 0 */
  69:Src/stm32f0xx_hal_msp.c **** 
  70:Src/stm32f0xx_hal_msp.c ****   __HAL_RCC_SYSCFG_CLK_ENABLE();
  35              		.loc 1 70 3 view .LVU1
  36              	.LBB2:
  37              		.loc 1 70 3 view .LVU2
  38              		.loc 1 70 3 view .LVU3
  39 0002 0A4B     		ldr	r3, .L2
  40 0004 9969     		ldr	r1, [r3, #24]
  41 0006 0122     		movs	r2, #1
  42 0008 1143     		orrs	r1, r2
  43 000a 9961     		str	r1, [r3, #24]
  44              		.loc 1 70 3 view .LVU4
  45 000c 9969     		ldr	r1, [r3, #24]
ARM GAS  /tmp/cce7VX0v.s 			page 3


  46 000e 0A40     		ands	r2, r1
  47 0010 0092     		str	r2, [sp]
  48              		.loc 1 70 3 view .LVU5
  49 0012 009A     		ldr	r2, [sp]
  50              	.LBE2:
  51              		.loc 1 70 3 view .LVU6
  71:Src/stm32f0xx_hal_msp.c ****   __HAL_RCC_PWR_CLK_ENABLE();
  52              		.loc 1 71 3 view .LVU7
  53              	.LBB3:
  54              		.loc 1 71 3 view .LVU8
  55              		.loc 1 71 3 view .LVU9
  56 0014 DA69     		ldr	r2, [r3, #28]
  57 0016 8021     		movs	r1, #128
  58 0018 4905     		lsls	r1, r1, #21
  59 001a 0A43     		orrs	r2, r1
  60 001c DA61     		str	r2, [r3, #28]
  61              		.loc 1 71 3 view .LVU10
  62 001e DB69     		ldr	r3, [r3, #28]
  63 0020 0B40     		ands	r3, r1
  64 0022 0193     		str	r3, [sp, #4]
  65              		.loc 1 71 3 view .LVU11
  66 0024 019B     		ldr	r3, [sp, #4]
  67              	.LBE3:
  68              		.loc 1 71 3 view .LVU12
  72:Src/stm32f0xx_hal_msp.c **** 
  73:Src/stm32f0xx_hal_msp.c ****   /* System interrupt init*/
  74:Src/stm32f0xx_hal_msp.c **** 
  75:Src/stm32f0xx_hal_msp.c ****   /* USER CODE BEGIN MspInit 1 */
  76:Src/stm32f0xx_hal_msp.c **** 
  77:Src/stm32f0xx_hal_msp.c ****   /* USER CODE END MspInit 1 */
  78:Src/stm32f0xx_hal_msp.c **** }
  69              		.loc 1 78 1 is_stmt 0 view .LVU13
  70 0026 02B0     		add	sp, sp, #8
  71              		@ sp needed
  72 0028 7047     		bx	lr
  73              	.L3:
  74 002a C046     		.align	2
  75              	.L2:
  76 002c 00100240 		.word	1073876992
  77              		.cfi_endproc
  78              	.LFE40:
  80              		.section	.text.HAL_I2C_MspInit,"ax",%progbits
  81              		.align	1
  82              		.global	HAL_I2C_MspInit
  83              		.syntax unified
  84              		.code	16
  85              		.thumb_func
  86              		.fpu softvfp
  88              	HAL_I2C_MspInit:
  89              	.LVL0:
  90              	.LFB41:
  79:Src/stm32f0xx_hal_msp.c **** 
  80:Src/stm32f0xx_hal_msp.c **** /**
  81:Src/stm32f0xx_hal_msp.c **** * @brief I2C MSP Initialization
  82:Src/stm32f0xx_hal_msp.c **** * This function configures the hardware resources used in this example
  83:Src/stm32f0xx_hal_msp.c **** * @param hi2c: I2C handle pointer
  84:Src/stm32f0xx_hal_msp.c **** * @retval None
ARM GAS  /tmp/cce7VX0v.s 			page 4


  85:Src/stm32f0xx_hal_msp.c **** */
  86:Src/stm32f0xx_hal_msp.c **** void HAL_I2C_MspInit(I2C_HandleTypeDef* hi2c)
  87:Src/stm32f0xx_hal_msp.c **** {
  91              		.loc 1 87 1 is_stmt 1 view -0
  92              		.cfi_startproc
  93              		@ args = 0, pretend = 0, frame = 32
  94              		@ frame_needed = 0, uses_anonymous_args = 0
  95              		.loc 1 87 1 is_stmt 0 view .LVU15
  96 0000 10B5     		push	{r4, lr}
  97              	.LCFI1:
  98              		.cfi_def_cfa_offset 8
  99              		.cfi_offset 4, -8
 100              		.cfi_offset 14, -4
 101 0002 88B0     		sub	sp, sp, #32
 102              	.LCFI2:
 103              		.cfi_def_cfa_offset 40
 104 0004 0400     		movs	r4, r0
  88:Src/stm32f0xx_hal_msp.c ****   GPIO_InitTypeDef GPIO_InitStruct = {0};
 105              		.loc 1 88 3 is_stmt 1 view .LVU16
 106              		.loc 1 88 20 is_stmt 0 view .LVU17
 107 0006 1422     		movs	r2, #20
 108 0008 0021     		movs	r1, #0
 109 000a 03A8     		add	r0, sp, #12
 110              	.LVL1:
 111              		.loc 1 88 20 view .LVU18
 112 000c FFF7FEFF 		bl	memset
 113              	.LVL2:
  89:Src/stm32f0xx_hal_msp.c ****   if(hi2c->Instance==I2C1)
 114              		.loc 1 89 3 is_stmt 1 view .LVU19
 115              		.loc 1 89 10 is_stmt 0 view .LVU20
 116 0010 2268     		ldr	r2, [r4]
 117              		.loc 1 89 5 view .LVU21
 118 0012 134B     		ldr	r3, .L7
 119 0014 9A42     		cmp	r2, r3
 120 0016 01D0     		beq	.L6
 121              	.LVL3:
 122              	.L4:
  90:Src/stm32f0xx_hal_msp.c ****   {
  91:Src/stm32f0xx_hal_msp.c ****   /* USER CODE BEGIN I2C1_MspInit 0 */
  92:Src/stm32f0xx_hal_msp.c **** 
  93:Src/stm32f0xx_hal_msp.c ****   /* USER CODE END I2C1_MspInit 0 */
  94:Src/stm32f0xx_hal_msp.c ****   
  95:Src/stm32f0xx_hal_msp.c ****     __HAL_RCC_GPIOB_CLK_ENABLE();
  96:Src/stm32f0xx_hal_msp.c ****     /**I2C1 GPIO Configuration    
  97:Src/stm32f0xx_hal_msp.c ****     PB6     ------> I2C1_SCL
  98:Src/stm32f0xx_hal_msp.c ****     PB7     ------> I2C1_SDA 
  99:Src/stm32f0xx_hal_msp.c ****     */
 100:Src/stm32f0xx_hal_msp.c ****     GPIO_InitStruct.Pin = GPIO_PIN_6|GPIO_PIN_7;
 101:Src/stm32f0xx_hal_msp.c ****     GPIO_InitStruct.Mode = GPIO_MODE_AF_OD;
 102:Src/stm32f0xx_hal_msp.c ****     GPIO_InitStruct.Pull = GPIO_PULLUP;
 103:Src/stm32f0xx_hal_msp.c ****     GPIO_InitStruct.Speed = GPIO_SPEED_FREQ_HIGH;
 104:Src/stm32f0xx_hal_msp.c ****     GPIO_InitStruct.Alternate = GPIO_AF1_I2C1;
 105:Src/stm32f0xx_hal_msp.c ****     HAL_GPIO_Init(GPIOB, &GPIO_InitStruct);
 106:Src/stm32f0xx_hal_msp.c **** 
 107:Src/stm32f0xx_hal_msp.c ****     /* Peripheral clock enable */
 108:Src/stm32f0xx_hal_msp.c ****     __HAL_RCC_I2C1_CLK_ENABLE();
 109:Src/stm32f0xx_hal_msp.c ****   /* USER CODE BEGIN I2C1_MspInit 1 */
ARM GAS  /tmp/cce7VX0v.s 			page 5


 110:Src/stm32f0xx_hal_msp.c **** 
 111:Src/stm32f0xx_hal_msp.c ****   /* USER CODE END I2C1_MspInit 1 */
 112:Src/stm32f0xx_hal_msp.c ****   }
 113:Src/stm32f0xx_hal_msp.c **** 
 114:Src/stm32f0xx_hal_msp.c **** }
 123              		.loc 1 114 1 view .LVU22
 124 0018 08B0     		add	sp, sp, #32
 125              		@ sp needed
 126 001a 10BD     		pop	{r4, pc}
 127              	.LVL4:
 128              	.L6:
  95:Src/stm32f0xx_hal_msp.c ****     /**I2C1 GPIO Configuration    
 129              		.loc 1 95 5 is_stmt 1 view .LVU23
 130              	.LBB4:
  95:Src/stm32f0xx_hal_msp.c ****     /**I2C1 GPIO Configuration    
 131              		.loc 1 95 5 view .LVU24
  95:Src/stm32f0xx_hal_msp.c ****     /**I2C1 GPIO Configuration    
 132              		.loc 1 95 5 view .LVU25
 133 001c 114C     		ldr	r4, .L7+4
 134              	.LVL5:
  95:Src/stm32f0xx_hal_msp.c ****     /**I2C1 GPIO Configuration    
 135              		.loc 1 95 5 is_stmt 0 view .LVU26
 136 001e 6269     		ldr	r2, [r4, #20]
 137 0020 8021     		movs	r1, #128
 138 0022 C902     		lsls	r1, r1, #11
 139 0024 0A43     		orrs	r2, r1
 140 0026 6261     		str	r2, [r4, #20]
  95:Src/stm32f0xx_hal_msp.c ****     /**I2C1 GPIO Configuration    
 141              		.loc 1 95 5 is_stmt 1 view .LVU27
 142 0028 6369     		ldr	r3, [r4, #20]
 143 002a 0B40     		ands	r3, r1
 144 002c 0193     		str	r3, [sp, #4]
  95:Src/stm32f0xx_hal_msp.c ****     /**I2C1 GPIO Configuration    
 145              		.loc 1 95 5 view .LVU28
 146 002e 019B     		ldr	r3, [sp, #4]
 147              	.LBE4:
  95:Src/stm32f0xx_hal_msp.c ****     /**I2C1 GPIO Configuration    
 148              		.loc 1 95 5 view .LVU29
 100:Src/stm32f0xx_hal_msp.c ****     GPIO_InitStruct.Mode = GPIO_MODE_AF_OD;
 149              		.loc 1 100 5 view .LVU30
 100:Src/stm32f0xx_hal_msp.c ****     GPIO_InitStruct.Mode = GPIO_MODE_AF_OD;
 150              		.loc 1 100 25 is_stmt 0 view .LVU31
 151 0030 C023     		movs	r3, #192
 152 0032 0393     		str	r3, [sp, #12]
 101:Src/stm32f0xx_hal_msp.c ****     GPIO_InitStruct.Pull = GPIO_PULLUP;
 153              		.loc 1 101 5 is_stmt 1 view .LVU32
 101:Src/stm32f0xx_hal_msp.c ****     GPIO_InitStruct.Pull = GPIO_PULLUP;
 154              		.loc 1 101 26 is_stmt 0 view .LVU33
 155 0034 AE3B     		subs	r3, r3, #174
 156 0036 0493     		str	r3, [sp, #16]
 102:Src/stm32f0xx_hal_msp.c ****     GPIO_InitStruct.Speed = GPIO_SPEED_FREQ_HIGH;
 157              		.loc 1 102 5 is_stmt 1 view .LVU34
 102:Src/stm32f0xx_hal_msp.c ****     GPIO_InitStruct.Speed = GPIO_SPEED_FREQ_HIGH;
 158              		.loc 1 102 26 is_stmt 0 view .LVU35
 159 0038 113B     		subs	r3, r3, #17
 160 003a 0593     		str	r3, [sp, #20]
 103:Src/stm32f0xx_hal_msp.c ****     GPIO_InitStruct.Alternate = GPIO_AF1_I2C1;
ARM GAS  /tmp/cce7VX0v.s 			page 6


 161              		.loc 1 103 5 is_stmt 1 view .LVU36
 103:Src/stm32f0xx_hal_msp.c ****     GPIO_InitStruct.Alternate = GPIO_AF1_I2C1;
 162              		.loc 1 103 27 is_stmt 0 view .LVU37
 163 003c 0322     		movs	r2, #3
 164 003e 0692     		str	r2, [sp, #24]
 104:Src/stm32f0xx_hal_msp.c ****     HAL_GPIO_Init(GPIOB, &GPIO_InitStruct);
 165              		.loc 1 104 5 is_stmt 1 view .LVU38
 104:Src/stm32f0xx_hal_msp.c ****     HAL_GPIO_Init(GPIOB, &GPIO_InitStruct);
 166              		.loc 1 104 31 is_stmt 0 view .LVU39
 167 0040 0793     		str	r3, [sp, #28]
 105:Src/stm32f0xx_hal_msp.c **** 
 168              		.loc 1 105 5 is_stmt 1 view .LVU40
 169 0042 03A9     		add	r1, sp, #12
 170 0044 0848     		ldr	r0, .L7+8
 171 0046 FFF7FEFF 		bl	HAL_GPIO_Init
 172              	.LVL6:
 108:Src/stm32f0xx_hal_msp.c ****   /* USER CODE BEGIN I2C1_MspInit 1 */
 173              		.loc 1 108 5 view .LVU41
 174              	.LBB5:
 108:Src/stm32f0xx_hal_msp.c ****   /* USER CODE BEGIN I2C1_MspInit 1 */
 175              		.loc 1 108 5 view .LVU42
 108:Src/stm32f0xx_hal_msp.c ****   /* USER CODE BEGIN I2C1_MspInit 1 */
 176              		.loc 1 108 5 view .LVU43
 177 004a E269     		ldr	r2, [r4, #28]
 178 004c 8021     		movs	r1, #128
 179 004e 8903     		lsls	r1, r1, #14
 180 0050 0A43     		orrs	r2, r1
 181 0052 E261     		str	r2, [r4, #28]
 108:Src/stm32f0xx_hal_msp.c ****   /* USER CODE BEGIN I2C1_MspInit 1 */
 182              		.loc 1 108 5 view .LVU44
 183 0054 E369     		ldr	r3, [r4, #28]
 184 0056 0B40     		ands	r3, r1
 185 0058 0293     		str	r3, [sp, #8]
 108:Src/stm32f0xx_hal_msp.c ****   /* USER CODE BEGIN I2C1_MspInit 1 */
 186              		.loc 1 108 5 view .LVU45
 187 005a 029B     		ldr	r3, [sp, #8]
 188              	.LBE5:
 108:Src/stm32f0xx_hal_msp.c ****   /* USER CODE BEGIN I2C1_MspInit 1 */
 189              		.loc 1 108 5 view .LVU46
 190              		.loc 1 114 1 is_stmt 0 view .LVU47
 191 005c DCE7     		b	.L4
 192              	.L8:
 193 005e C046     		.align	2
 194              	.L7:
 195 0060 00540040 		.word	1073763328
 196 0064 00100240 		.word	1073876992
 197 0068 00040048 		.word	1207960576
 198              		.cfi_endproc
 199              	.LFE41:
 201              		.section	.text.HAL_I2C_MspDeInit,"ax",%progbits
 202              		.align	1
 203              		.global	HAL_I2C_MspDeInit
 204              		.syntax unified
 205              		.code	16
 206              		.thumb_func
 207              		.fpu softvfp
 209              	HAL_I2C_MspDeInit:
ARM GAS  /tmp/cce7VX0v.s 			page 7


 210              	.LVL7:
 211              	.LFB42:
 115:Src/stm32f0xx_hal_msp.c **** 
 116:Src/stm32f0xx_hal_msp.c **** /**
 117:Src/stm32f0xx_hal_msp.c **** * @brief I2C MSP De-Initialization
 118:Src/stm32f0xx_hal_msp.c **** * This function freeze the hardware resources used in this example
 119:Src/stm32f0xx_hal_msp.c **** * @param hi2c: I2C handle pointer
 120:Src/stm32f0xx_hal_msp.c **** * @retval None
 121:Src/stm32f0xx_hal_msp.c **** */
 122:Src/stm32f0xx_hal_msp.c **** void HAL_I2C_MspDeInit(I2C_HandleTypeDef* hi2c)
 123:Src/stm32f0xx_hal_msp.c **** {
 212              		.loc 1 123 1 is_stmt 1 view -0
 213              		.cfi_startproc
 214              		@ args = 0, pretend = 0, frame = 0
 215              		@ frame_needed = 0, uses_anonymous_args = 0
 216              		.loc 1 123 1 is_stmt 0 view .LVU49
 217 0000 10B5     		push	{r4, lr}
 218              	.LCFI3:
 219              		.cfi_def_cfa_offset 8
 220              		.cfi_offset 4, -8
 221              		.cfi_offset 14, -4
 124:Src/stm32f0xx_hal_msp.c ****   if(hi2c->Instance==I2C1)
 222              		.loc 1 124 3 is_stmt 1 view .LVU50
 223              		.loc 1 124 10 is_stmt 0 view .LVU51
 224 0002 0268     		ldr	r2, [r0]
 225              		.loc 1 124 5 view .LVU52
 226 0004 064B     		ldr	r3, .L12
 227 0006 9A42     		cmp	r2, r3
 228 0008 00D0     		beq	.L11
 229              	.LVL8:
 230              	.L9:
 125:Src/stm32f0xx_hal_msp.c ****   {
 126:Src/stm32f0xx_hal_msp.c ****   /* USER CODE BEGIN I2C1_MspDeInit 0 */
 127:Src/stm32f0xx_hal_msp.c **** 
 128:Src/stm32f0xx_hal_msp.c ****   /* USER CODE END I2C1_MspDeInit 0 */
 129:Src/stm32f0xx_hal_msp.c ****     /* Peripheral clock disable */
 130:Src/stm32f0xx_hal_msp.c ****     __HAL_RCC_I2C1_CLK_DISABLE();
 131:Src/stm32f0xx_hal_msp.c ****   
 132:Src/stm32f0xx_hal_msp.c ****     /**I2C1 GPIO Configuration    
 133:Src/stm32f0xx_hal_msp.c ****     PB6     ------> I2C1_SCL
 134:Src/stm32f0xx_hal_msp.c ****     PB7     ------> I2C1_SDA 
 135:Src/stm32f0xx_hal_msp.c ****     */
 136:Src/stm32f0xx_hal_msp.c ****     HAL_GPIO_DeInit(GPIOB, GPIO_PIN_6|GPIO_PIN_7);
 137:Src/stm32f0xx_hal_msp.c **** 
 138:Src/stm32f0xx_hal_msp.c ****   /* USER CODE BEGIN I2C1_MspDeInit 1 */
 139:Src/stm32f0xx_hal_msp.c **** 
 140:Src/stm32f0xx_hal_msp.c ****   /* USER CODE END I2C1_MspDeInit 1 */
 141:Src/stm32f0xx_hal_msp.c ****   }
 142:Src/stm32f0xx_hal_msp.c **** 
 143:Src/stm32f0xx_hal_msp.c **** }
 231              		.loc 1 143 1 view .LVU53
 232              		@ sp needed
 233 000a 10BD     		pop	{r4, pc}
 234              	.LVL9:
 235              	.L11:
 130:Src/stm32f0xx_hal_msp.c ****   
 236              		.loc 1 130 5 is_stmt 1 view .LVU54
ARM GAS  /tmp/cce7VX0v.s 			page 8


 237 000c 054A     		ldr	r2, .L12+4
 238 000e D369     		ldr	r3, [r2, #28]
 239 0010 0549     		ldr	r1, .L12+8
 240 0012 0B40     		ands	r3, r1
 241 0014 D361     		str	r3, [r2, #28]
 136:Src/stm32f0xx_hal_msp.c **** 
 242              		.loc 1 136 5 view .LVU55
 243 0016 C021     		movs	r1, #192
 244 0018 0448     		ldr	r0, .L12+12
 245              	.LVL10:
 136:Src/stm32f0xx_hal_msp.c **** 
 246              		.loc 1 136 5 is_stmt 0 view .LVU56
 247 001a FFF7FEFF 		bl	HAL_GPIO_DeInit
 248              	.LVL11:
 249              		.loc 1 143 1 view .LVU57
 250 001e F4E7     		b	.L9
 251              	.L13:
 252              		.align	2
 253              	.L12:
 254 0020 00540040 		.word	1073763328
 255 0024 00100240 		.word	1073876992
 256 0028 FFFFDFFF 		.word	-2097153
 257 002c 00040048 		.word	1207960576
 258              		.cfi_endproc
 259              	.LFE42:
 261              		.text
 262              	.Letext0:
 263              		.file 2 "/usr/arm-none-eabi/include/machine/_default_types.h"
 264              		.file 3 "/usr/arm-none-eabi/include/sys/_stdint.h"
 265              		.file 4 "Drivers/CMSIS/Device/ST/STM32F0xx/Include/system_stm32f0xx.h"
 266              		.file 5 "Drivers/CMSIS/Device/ST/STM32F0xx/Include/stm32f072xb.h"
 267              		.file 6 "Drivers/STM32F0xx_HAL_Driver/Inc/stm32f0xx_hal_def.h"
 268              		.file 7 "Drivers/STM32F0xx_HAL_Driver/Inc/stm32f0xx_hal_gpio.h"
 269              		.file 8 "Drivers/STM32F0xx_HAL_Driver/Inc/stm32f0xx_hal_dma.h"
 270              		.file 9 "Drivers/STM32F0xx_HAL_Driver/Inc/stm32f0xx_hal_i2c.h"
 271              		.file 10 "Drivers/STM32F0xx_HAL_Driver/Inc/stm32f0xx_hal.h"
 272              		.file 11 "<built-in>"
ARM GAS  /tmp/cce7VX0v.s 			page 9


DEFINED SYMBOLS
                            *ABS*:0000000000000000 stm32f0xx_hal_msp.c
     /tmp/cce7VX0v.s:16     .text.HAL_MspInit:0000000000000000 $t
     /tmp/cce7VX0v.s:24     .text.HAL_MspInit:0000000000000000 HAL_MspInit
     /tmp/cce7VX0v.s:76     .text.HAL_MspInit:000000000000002c $d
     /tmp/cce7VX0v.s:81     .text.HAL_I2C_MspInit:0000000000000000 $t
     /tmp/cce7VX0v.s:88     .text.HAL_I2C_MspInit:0000000000000000 HAL_I2C_MspInit
     /tmp/cce7VX0v.s:195    .text.HAL_I2C_MspInit:0000000000000060 $d
     /tmp/cce7VX0v.s:202    .text.HAL_I2C_MspDeInit:0000000000000000 $t
     /tmp/cce7VX0v.s:209    .text.HAL_I2C_MspDeInit:0000000000000000 HAL_I2C_MspDeInit
     /tmp/cce7VX0v.s:254    .text.HAL_I2C_MspDeInit:0000000000000020 $d

UNDEFINED SYMBOLS
memset
HAL_GPIO_Init
HAL_GPIO_DeInit
